[2026-04-28T06:19:05.192+0000] {local_task_job_runner.py:120} INFO - ::group::Pre task execution logs
[2026-04-28T06:19:05.212+0000] {taskinstance.py:2076} INFO - Dependencies all met for dep_context=non-requeueable deps ti=<TaskInstance: etl_geospatial_surabaya.transform_to_geojson_and_shp manual__2026-04-28T06:18:59.886692+00:00 [queued]>
[2026-04-28T06:19:05.219+0000] {taskinstance.py:2076} INFO - Dependencies all met for dep_context=requeueable deps ti=<TaskInstance: etl_geospatial_surabaya.transform_to_geojson_and_shp manual__2026-04-28T06:18:59.886692+00:00 [queued]>
[2026-04-28T06:19:05.220+0000] {taskinstance.py:2306} INFO - Starting attempt 1 of 2
[2026-04-28T06:19:05.231+0000] {taskinstance.py:2330} INFO - Executing <Task(PythonOperator): transform_to_geojson_and_shp> on 2026-04-28 06:18:59.886692+00:00
[2026-04-28T06:19:05.238+0000] {standard_task_runner.py:90} INFO - Running: ['***', 'tasks', 'run', 'etl_geospatial_surabaya', 'transform_to_geojson_and_shp', 'manual__2026-04-28T06:18:59.886692+00:00', '--job-id', '36', '--raw', '--subdir', 'DAGS_FOLDER/dag_geospatial.py', '--cfg-path', '/tmp/tmpkl33a5i_']
[2026-04-28T06:19:05.240+0000] {logging_mixin.py:188} WARNING - /home/***/.local/lib/python3.12/site-packages/***/task/task_runner/standard_task_runner.py:61 DeprecationWarning: This process (pid=384) is multi-threaded, use of fork() may lead to deadlocks in the child.
[2026-04-28T06:19:05.242+0000] {standard_task_runner.py:91} INFO - Job 36: Subtask transform_to_geojson_and_shp
[2026-04-28T06:19:05.243+0000] {standard_task_runner.py:63} INFO - Started process 386 to run task
[2026-04-28T06:19:05.317+0000] {task_command.py:426} INFO - Running <TaskInstance: etl_geospatial_surabaya.transform_to_geojson_and_shp manual__2026-04-28T06:18:59.886692+00:00 [running]> on host 04581377e25d
[2026-04-28T06:19:05.384+0000] {taskinstance.py:2648} INFO - Exporting env vars: AIRFLOW_CTX_DAG_OWNER='dimas' AIRFLOW_CTX_DAG_ID='etl_geospatial_surabaya' AIRFLOW_CTX_TASK_ID='transform_to_geojson_and_shp' AIRFLOW_CTX_EXECUTION_DATE='2026-04-28T06:18:59.886692+00:00' AIRFLOW_CTX_TRY_NUMBER='1' AIRFLOW_CTX_DAG_RUN_ID='manual__2026-04-28T06:18:59.886692+00:00'
[2026-04-28T06:19:05.386+0000] {taskinstance.py:430} INFO - ::endgroup::
[2026-04-28T06:19:05.490+0000] {raw.py:733} INFO - Created 76 records
[2026-04-28T06:19:05.718+0000] {raw.py:733} INFO - Created 76 records
[2026-04-28T06:19:05.739+0000] {logging_mixin.py:188} INFO - Transformasi selesai! File disimpan di folder dags.
[2026-04-28T06:19:05.741+0000] {python.py:237} INFO - Done. Returned value was: None
[2026-04-28T06:19:05.742+0000] {taskinstance.py:441} INFO - ::group::Post task execution logs
[2026-04-28T06:19:05.753+0000] {taskinstance.py:1206} INFO - Marking task as SUCCESS. dag_id=etl_geospatial_surabaya, task_id=transform_to_geojson_and_shp, run_id=manual__2026-04-28T06:18:59.886692+00:00, execution_date=20260428T061859, start_date=20260428T061905, end_date=20260428T061905
[2026-04-28T06:19:05.782+0000] {local_task_job_runner.py:240} INFO - Task exited with return code 0
[2026-04-28T06:19:05.803+0000] {taskinstance.py:3503} INFO - 1 downstream tasks scheduled from follow-on schedule check
[2026-04-28T06:19:05.805+0000] {local_task_job_runner.py:222} INFO - ::endgroup::
