[2026-04-20T14:48:27.836+0000] {local_task_job_runner.py:120} INFO - ::group::Pre task execution logs
[2026-04-20T14:48:27.867+0000] {taskinstance.py:2076} INFO - Dependencies all met for dep_context=non-requeueable deps ti=<TaskInstance: dag_pertama_v03.bash_halo_task_2 manual__2026-04-20T14:48:25.937539+00:00 [queued]>
[2026-04-20T14:48:27.875+0000] {taskinstance.py:2076} INFO - Dependencies all met for dep_context=requeueable deps ti=<TaskInstance: dag_pertama_v03.bash_halo_task_2 manual__2026-04-20T14:48:25.937539+00:00 [queued]>
[2026-04-20T14:48:27.876+0000] {taskinstance.py:2306} INFO - Starting attempt 1 of 2
[2026-04-20T14:48:27.888+0000] {taskinstance.py:2330} INFO - Executing <Task(BashOperator): bash_halo_task_2> on 2026-04-20 14:48:25.937539+00:00
[2026-04-20T14:48:27.895+0000] {standard_task_runner.py:90} INFO - Running: ['***', 'tasks', 'run', 'dag_pertama_v03', 'bash_halo_task_2', 'manual__2026-04-20T14:48:25.937539+00:00', '--job-id', '13', '--raw', '--subdir', 'DAGS_FOLDER/dag_pertamaku.py', '--cfg-path', '/tmp/tmp4ky09yi6']
[2026-04-20T14:48:27.897+0000] {logging_mixin.py:188} WARNING - /home/***/.local/lib/python3.12/site-packages/***/task/task_runner/standard_task_runner.py:61 DeprecationWarning: This process (pid=286) is multi-threaded, use of fork() may lead to deadlocks in the child.
[2026-04-20T14:48:27.898+0000] {standard_task_runner.py:91} INFO - Job 13: Subtask bash_halo_task_2
[2026-04-20T14:48:27.899+0000] {standard_task_runner.py:63} INFO - Started process 287 to run task
[2026-04-20T14:48:27.980+0000] {task_command.py:426} INFO - Running <TaskInstance: dag_pertama_v03.bash_halo_task_2 manual__2026-04-20T14:48:25.937539+00:00 [running]> on host 059fc976bbed
[2026-04-20T14:48:28.054+0000] {taskinstance.py:2648} INFO - Exporting env vars: AIRFLOW_CTX_DAG_OWNER='***' AIRFLOW_CTX_DAG_ID='dag_pertama_v03' AIRFLOW_CTX_TASK_ID='bash_halo_task_2' AIRFLOW_CTX_EXECUTION_DATE='2026-04-20T14:48:25.937539+00:00' AIRFLOW_CTX_TRY_NUMBER='1' AIRFLOW_CTX_DAG_RUN_ID='manual__2026-04-20T14:48:25.937539+00:00'
[2026-04-20T14:48:28.056+0000] {taskinstance.py:430} INFO - ::endgroup::
[2026-04-20T14:48:28.066+0000] {subprocess.py:63} INFO - Tmp dir root location: /tmp
[2026-04-20T14:48:28.068+0000] {subprocess.py:75} INFO - Running command: ['/usr/bin/bash', '-c', 'echo "halo dari bash operator 2"']
[2026-04-20T14:48:28.075+0000] {subprocess.py:86} INFO - Output:
[2026-04-20T14:48:28.077+0000] {subprocess.py:93} INFO - halo dari bash operator 2
[2026-04-20T14:48:28.078+0000] {subprocess.py:97} INFO - Command exited with return code 0
[2026-04-20T14:48:28.079+0000] {taskinstance.py:441} INFO - ::group::Post task execution logs
[2026-04-20T14:48:28.099+0000] {taskinstance.py:1206} INFO - Marking task as SUCCESS. dag_id=dag_pertama_v03, task_id=bash_halo_task_2, run_id=manual__2026-04-20T14:48:25.937539+00:00, execution_date=20260420T144825, start_date=20260420T144827, end_date=20260420T144828
[2026-04-20T14:48:28.154+0000] {local_task_job_runner.py:240} INFO - Task exited with return code 0
[2026-04-20T14:48:28.170+0000] {taskinstance.py:3503} INFO - 0 downstream tasks scheduled from follow-on schedule check
[2026-04-20T14:48:28.172+0000] {local_task_job_runner.py:222} INFO - ::endgroup::
