[2026-04-20T15:53:49.608+0000] {local_task_job_runner.py:120} INFO - ::group::Pre task execution logs
[2026-04-20T15:53:49.649+0000] {taskinstance.py:2076} INFO - Dependencies all met for dep_context=non-requeueable deps ti=<TaskInstance: dag_branching.pilih_cabang scheduled__2026-04-19T00:00:00+00:00 [queued]>
[2026-04-20T15:53:49.656+0000] {taskinstance.py:2076} INFO - Dependencies all met for dep_context=requeueable deps ti=<TaskInstance: dag_branching.pilih_cabang scheduled__2026-04-19T00:00:00+00:00 [queued]>
[2026-04-20T15:53:49.657+0000] {taskinstance.py:2306} INFO - Starting attempt 1 of 1
[2026-04-20T15:53:49.671+0000] {taskinstance.py:2330} INFO - Executing <Task(BranchPythonOperator): pilih_cabang> on 2026-04-19 00:00:00+00:00
[2026-04-20T15:53:49.678+0000] {standard_task_runner.py:90} INFO - Running: ['***', 'tasks', 'run', 'dag_branching', 'pilih_cabang', 'scheduled__2026-04-19T00:00:00+00:00', '--job-id', '9', '--raw', '--subdir', 'DAGS_FOLDER/dag_branch.py', '--cfg-path', '/tmp/tmpd8fvrket']
[2026-04-20T15:53:49.680+0000] {logging_mixin.py:188} WARNING - /home/***/.local/lib/python3.12/site-packages/***/task/task_runner/standard_task_runner.py:61 DeprecationWarning: This process (pid=2039) is multi-threaded, use of fork() may lead to deadlocks in the child.
[2026-04-20T15:53:49.681+0000] {standard_task_runner.py:91} INFO - Job 9: Subtask pilih_cabang
[2026-04-20T15:53:49.682+0000] {standard_task_runner.py:63} INFO - Started process 2042 to run task
[2026-04-20T15:53:49.764+0000] {task_command.py:426} INFO - Running <TaskInstance: dag_branching.pilih_cabang scheduled__2026-04-19T00:00:00+00:00 [running]> on host 275edd667a3c
[2026-04-20T15:53:49.844+0000] {taskinstance.py:2648} INFO - Exporting env vars: AIRFLOW_CTX_DAG_OWNER='***' AIRFLOW_CTX_DAG_ID='dag_branching' AIRFLOW_CTX_TASK_ID='pilih_cabang' AIRFLOW_CTX_EXECUTION_DATE='2026-04-19T00:00:00+00:00' AIRFLOW_CTX_TRY_NUMBER='1' AIRFLOW_CTX_DAG_RUN_ID='scheduled__2026-04-19T00:00:00+00:00'
[2026-04-20T15:53:49.845+0000] {taskinstance.py:430} INFO - ::endgroup::
[2026-04-20T15:53:49.856+0000] {baseoperator.py:400} WARNING - BranchPythonOperator.execute cannot be called outside TaskInstance!
[2026-04-20T15:53:49.857+0000] {python.py:237} INFO - Done. Returned value was: task_hari_kerja
[2026-04-20T15:53:49.859+0000] {branch.py:36} INFO - Branch into task_hari_kerja
[2026-04-20T15:53:49.860+0000] {skipmixin.py:178} INFO - Following branch task_hari_kerja
[2026-04-20T15:53:49.875+0000] {skipmixin.py:246} INFO - Skipping tasks [('task_weekend', -1)]
[2026-04-20T15:53:49.898+0000] {taskinstance.py:441} INFO - ::group::Post task execution logs
[2026-04-20T15:53:49.920+0000] {taskinstance.py:1206} INFO - Marking task as SUCCESS. dag_id=dag_branching, task_id=pilih_cabang, run_id=scheduled__2026-04-19T00:00:00+00:00, execution_date=20260419T000000, start_date=20260420T155349, end_date=20260420T155349
[2026-04-20T15:53:49.937+0000] {local_task_job_runner.py:240} INFO - Task exited with return code 0
[2026-04-20T15:53:49.961+0000] {taskinstance.py:3503} INFO - 1 downstream tasks scheduled from follow-on schedule check
[2026-04-20T15:53:49.965+0000] {local_task_job_runner.py:222} INFO - ::endgroup::
