[2026-04-28T06:04:11.357+0000] {local_task_job_runner.py:120} INFO - ::group::Pre task execution logs
[2026-04-28T06:04:11.502+0000] {taskinstance.py:2076} INFO - Dependencies all met for dep_context=non-requeueable deps ti=<TaskInstance: etl_geospatial_surabaya.extract_from_osm manual__2026-04-28T06:04:09.922738+00:00 [queued]>
[2026-04-28T06:04:11.509+0000] {taskinstance.py:2076} INFO - Dependencies all met for dep_context=requeueable deps ti=<TaskInstance: etl_geospatial_surabaya.extract_from_osm manual__2026-04-28T06:04:09.922738+00:00 [queued]>
[2026-04-28T06:04:11.510+0000] {taskinstance.py:2306} INFO - Starting attempt 1 of 2
[2026-04-28T06:04:11.520+0000] {taskinstance.py:2330} INFO - Executing <Task(PythonOperator): extract_from_osm> on 2026-04-28 06:04:09.922738+00:00
[2026-04-28T06:04:11.527+0000] {standard_task_runner.py:90} INFO - Running: ['***', 'tasks', 'run', 'etl_geospatial_surabaya', 'extract_from_osm', 'manual__2026-04-28T06:04:09.922738+00:00', '--job-id', '22', '--raw', '--subdir', 'DAGS_FOLDER/dag_geospatial.py', '--cfg-path', '/tmp/tmp7dssjo4f']
[2026-04-28T06:04:11.529+0000] {logging_mixin.py:188} WARNING - /home/***/.local/lib/python3.12/site-packages/***/task/task_runner/standard_task_runner.py:61 DeprecationWarning: This process (pid=1125) is multi-threaded, use of fork() may lead to deadlocks in the child.
[2026-04-28T06:04:11.530+0000] {standard_task_runner.py:91} INFO - Job 22: Subtask extract_from_osm
[2026-04-28T06:04:11.530+0000] {standard_task_runner.py:63} INFO - Started process 1127 to run task
[2026-04-28T06:04:11.588+0000] {task_command.py:426} INFO - Running <TaskInstance: etl_geospatial_surabaya.extract_from_osm manual__2026-04-28T06:04:09.922738+00:00 [running]> on host 48bad9001baf
[2026-04-28T06:04:11.644+0000] {taskinstance.py:2648} INFO - Exporting env vars: AIRFLOW_CTX_DAG_OWNER='dimas' AIRFLOW_CTX_DAG_ID='etl_geospatial_surabaya' AIRFLOW_CTX_TASK_ID='extract_from_osm' AIRFLOW_CTX_EXECUTION_DATE='2026-04-28T06:04:09.922738+00:00' AIRFLOW_CTX_TRY_NUMBER='1' AIRFLOW_CTX_DAG_RUN_ID='manual__2026-04-28T06:04:09.922738+00:00'
[2026-04-28T06:04:11.645+0000] {taskinstance.py:430} INFO - ::endgroup::
[2026-04-28T06:04:11.653+0000] {logging_mixin.py:188} INFO - Sedang mengambil data dari OpenStreetMap...
[2026-04-28T06:04:13.686+0000] {logging_mixin.py:188} INFO - Berhasil! Tersimpan di: /opt/***/dags/modules/../raw_health_facilities.json
[2026-04-28T06:04:13.687+0000] {python.py:237} INFO - Done. Returned value was: True
[2026-04-28T06:04:13.689+0000] {taskinstance.py:441} INFO - ::group::Post task execution logs
[2026-04-28T06:04:13.724+0000] {taskinstance.py:1206} INFO - Marking task as SUCCESS. dag_id=etl_geospatial_surabaya, task_id=extract_from_osm, run_id=manual__2026-04-28T06:04:09.922738+00:00, execution_date=20260428T060409, start_date=20260428T060411, end_date=20260428T060413
[2026-04-28T06:04:13.768+0000] {local_task_job_runner.py:240} INFO - Task exited with return code 0
[2026-04-28T06:04:13.803+0000] {taskinstance.py:3503} INFO - 1 downstream tasks scheduled from follow-on schedule check
[2026-04-28T06:04:13.808+0000] {local_task_job_runner.py:222} INFO - ::endgroup::
