[2026-04-20T15:27:43.210+0000] {local_task_job_runner.py:120} INFO - ::group::Pre task execution logs
[2026-04-20T15:27:43.254+0000] {taskinstance.py:2076} INFO - Dependencies all met for dep_context=non-requeueable deps ti=<TaskInstance: dag_hook.fetch_users_from_postgres manual__2026-04-20T15:27:41.877889+00:00 [queued]>
[2026-04-20T15:27:43.262+0000] {taskinstance.py:2076} INFO - Dependencies all met for dep_context=requeueable deps ti=<TaskInstance: dag_hook.fetch_users_from_postgres manual__2026-04-20T15:27:41.877889+00:00 [queued]>
[2026-04-20T15:27:43.263+0000] {taskinstance.py:2306} INFO - Starting attempt 1 of 1
[2026-04-20T15:27:43.275+0000] {taskinstance.py:2330} INFO - Executing <Task(PythonOperator): fetch_users_from_postgres> on 2026-04-20 15:27:41.877889+00:00
[2026-04-20T15:27:43.283+0000] {standard_task_runner.py:90} INFO - Running: ['***', 'tasks', 'run', 'dag_hook', 'fetch_users_from_postgres', 'manual__2026-04-20T15:27:41.877889+00:00', '--job-id', '5', '--raw', '--subdir', 'DAGS_FOLDER/dag_hook.py', '--cfg-path', '/tmp/tmpqqo9h5vx']
[2026-04-20T15:27:43.285+0000] {standard_task_runner.py:91} INFO - Job 5: Subtask fetch_users_from_postgres
[2026-04-20T15:27:43.286+0000] {logging_mixin.py:188} WARNING - /home/***/.local/lib/python3.12/site-packages/***/task/task_runner/standard_task_runner.py:61 DeprecationWarning: This process (pid=783) is multi-threaded, use of fork() may lead to deadlocks in the child.
[2026-04-20T15:27:43.287+0000] {standard_task_runner.py:63} INFO - Started process 789 to run task
[2026-04-20T15:27:43.347+0000] {task_command.py:426} INFO - Running <TaskInstance: dag_hook.fetch_users_from_postgres manual__2026-04-20T15:27:41.877889+00:00 [running]> on host 275edd667a3c
[2026-04-20T15:27:43.411+0000] {taskinstance.py:2648} INFO - Exporting env vars: AIRFLOW_CTX_DAG_OWNER='***' AIRFLOW_CTX_DAG_ID='dag_hook' AIRFLOW_CTX_TASK_ID='fetch_users_from_postgres' AIRFLOW_CTX_EXECUTION_DATE='2026-04-20T15:27:41.877889+00:00' AIRFLOW_CTX_TRY_NUMBER='1' AIRFLOW_CTX_DAG_RUN_ID='manual__2026-04-20T15:27:41.877889+00:00'
[2026-04-20T15:27:43.413+0000] {taskinstance.py:430} INFO - ::endgroup::
[2026-04-20T15:27:43.435+0000] {base.py:84} INFO - Using connection ID 'postgres_con' for task execution.
[2026-04-20T15:27:43.462+0000] {logging_mixin.py:188} INFO - (1, 'Andi Saputra', datetime.date(1990, 3, 15))
[2026-04-20T15:27:43.463+0000] {logging_mixin.py:188} INFO - (2, 'Budi Santoso', datetime.date(1988, 7, 22))
[2026-04-20T15:27:43.464+0000] {logging_mixin.py:188} INFO - (3, 'Citra Lestari', datetime.date(1992, 11, 30))
[2026-04-20T15:27:43.465+0000] {logging_mixin.py:188} INFO - (4, 'Dewi Anggraini', datetime.date(1985, 1, 10))
[2026-04-20T15:27:43.466+0000] {logging_mixin.py:188} INFO - (5, 'Eko Prasetyo', datetime.date(1995, 5, 5))
[2026-04-20T15:27:43.467+0000] {logging_mixin.py:188} INFO - (6, 'Fajar Nugroho', datetime.date(1993, 12, 1))
[2026-04-20T15:27:43.471+0000] {logging_mixin.py:188} INFO - (7, 'Gita Permata', datetime.date(1989, 8, 19))
[2026-04-20T15:27:43.474+0000] {logging_mixin.py:188} INFO - (8, 'Hendra Wijaya', datetime.date(1991, 2, 14))
[2026-04-20T15:27:43.478+0000] {logging_mixin.py:188} INFO - (9, 'Intan Maharani', datetime.date(1994, 6, 25))
[2026-04-20T15:27:43.479+0000] {logging_mixin.py:188} INFO - (10, 'Joko Susilo', datetime.date(1987, 9, 9))
[2026-04-20T15:27:43.480+0000] {logging_mixin.py:188} INFO - (11, 'Andi Saputra', datetime.date(1990, 3, 15))
[2026-04-20T15:27:43.481+0000] {logging_mixin.py:188} INFO - (12, 'Budi Santoso', datetime.date(1988, 7, 22))
[2026-04-20T15:27:43.482+0000] {logging_mixin.py:188} INFO - (13, 'Citra Lestari', datetime.date(1992, 11, 30))
[2026-04-20T15:27:43.483+0000] {logging_mixin.py:188} INFO - (14, 'Dewi Anggraini', datetime.date(1985, 1, 10))
[2026-04-20T15:27:43.484+0000] {logging_mixin.py:188} INFO - (15, 'Eko Prasetyo', datetime.date(1995, 5, 5))
[2026-04-20T15:27:43.485+0000] {logging_mixin.py:188} INFO - (16, 'Fajar Nugroho', datetime.date(1993, 12, 1))
[2026-04-20T15:27:43.485+0000] {logging_mixin.py:188} INFO - (17, 'Gita Permata', datetime.date(1989, 8, 19))
[2026-04-20T15:27:43.487+0000] {logging_mixin.py:188} INFO - (18, 'Hendra Wijaya', datetime.date(1991, 2, 14))
[2026-04-20T15:27:43.488+0000] {logging_mixin.py:188} INFO - (19, 'Intan Maharani', datetime.date(1994, 6, 25))
[2026-04-20T15:27:43.490+0000] {logging_mixin.py:188} INFO - (20, 'Joko Susilo', datetime.date(1987, 9, 9))
[2026-04-20T15:27:43.491+0000] {python.py:237} INFO - Done. Returned value was: None
[2026-04-20T15:27:43.493+0000] {taskinstance.py:441} INFO - ::group::Post task execution logs
[2026-04-20T15:27:43.503+0000] {taskinstance.py:1206} INFO - Marking task as SUCCESS. dag_id=dag_hook, task_id=fetch_users_from_postgres, run_id=manual__2026-04-20T15:27:41.877889+00:00, execution_date=20260420T152741, start_date=20260420T152743, end_date=20260420T152743
[2026-04-20T15:27:43.541+0000] {local_task_job_runner.py:240} INFO - Task exited with return code 0
[2026-04-20T15:27:43.554+0000] {taskinstance.py:3503} INFO - 0 downstream tasks scheduled from follow-on schedule check
[2026-04-20T15:27:43.557+0000] {local_task_job_runner.py:222} INFO - ::endgroup::
