[2026-04-27T20:03:17.962+0000] {local_task_job_runner.py:120} INFO - ::group::Pre task execution logs
[2026-04-27T20:03:18.131+0000] {taskinstance.py:2076} INFO - Dependencies all met for dep_context=non-requeueable deps ti=<TaskInstance: etl_geospatial_surabaya.extract_from_osm scheduled__2026-04-26T00:00:00+00:00 [queued]>
[2026-04-27T20:03:18.137+0000] {taskinstance.py:2076} INFO - Dependencies all met for dep_context=requeueable deps ti=<TaskInstance: etl_geospatial_surabaya.extract_from_osm scheduled__2026-04-26T00:00:00+00:00 [queued]>
[2026-04-27T20:03:18.138+0000] {taskinstance.py:2306} INFO - Starting attempt 2 of 2
[2026-04-27T20:03:18.149+0000] {taskinstance.py:2330} INFO - Executing <Task(PythonOperator): extract_from_osm> on 2026-04-26 00:00:00+00:00
[2026-04-27T20:03:18.156+0000] {standard_task_runner.py:90} INFO - Running: ['***', 'tasks', 'run', 'etl_geospatial_surabaya', 'extract_from_osm', 'scheduled__2026-04-26T00:00:00+00:00', '--job-id', '12', '--raw', '--subdir', 'DAGS_FOLDER/dag_geospatial.py', '--cfg-path', '/tmp/tmpc9rh4ulk']
[2026-04-27T20:03:18.159+0000] {standard_task_runner.py:91} INFO - Job 12: Subtask extract_from_osm
[2026-04-27T20:03:18.158+0000] {logging_mixin.py:188} WARNING - /home/***/.local/lib/python3.12/site-packages/***/task/task_runner/standard_task_runner.py:61 DeprecationWarning: This process (pid=564) is multi-threaded, use of fork() may lead to deadlocks in the child.
[2026-04-27T20:03:18.160+0000] {standard_task_runner.py:63} INFO - Started process 568 to run task
[2026-04-27T20:03:18.227+0000] {task_command.py:426} INFO - Running <TaskInstance: etl_geospatial_surabaya.extract_from_osm scheduled__2026-04-26T00:00:00+00:00 [running]> on host fbcafea475fc
[2026-04-27T20:03:18.294+0000] {taskinstance.py:2648} INFO - Exporting env vars: AIRFLOW_CTX_DAG_OWNER='dimas' AIRFLOW_CTX_DAG_ID='etl_geospatial_surabaya' AIRFLOW_CTX_TASK_ID='extract_from_osm' AIRFLOW_CTX_EXECUTION_DATE='2026-04-26T00:00:00+00:00' AIRFLOW_CTX_TRY_NUMBER='2' AIRFLOW_CTX_DAG_RUN_ID='scheduled__2026-04-26T00:00:00+00:00'
[2026-04-27T20:03:18.298+0000] {taskinstance.py:430} INFO - ::endgroup::
[2026-04-27T20:03:18.306+0000] {logging_mixin.py:188} INFO - Sedang mengambil data dari OpenStreetMap...
[2026-04-27T20:03:19.159+0000] {taskinstance.py:441} INFO - ::group::Post task execution logs
[2026-04-27T20:03:19.160+0000] {taskinstance.py:2905} ERROR - Task failed with exception
Traceback (most recent call last):
  File "/home/airflow/.local/lib/python3.12/site-packages/airflow/models/taskinstance.py", line 465, in _execute_task
    result = _execute_callable(context=context, **execute_callable_kwargs)
             ^^^^^^^^^^^^^^^^^^^^^^^^^^^^^^^^^^^^^^^^^^^^^^^^^^^^^^^^^^^^^
  File "/home/airflow/.local/lib/python3.12/site-packages/airflow/models/taskinstance.py", line 432, in _execute_callable
    return execute_callable(context=context, **execute_callable_kwargs)
           ^^^^^^^^^^^^^^^^^^^^^^^^^^^^^^^^^^^^^^^^^^^^^^^^^^^^^^^^^^^^
  File "/home/airflow/.local/lib/python3.12/site-packages/airflow/models/baseoperator.py", line 401, in wrapper
    return func(self, *args, **kwargs)
           ^^^^^^^^^^^^^^^^^^^^^^^^^^^
  File "/home/airflow/.local/lib/python3.12/site-packages/airflow/operators/python.py", line 235, in execute
    return_value = self.execute_callable()
                   ^^^^^^^^^^^^^^^^^^^^^^^
  File "/home/airflow/.local/lib/python3.12/site-packages/airflow/operators/python.py", line 252, in execute_callable
    return self.python_callable(*self.op_args, **self.op_kwargs)
           ^^^^^^^^^^^^^^^^^^^^^^^^^^^^^^^^^^^^^^^^^^^^^^^^^^^^^
  File "/opt/airflow/dags/modules/extract_osm.py", line 36, in fetch_osm_data
    with open(file_path, 'w') as f:
         ^^^^^^^^^^^^^^^^^^^^
FileNotFoundError: [Errno 2] No such file or directory: 'airflow/dags/raw_health_facilities.json'
[2026-04-27T20:03:19.175+0000] {taskinstance.py:1206} INFO - Marking task as FAILED. dag_id=etl_geospatial_surabaya, task_id=extract_from_osm, run_id=scheduled__2026-04-26T00:00:00+00:00, execution_date=20260426T000000, start_date=20260427T200318, end_date=20260427T200319
[2026-04-27T20:03:19.184+0000] {standard_task_runner.py:110} ERROR - Failed to execute job 12 for task extract_from_osm ([Errno 2] No such file or directory: 'airflow/dags/raw_health_facilities.json'; 568)
[2026-04-27T20:03:19.204+0000] {local_task_job_runner.py:240} INFO - Task exited with return code 1
[2026-04-27T20:03:19.219+0000] {taskinstance.py:3503} INFO - 0 downstream tasks scheduled from follow-on schedule check
[2026-04-27T20:03:19.223+0000] {local_task_job_runner.py:222} INFO - ::endgroup::
