[2026-04-20T15:17:46.413+0000] {local_task_job_runner.py:120} INFO - ::group::Pre task execution logs
[2026-04-20T15:17:46.459+0000] {taskinstance.py:2076} INFO - Dependencies all met for dep_context=non-requeueable deps ti=<TaskInstance: dag_sensor.tunggu_file_init manual__2026-04-20T15:17:44.636957+00:00 [queued]>
[2026-04-20T15:17:46.467+0000] {taskinstance.py:2076} INFO - Dependencies all met for dep_context=requeueable deps ti=<TaskInstance: dag_sensor.tunggu_file_init manual__2026-04-20T15:17:44.636957+00:00 [queued]>
[2026-04-20T15:17:46.468+0000] {taskinstance.py:2306} INFO - Starting attempt 1 of 2
[2026-04-20T15:17:46.481+0000] {taskinstance.py:2330} INFO - Executing <Task(FileSensor): tunggu_file_init> on 2026-04-20 15:17:44.636957+00:00
[2026-04-20T15:17:46.491+0000] {standard_task_runner.py:90} INFO - Running: ['***', 'tasks', 'run', 'dag_sensor', 'tunggu_file_init', 'manual__2026-04-20T15:17:44.636957+00:00', '--job-id', '3', '--raw', '--subdir', 'DAGS_FOLDER/dag_sensor.py', '--cfg-path', '/tmp/tmp2qthfias']
[2026-04-20T15:17:46.494+0000] {logging_mixin.py:188} WARNING - /home/***/.local/lib/python3.12/site-packages/***/task/task_runner/standard_task_runner.py:61 DeprecationWarning: This process (pid=479) is multi-threaded, use of fork() may lead to deadlocks in the child.
[2026-04-20T15:17:46.494+0000] {standard_task_runner.py:91} INFO - Job 3: Subtask tunggu_file_init
[2026-04-20T15:17:46.495+0000] {standard_task_runner.py:63} INFO - Started process 483 to run task
[2026-04-20T15:17:46.564+0000] {task_command.py:426} INFO - Running <TaskInstance: dag_sensor.tunggu_file_init manual__2026-04-20T15:17:44.636957+00:00 [running]> on host 275edd667a3c
[2026-04-20T15:17:46.636+0000] {taskinstance.py:2648} INFO - Exporting env vars: AIRFLOW_CTX_DAG_OWNER='***' AIRFLOW_CTX_DAG_ID='dag_sensor' AIRFLOW_CTX_TASK_ID='tunggu_file_init' AIRFLOW_CTX_EXECUTION_DATE='2026-04-20T15:17:44.636957+00:00' AIRFLOW_CTX_TRY_NUMBER='1' AIRFLOW_CTX_DAG_RUN_ID='manual__2026-04-20T15:17:44.636957+00:00'
[2026-04-20T15:17:46.637+0000] {taskinstance.py:430} INFO - ::endgroup::
[2026-04-20T15:17:46.660+0000] {baseoperator.py:400} WARNING - FileSensor.execute cannot be called outside TaskInstance!
[2026-04-20T15:17:46.671+0000] {base.py:84} INFO - Using connection ID 'fs_default' for task execution.
[2026-04-20T15:17:46.672+0000] {filesystem.py:85} INFO - Poking for file dags/files/init.sql
[2026-04-20T15:17:56.678+0000] {filesystem.py:85} INFO - Poking for file dags/files/init.sql
[2026-04-20T15:18:06.688+0000] {filesystem.py:85} INFO - Poking for file dags/files/init.sql
[2026-04-20T15:18:17.480+0000] {filesystem.py:85} INFO - Poking for file dags/files/init.sql
[2026-04-20T15:18:27.485+0000] {filesystem.py:85} INFO - Poking for file dags/files/init.sql
[2026-04-20T15:18:37.489+0000] {filesystem.py:85} INFO - Poking for file dags/files/init.sql
[2026-04-20T15:18:48.288+0000] {filesystem.py:85} INFO - Poking for file dags/files/init.sql
[2026-04-20T15:18:58.294+0000] {filesystem.py:85} INFO - Poking for file dags/files/init.sql
[2026-04-20T15:18:58.302+0000] {filesystem.py:89} INFO - Found File dags/files/init.sql last modified: 20260420151840
[2026-04-20T15:18:58.303+0000] {base.py:294} INFO - Success criteria met. Exiting.
[2026-04-20T15:18:58.304+0000] {filesystem.py:85} INFO - Poking for file dags/files/init.sql
[2026-04-20T15:18:58.309+0000] {filesystem.py:89} INFO - Found File dags/files/init.sql last modified: 20260420151840
[2026-04-20T15:18:58.309+0000] {taskinstance.py:441} INFO - ::group::Post task execution logs
[2026-04-20T15:18:58.320+0000] {taskinstance.py:1206} INFO - Marking task as SUCCESS. dag_id=dag_sensor, task_id=tunggu_file_init, run_id=manual__2026-04-20T15:17:44.636957+00:00, execution_date=20260420T151744, start_date=20260420T151746, end_date=20260420T151858
[2026-04-20T15:18:58.379+0000] {local_task_job_runner.py:240} INFO - Task exited with return code 0
[2026-04-20T15:18:58.392+0000] {logging_mixin.py:188} WARNING - /home/***/.local/lib/python3.12/site-packages/***/models/baseoperator.py:1297 AirflowProviderDeprecationWarning: Call to deprecated class PostgresOperator. (Please use `***.providers.common.sql.operators.sql.SQLExecuteQueryOperator`.Also, you can provide `hook_params={'schema': <database>}`.)
[2026-04-20T15:18:58.422+0000] {taskinstance.py:3503} INFO - 1 downstream tasks scheduled from follow-on schedule check
[2026-04-20T15:18:58.428+0000] {local_task_job_runner.py:222} INFO - ::endgroup::
