[2026-04-27T17:30:20.097+0000] {local_task_job_runner.py:120} INFO - ::group::Pre task execution logs
[2026-04-27T17:30:20.125+0000] {taskinstance.py:2076} INFO - Dependencies all met for dep_context=non-requeueable deps ti=<TaskInstance: dag_project_de_etl.create_table manual__2026-04-27T17:30:15.785044+00:00 [queued]>
[2026-04-27T17:30:20.133+0000] {taskinstance.py:2076} INFO - Dependencies all met for dep_context=requeueable deps ti=<TaskInstance: dag_project_de_etl.create_table manual__2026-04-27T17:30:15.785044+00:00 [queued]>
[2026-04-27T17:30:20.134+0000] {taskinstance.py:2306} INFO - Starting attempt 1 of 1
[2026-04-27T17:30:20.145+0000] {taskinstance.py:2330} INFO - Executing <Task(PostgresOperator): create_table> on 2026-04-27 17:30:15.785044+00:00
[2026-04-27T17:30:20.152+0000] {standard_task_runner.py:90} INFO - Running: ['***', 'tasks', 'run', 'dag_project_de_etl', 'create_table', 'manual__2026-04-27T17:30:15.785044+00:00', '--job-id', '14', '--raw', '--subdir', 'DAGS_FOLDER/dag_etl.py', '--cfg-path', '/tmp/tmp6by5nlv_']
[2026-04-27T17:30:20.154+0000] {logging_mixin.py:188} WARNING - /home/***/.local/lib/python3.12/site-packages/***/task/task_runner/standard_task_runner.py:61 DeprecationWarning: This process (pid=339) is multi-threaded, use of fork() may lead to deadlocks in the child.
[2026-04-27T17:30:20.155+0000] {standard_task_runner.py:91} INFO - Job 14: Subtask create_table
[2026-04-27T17:30:20.156+0000] {standard_task_runner.py:63} INFO - Started process 340 to run task
[2026-04-27T17:30:20.244+0000] {task_command.py:426} INFO - Running <TaskInstance: dag_project_de_etl.create_table manual__2026-04-27T17:30:15.785044+00:00 [running]> on host d54136ac257b
[2026-04-27T17:30:20.359+0000] {taskinstance.py:2648} INFO - Exporting env vars: AIRFLOW_CTX_DAG_OWNER='dimas' AIRFLOW_CTX_DAG_ID='dag_project_de_etl' AIRFLOW_CTX_TASK_ID='create_table' AIRFLOW_CTX_EXECUTION_DATE='2026-04-27T17:30:15.785044+00:00' AIRFLOW_CTX_TRY_NUMBER='1' AIRFLOW_CTX_DAG_RUN_ID='manual__2026-04-27T17:30:15.785044+00:00'
[2026-04-27T17:30:20.361+0000] {taskinstance.py:430} INFO - ::endgroup::
[2026-04-27T17:30:20.378+0000] {sql.py:276} INFO - Executing: create table if not exists books (
    id serial,
    title text not null,
    author_name text,
    first_publish_year text
);
[2026-04-27T17:30:20.387+0000] {base.py:84} INFO - Using connection ID 'books_connection' for task execution.
[2026-04-27T17:30:20.394+0000] {base.py:84} INFO - Using connection ID 'books_connection' for task execution.
[2026-04-27T17:30:20.411+0000] {sql.py:487} INFO - Running statement: create table if not exists books (
    id serial,
    title text not null,
    author_name text,
    first_publish_year text
);, parameters: None
[2026-04-27T17:30:20.419+0000] {taskinstance.py:441} INFO - ::group::Post task execution logs
[2026-04-27T17:30:20.426+0000] {taskinstance.py:1206} INFO - Marking task as SUCCESS. dag_id=dag_project_de_etl, task_id=create_table, run_id=manual__2026-04-27T17:30:15.785044+00:00, execution_date=20260427T173015, start_date=20260427T173020, end_date=20260427T173020
[2026-04-27T17:30:20.458+0000] {local_task_job_runner.py:240} INFO - Task exited with return code 0
[2026-04-27T17:30:20.478+0000] {logging_mixin.py:188} WARNING - /home/***/.local/lib/python3.12/site-packages/***/models/baseoperator.py:1297 AirflowProviderDeprecationWarning: Call to deprecated class PostgresOperator. (Please use `***.providers.common.sql.operators.sql.SQLExecuteQueryOperator`.Also, you can provide `hook_params={'schema': <database>}`.)
[2026-04-27T17:30:20.489+0000] {taskinstance.py:3503} INFO - 1 downstream tasks scheduled from follow-on schedule check
[2026-04-27T17:30:20.492+0000] {local_task_job_runner.py:222} INFO - ::endgroup::
