[2026-04-20T15:53:49.608+0000] {local_task_job_runner.py:120} INFO - ::group::Pre task execution logs
[2026-04-20T15:53:49.649+0000] {taskinstance.py:2076} INFO - Dependencies all met for dep_context=non-requeueable deps ti=<TaskInstance: dag_branching.pilih_cabang manual__2026-04-20T15:53:48.668885+00:00 [queued]>
[2026-04-20T15:53:49.656+0000] {taskinstance.py:2076} INFO - Dependencies all met for dep_context=requeueable deps ti=<TaskInstance: dag_branching.pilih_cabang manual__2026-04-20T15:53:48.668885+00:00 [queued]>
[2026-04-20T15:53:49.657+0000] {taskinstance.py:2306} INFO - Starting attempt 1 of 1
[2026-04-20T15:53:49.668+0000] {taskinstance.py:2330} INFO - Executing <Task(BranchPythonOperator): pilih_cabang> on 2026-04-20 15:53:48.668885+00:00
[2026-04-20T15:53:49.674+0000] {standard_task_runner.py:90} INFO - Running: ['***', 'tasks', 'run', 'dag_branching', 'pilih_cabang', 'manual__2026-04-20T15:53:48.668885+00:00', '--job-id', '8', '--raw', '--subdir', 'DAGS_FOLDER/dag_branch.py', '--cfg-path', '/tmp/tmpg9febzd5']
[2026-04-20T15:53:49.677+0000] {logging_mixin.py:188} WARNING - /home/***/.local/lib/python3.12/site-packages/***/task/task_runner/standard_task_runner.py:61 DeprecationWarning: This process (pid=2040) is multi-threaded, use of fork() may lead to deadlocks in the child.
[2026-04-20T15:53:49.677+0000] {standard_task_runner.py:91} INFO - Job 8: Subtask pilih_cabang
[2026-04-20T15:53:49.678+0000] {standard_task_runner.py:63} INFO - Started process 2041 to run task
[2026-04-20T15:53:49.761+0000] {task_command.py:426} INFO - Running <TaskInstance: dag_branching.pilih_cabang manual__2026-04-20T15:53:48.668885+00:00 [running]> on host 275edd667a3c
[2026-04-20T15:53:49.838+0000] {taskinstance.py:2648} INFO - Exporting env vars: AIRFLOW_CTX_DAG_OWNER='***' AIRFLOW_CTX_DAG_ID='dag_branching' AIRFLOW_CTX_TASK_ID='pilih_cabang' AIRFLOW_CTX_EXECUTION_DATE='2026-04-20T15:53:48.668885+00:00' AIRFLOW_CTX_TRY_NUMBER='1' AIRFLOW_CTX_DAG_RUN_ID='manual__2026-04-20T15:53:48.668885+00:00'
[2026-04-20T15:53:49.839+0000] {taskinstance.py:430} INFO - ::endgroup::
[2026-04-20T15:53:49.856+0000] {baseoperator.py:400} WARNING - BranchPythonOperator.execute cannot be called outside TaskInstance!
[2026-04-20T15:53:49.857+0000] {python.py:237} INFO - Done. Returned value was: task_hari_kerja
[2026-04-20T15:53:49.857+0000] {branch.py:36} INFO - Branch into task_hari_kerja
[2026-04-20T15:53:49.859+0000] {skipmixin.py:178} INFO - Following branch task_hari_kerja
[2026-04-20T15:53:49.875+0000] {skipmixin.py:246} INFO - Skipping tasks [('task_weekend', -1)]
[2026-04-20T15:53:49.897+0000] {taskinstance.py:441} INFO - ::group::Post task execution logs
[2026-04-20T15:53:49.920+0000] {taskinstance.py:1206} INFO - Marking task as SUCCESS. dag_id=dag_branching, task_id=pilih_cabang, run_id=manual__2026-04-20T15:53:48.668885+00:00, execution_date=20260420T155348, start_date=20260420T155349, end_date=20260420T155349
[2026-04-20T15:53:49.974+0000] {local_task_job_runner.py:240} INFO - Task exited with return code 0
[2026-04-20T15:53:49.998+0000] {taskinstance.py:3503} INFO - 1 downstream tasks scheduled from follow-on schedule check
[2026-04-20T15:53:50.000+0000] {local_task_job_runner.py:222} INFO - ::endgroup::
