[2026-04-20T14:46:07.801+0000] {local_task_job_runner.py:120} INFO - ::group::Pre task execution logs
[2026-04-20T14:46:07.831+0000] {taskinstance.py:2076} INFO - Dependencies all met for dep_context=non-requeueable deps ti=<TaskInstance: dag_pertama_v03.bash_halo_task_2 manual__2026-04-20T14:46:04.918154+00:00 [queued]>
[2026-04-20T14:46:07.841+0000] {taskinstance.py:2076} INFO - Dependencies all met for dep_context=requeueable deps ti=<TaskInstance: dag_pertama_v03.bash_halo_task_2 manual__2026-04-20T14:46:04.918154+00:00 [queued]>
[2026-04-20T14:46:07.842+0000] {taskinstance.py:2306} INFO - Starting attempt 1 of 2
[2026-04-20T14:46:07.854+0000] {taskinstance.py:2330} INFO - Executing <Task(BashOperator): bash_halo_task_2> on 2026-04-20 14:46:04.918154+00:00
[2026-04-20T14:46:07.861+0000] {standard_task_runner.py:90} INFO - Running: ['***', 'tasks', 'run', 'dag_pertama_v03', 'bash_halo_task_2', 'manual__2026-04-20T14:46:04.918154+00:00', '--job-id', '8', '--raw', '--subdir', 'DAGS_FOLDER/dag_pertamaku.py', '--cfg-path', '/tmp/tmp07um1t0d']
[2026-04-20T14:46:07.864+0000] {logging_mixin.py:188} WARNING - /home/***/.local/lib/python3.12/site-packages/***/task/task_runner/standard_task_runner.py:61 DeprecationWarning: This process (pid=241) is multi-threaded, use of fork() may lead to deadlocks in the child.
[2026-04-20T14:46:07.865+0000] {standard_task_runner.py:91} INFO - Job 8: Subtask bash_halo_task_2
[2026-04-20T14:46:07.865+0000] {standard_task_runner.py:63} INFO - Started process 242 to run task
[2026-04-20T14:46:07.941+0000] {task_command.py:426} INFO - Running <TaskInstance: dag_pertama_v03.bash_halo_task_2 manual__2026-04-20T14:46:04.918154+00:00 [running]> on host 059fc976bbed
[2026-04-20T14:46:08.027+0000] {taskinstance.py:2648} INFO - Exporting env vars: AIRFLOW_CTX_DAG_OWNER='***' AIRFLOW_CTX_DAG_ID='dag_pertama_v03' AIRFLOW_CTX_TASK_ID='bash_halo_task_2' AIRFLOW_CTX_EXECUTION_DATE='2026-04-20T14:46:04.918154+00:00' AIRFLOW_CTX_TRY_NUMBER='1' AIRFLOW_CTX_DAG_RUN_ID='manual__2026-04-20T14:46:04.918154+00:00'
[2026-04-20T14:46:08.028+0000] {taskinstance.py:430} INFO - ::endgroup::
[2026-04-20T14:46:08.040+0000] {subprocess.py:63} INFO - Tmp dir root location: /tmp
[2026-04-20T14:46:08.042+0000] {subprocess.py:75} INFO - Running command: ['/usr/bin/bash', '-c', 'echo "halo dari bash operator 2"']
[2026-04-20T14:46:08.049+0000] {subprocess.py:86} INFO - Output:
[2026-04-20T14:46:08.052+0000] {subprocess.py:93} INFO - halo dari bash operator 2
[2026-04-20T14:46:08.053+0000] {subprocess.py:97} INFO - Command exited with return code 0
[2026-04-20T14:46:08.054+0000] {taskinstance.py:441} INFO - ::group::Post task execution logs
[2026-04-20T14:46:08.079+0000] {taskinstance.py:1206} INFO - Marking task as SUCCESS. dag_id=dag_pertama_v03, task_id=bash_halo_task_2, run_id=manual__2026-04-20T14:46:04.918154+00:00, execution_date=20260420T144604, start_date=20260420T144607, end_date=20260420T144608
[2026-04-20T14:46:08.120+0000] {local_task_job_runner.py:240} INFO - Task exited with return code 0
[2026-04-20T14:46:08.133+0000] {taskinstance.py:3503} INFO - 0 downstream tasks scheduled from follow-on schedule check
[2026-04-20T14:46:08.136+0000] {local_task_job_runner.py:222} INFO - ::endgroup::
