[2026-04-28T06:04:17.258+0000] {local_task_job_runner.py:120} INFO - ::group::Pre task execution logs
[2026-04-28T06:04:17.384+0000] {taskinstance.py:2076} INFO - Dependencies all met for dep_context=non-requeueable deps ti=<TaskInstance: etl_geospatial_surabaya.load_to_postgis_database manual__2026-04-28T06:04:09.922738+00:00 [queued]>
[2026-04-28T06:04:17.390+0000] {taskinstance.py:2076} INFO - Dependencies all met for dep_context=requeueable deps ti=<TaskInstance: etl_geospatial_surabaya.load_to_postgis_database manual__2026-04-28T06:04:09.922738+00:00 [queued]>
[2026-04-28T06:04:17.391+0000] {taskinstance.py:2306} INFO - Starting attempt 1 of 2
[2026-04-28T06:04:17.401+0000] {taskinstance.py:2330} INFO - Executing <Task(PythonOperator): load_to_postgis_database> on 2026-04-28 06:04:09.922738+00:00
[2026-04-28T06:04:17.407+0000] {standard_task_runner.py:90} INFO - Running: ['***', 'tasks', 'run', 'etl_geospatial_surabaya', 'load_to_postgis_database', 'manual__2026-04-28T06:04:09.922738+00:00', '--job-id', '24', '--raw', '--subdir', 'DAGS_FOLDER/dag_geospatial.py', '--cfg-path', '/tmp/tmpwrqhna1u']
[2026-04-28T06:04:17.409+0000] {logging_mixin.py:188} WARNING - /home/***/.local/lib/python3.12/site-packages/***/task/task_runner/standard_task_runner.py:61 DeprecationWarning: This process (pid=1136) is multi-threaded, use of fork() may lead to deadlocks in the child.
[2026-04-28T06:04:17.410+0000] {standard_task_runner.py:91} INFO - Job 24: Subtask load_to_postgis_database
[2026-04-28T06:04:17.410+0000] {standard_task_runner.py:63} INFO - Started process 1138 to run task
[2026-04-28T06:04:17.479+0000] {task_command.py:426} INFO - Running <TaskInstance: etl_geospatial_surabaya.load_to_postgis_database manual__2026-04-28T06:04:09.922738+00:00 [running]> on host 48bad9001baf
[2026-04-28T06:04:17.537+0000] {taskinstance.py:2648} INFO - Exporting env vars: AIRFLOW_CTX_DAG_OWNER='dimas' AIRFLOW_CTX_DAG_ID='etl_geospatial_surabaya' AIRFLOW_CTX_TASK_ID='load_to_postgis_database' AIRFLOW_CTX_EXECUTION_DATE='2026-04-28T06:04:09.922738+00:00' AIRFLOW_CTX_TRY_NUMBER='1' AIRFLOW_CTX_DAG_RUN_ID='manual__2026-04-28T06:04:09.922738+00:00'
[2026-04-28T06:04:17.539+0000] {taskinstance.py:430} INFO - ::endgroup::
[2026-04-28T06:04:17.553+0000] {logging_mixin.py:188} INFO - Membaca data dari: /opt/***/dags/modules/../health_facilities.geojson
[2026-04-28T06:04:17.593+0000] {logging_mixin.py:188} INFO - Memasukkan data ke tabel health_facilities...
[2026-04-28T06:04:17.726+0000] {taskinstance.py:441} INFO - ::group::Post task execution logs
[2026-04-28T06:04:17.727+0000] {taskinstance.py:2905} ERROR - Task failed with exception
Traceback (most recent call last):
  File "/home/airflow/.local/lib/python3.12/site-packages/sqlalchemy/engine/base.py", line 1910, in _execute_context
    self.dialect.do_execute(
  File "/home/airflow/.local/lib/python3.12/site-packages/sqlalchemy/engine/default.py", line 736, in do_execute
    cursor.execute(statement, parameters)
psycopg2.errors.UndefinedTable: relation "data_inventory_metadata" does not exist
LINE 1: UPDATE data_inventory_metadata SET last_updated = '2026-04-2...
               ^


The above exception was the direct cause of the following exception:

Traceback (most recent call last):
  File "/home/airflow/.local/lib/python3.12/site-packages/airflow/models/taskinstance.py", line 465, in _execute_task
    result = _execute_callable(context=context, **execute_callable_kwargs)
             ^^^^^^^^^^^^^^^^^^^^^^^^^^^^^^^^^^^^^^^^^^^^^^^^^^^^^^^^^^^^^
  File "/home/airflow/.local/lib/python3.12/site-packages/airflow/models/taskinstance.py", line 432, in _execute_callable
    return execute_callable(context=context, **execute_callable_kwargs)
           ^^^^^^^^^^^^^^^^^^^^^^^^^^^^^^^^^^^^^^^^^^^^^^^^^^^^^^^^^^^^
  File "/home/airflow/.local/lib/python3.12/site-packages/airflow/models/baseoperator.py", line 401, in wrapper
    return func(self, *args, **kwargs)
           ^^^^^^^^^^^^^^^^^^^^^^^^^^^
  File "/home/airflow/.local/lib/python3.12/site-packages/airflow/operators/python.py", line 235, in execute
    return_value = self.execute_callable()
                   ^^^^^^^^^^^^^^^^^^^^^^^
  File "/home/airflow/.local/lib/python3.12/site-packages/airflow/operators/python.py", line 252, in execute_callable
    return self.python_callable(*self.op_args, **self.op_kwargs)
           ^^^^^^^^^^^^^^^^^^^^^^^^^^^^^^^^^^^^^^^^^^^^^^^^^^^^^
  File "/opt/airflow/dags/modules/load_to_postgis.py", line 35, in load_data_to_postgis
    conn.execute(query, {"val": now})
  File "/home/airflow/.local/lib/python3.12/site-packages/sqlalchemy/engine/base.py", line 1385, in execute
    return meth(self, multiparams, params, _EMPTY_EXECUTION_OPTS)
           ^^^^^^^^^^^^^^^^^^^^^^^^^^^^^^^^^^^^^^^^^^^^^^^^^^^^^^
  File "/home/airflow/.local/lib/python3.12/site-packages/sqlalchemy/sql/elements.py", line 334, in _execute_on_connection
    return connection._execute_clauseelement(
           ^^^^^^^^^^^^^^^^^^^^^^^^^^^^^^^^^^
  File "/home/airflow/.local/lib/python3.12/site-packages/sqlalchemy/engine/base.py", line 1577, in _execute_clauseelement
    ret = self._execute_context(
          ^^^^^^^^^^^^^^^^^^^^^^
  File "/home/airflow/.local/lib/python3.12/site-packages/sqlalchemy/engine/base.py", line 1953, in _execute_context
    self._handle_dbapi_exception(
  File "/home/airflow/.local/lib/python3.12/site-packages/sqlalchemy/engine/base.py", line 2134, in _handle_dbapi_exception
    util.raise_(
  File "/home/airflow/.local/lib/python3.12/site-packages/sqlalchemy/util/compat.py", line 211, in raise_
    raise exception
  File "/home/airflow/.local/lib/python3.12/site-packages/sqlalchemy/engine/base.py", line 1910, in _execute_context
    self.dialect.do_execute(
  File "/home/airflow/.local/lib/python3.12/site-packages/sqlalchemy/engine/default.py", line 736, in do_execute
    cursor.execute(statement, parameters)
sqlalchemy.exc.ProgrammingError: (psycopg2.errors.UndefinedTable) relation "data_inventory_metadata" does not exist
LINE 1: UPDATE data_inventory_metadata SET last_updated = '2026-04-2...
               ^

[SQL: UPDATE data_inventory_metadata SET last_updated = %(val)s WHERE table_name = 'health_facilities']
[parameters: {'val': datetime.datetime(2026, 4, 28, 6, 4, 17, 725637)}]
(Background on this error at: https://sqlalche.me/e/14/f405)
[2026-04-28T06:04:17.741+0000] {taskinstance.py:1206} INFO - Marking task as UP_FOR_RETRY. dag_id=etl_geospatial_surabaya, task_id=load_to_postgis_database, run_id=manual__2026-04-28T06:04:09.922738+00:00, execution_date=20260428T060409, start_date=20260428T060417, end_date=20260428T060417
[2026-04-28T06:04:17.748+0000] {standard_task_runner.py:110} ERROR - Failed to execute job 24 for task load_to_postgis_database ((psycopg2.errors.UndefinedTable) relation "data_inventory_metadata" does not exist
LINE 1: UPDATE data_inventory_metadata SET last_updated = '2026-04-2...
               ^

[SQL: UPDATE data_inventory_metadata SET last_updated = %(val)s WHERE table_name = 'health_facilities']
[parameters: {'val': datetime.datetime(2026, 4, 28, 6, 4, 17, 725637)}]
(Background on this error at: https://sqlalche.me/e/14/f405); 1138)
[2026-04-28T06:04:17.789+0000] {local_task_job_runner.py:240} INFO - Task exited with return code 1
[2026-04-28T06:04:17.801+0000] {taskinstance.py:3503} INFO - 0 downstream tasks scheduled from follow-on schedule check
[2026-04-28T06:04:17.804+0000] {local_task_job_runner.py:222} INFO - ::endgroup::
