[2026-04-27T16:23:37.330+0000] {local_task_job_runner.py:120} INFO - ::group::Pre task execution logs
[2026-04-27T16:23:37.355+0000] {taskinstance.py:2076} INFO - Dependencies all met for dep_context=non-requeueable deps ti=<TaskInstance: dag_project_de_etl_v1.create_table manual__2026-04-27T16:23:32.502241+00:00 [queued]>
[2026-04-27T16:23:37.362+0000] {taskinstance.py:2076} INFO - Dependencies all met for dep_context=requeueable deps ti=<TaskInstance: dag_project_de_etl_v1.create_table manual__2026-04-27T16:23:32.502241+00:00 [queued]>
[2026-04-27T16:23:37.362+0000] {taskinstance.py:2306} INFO - Starting attempt 1 of 1
[2026-04-27T16:23:37.372+0000] {taskinstance.py:2330} INFO - Executing <Task(PostgresOperator): create_table> on 2026-04-27 16:23:32.502241+00:00
[2026-04-27T16:23:37.385+0000] {logging_mixin.py:188} WARNING - /home/***/.local/lib/python3.12/site-packages/***/task/task_runner/standard_task_runner.py:61 DeprecationWarning: This process (pid=422) is multi-threaded, use of fork() may lead to deadlocks in the child.
[2026-04-27T16:23:37.383+0000] {standard_task_runner.py:90} INFO - Running: ['***', 'tasks', 'run', 'dag_project_de_etl_v1', 'create_table', 'manual__2026-04-27T16:23:32.502241+00:00', '--job-id', '16', '--raw', '--subdir', 'DAGS_FOLDER/dag_etl.py', '--cfg-path', '/tmp/tmp0kp75hcl']
[2026-04-27T16:23:37.386+0000] {standard_task_runner.py:63} INFO - Started process 423 to run task
[2026-04-27T16:23:37.387+0000] {standard_task_runner.py:91} INFO - Job 16: Subtask create_table
[2026-04-27T16:23:37.473+0000] {task_command.py:426} INFO - Running <TaskInstance: dag_project_de_etl_v1.create_table manual__2026-04-27T16:23:32.502241+00:00 [running]> on host 68faae90260f
[2026-04-27T16:23:37.543+0000] {taskinstance.py:2648} INFO - Exporting env vars: AIRFLOW_CTX_DAG_OWNER='dimas' AIRFLOW_CTX_DAG_ID='dag_project_de_etl_v1' AIRFLOW_CTX_TASK_ID='create_table' AIRFLOW_CTX_EXECUTION_DATE='2026-04-27T16:23:32.502241+00:00' AIRFLOW_CTX_TRY_NUMBER='1' AIRFLOW_CTX_DAG_RUN_ID='manual__2026-04-27T16:23:32.502241+00:00'
[2026-04-27T16:23:37.545+0000] {taskinstance.py:430} INFO - ::endgroup::
[2026-04-27T16:23:37.555+0000] {sql.py:276} INFO - Executing: CREATE TABLE IF NOT EXISTS books (
    id SERIAL,
    title TEXT NOT NULL,
    author_name TEXT,
    first_publish_year TEXT
)
[2026-04-27T16:23:37.563+0000] {base.py:84} INFO - Using connection ID 'books_connection' for task execution.
[2026-04-27T16:23:37.570+0000] {base.py:84} INFO - Using connection ID 'books_connection' for task execution.
[2026-04-27T16:23:37.591+0000] {sql.py:487} INFO - Running statement: CREATE TABLE IF NOT EXISTS books (
    id SERIAL,
    title TEXT NOT NULL,
    author_name TEXT,
    first_publish_year TEXT
), parameters: None
[2026-04-27T16:23:37.621+0000] {taskinstance.py:441} INFO - ::group::Post task execution logs
[2026-04-27T16:23:37.628+0000] {taskinstance.py:1206} INFO - Marking task as SUCCESS. dag_id=dag_project_de_etl_v1, task_id=create_table, run_id=manual__2026-04-27T16:23:32.502241+00:00, execution_date=20260427T162332, start_date=20260427T162337, end_date=20260427T162337
[2026-04-27T16:23:37.642+0000] {local_task_job_runner.py:240} INFO - Task exited with return code 0
[2026-04-27T16:23:37.653+0000] {taskinstance.py:3503} INFO - 0 downstream tasks scheduled from follow-on schedule check
[2026-04-27T16:23:37.656+0000] {local_task_job_runner.py:222} INFO - ::endgroup::
