[2026-04-27T19:21:15.676+0000] {processor.py:161} INFO - Started process (PID=242) to work on /opt/airflow/dags/extract_osm.py
[2026-04-27T19:21:15.678+0000] {processor.py:830} INFO - Processing file /opt/airflow/dags/extract_osm.py for tasks to queue
[2026-04-27T19:21:15.681+0000] {logging_mixin.py:188} INFO - [2026-04-27T19:21:15.681+0000] {dagbag.py:545} INFO - Filling up the DagBag from /opt/airflow/dags/extract_osm.py
[2026-04-27T19:21:15.793+0000] {processor.py:842} WARNING - No viable dags retrieved from /opt/airflow/dags/extract_osm.py
[2026-04-27T19:21:15.816+0000] {processor.py:183} INFO - Processing /opt/airflow/dags/extract_osm.py took 0.149 seconds
[2026-04-27T19:21:46.844+0000] {processor.py:161} INFO - Started process (PID=247) to work on /opt/airflow/dags/extract_osm.py
[2026-04-27T19:21:46.846+0000] {processor.py:830} INFO - Processing file /opt/airflow/dags/extract_osm.py for tasks to queue
[2026-04-27T19:21:46.848+0000] {logging_mixin.py:188} INFO - [2026-04-27T19:21:46.848+0000] {dagbag.py:545} INFO - Filling up the DagBag from /opt/airflow/dags/extract_osm.py
[2026-04-27T19:21:46.880+0000] {processor.py:842} WARNING - No viable dags retrieved from /opt/airflow/dags/extract_osm.py
[2026-04-27T19:21:46.914+0000] {processor.py:183} INFO - Processing /opt/airflow/dags/extract_osm.py took 0.077 seconds
[2026-04-27T19:22:17.728+0000] {processor.py:161} INFO - Started process (PID=252) to work on /opt/airflow/dags/extract_osm.py
[2026-04-27T19:22:17.730+0000] {processor.py:830} INFO - Processing file /opt/airflow/dags/extract_osm.py for tasks to queue
[2026-04-27T19:22:17.733+0000] {logging_mixin.py:188} INFO - [2026-04-27T19:22:17.732+0000] {dagbag.py:545} INFO - Filling up the DagBag from /opt/airflow/dags/extract_osm.py
[2026-04-27T19:22:17.773+0000] {processor.py:842} WARNING - No viable dags retrieved from /opt/airflow/dags/extract_osm.py
[2026-04-27T19:22:17.798+0000] {processor.py:183} INFO - Processing /opt/airflow/dags/extract_osm.py took 0.074 seconds
[2026-04-27T19:22:47.958+0000] {processor.py:161} INFO - Started process (PID=257) to work on /opt/airflow/dags/extract_osm.py
[2026-04-27T19:22:47.959+0000] {processor.py:830} INFO - Processing file /opt/airflow/dags/extract_osm.py for tasks to queue
[2026-04-27T19:22:47.962+0000] {logging_mixin.py:188} INFO - [2026-04-27T19:22:47.961+0000] {dagbag.py:545} INFO - Filling up the DagBag from /opt/airflow/dags/extract_osm.py
[2026-04-27T19:22:47.995+0000] {processor.py:842} WARNING - No viable dags retrieved from /opt/airflow/dags/extract_osm.py
[2026-04-27T19:22:48.008+0000] {processor.py:183} INFO - Processing /opt/airflow/dags/extract_osm.py took 0.056 seconds
[2026-04-27T19:23:18.723+0000] {processor.py:161} INFO - Started process (PID=262) to work on /opt/airflow/dags/extract_osm.py
[2026-04-27T19:23:18.724+0000] {processor.py:830} INFO - Processing file /opt/airflow/dags/extract_osm.py for tasks to queue
[2026-04-27T19:23:18.727+0000] {logging_mixin.py:188} INFO - [2026-04-27T19:23:18.726+0000] {dagbag.py:545} INFO - Filling up the DagBag from /opt/airflow/dags/extract_osm.py
[2026-04-27T19:23:18.753+0000] {processor.py:842} WARNING - No viable dags retrieved from /opt/airflow/dags/extract_osm.py
[2026-04-27T19:23:18.770+0000] {processor.py:183} INFO - Processing /opt/airflow/dags/extract_osm.py took 0.052 seconds
[2026-04-27T19:23:49.737+0000] {processor.py:161} INFO - Started process (PID=267) to work on /opt/airflow/dags/extract_osm.py
[2026-04-27T19:23:49.739+0000] {processor.py:830} INFO - Processing file /opt/airflow/dags/extract_osm.py for tasks to queue
[2026-04-27T19:23:49.741+0000] {logging_mixin.py:188} INFO - [2026-04-27T19:23:49.741+0000] {dagbag.py:545} INFO - Filling up the DagBag from /opt/airflow/dags/extract_osm.py
[2026-04-27T19:23:49.775+0000] {processor.py:842} WARNING - No viable dags retrieved from /opt/airflow/dags/extract_osm.py
[2026-04-27T19:23:49.798+0000] {processor.py:183} INFO - Processing /opt/airflow/dags/extract_osm.py took 0.068 seconds
[2026-04-27T19:24:20.661+0000] {processor.py:161} INFO - Started process (PID=272) to work on /opt/airflow/dags/extract_osm.py
[2026-04-27T19:24:20.664+0000] {processor.py:830} INFO - Processing file /opt/airflow/dags/extract_osm.py for tasks to queue
[2026-04-27T19:24:20.667+0000] {logging_mixin.py:188} INFO - [2026-04-27T19:24:20.667+0000] {dagbag.py:545} INFO - Filling up the DagBag from /opt/airflow/dags/extract_osm.py
[2026-04-27T19:24:20.701+0000] {processor.py:842} WARNING - No viable dags retrieved from /opt/airflow/dags/extract_osm.py
[2026-04-27T19:24:20.719+0000] {processor.py:183} INFO - Processing /opt/airflow/dags/extract_osm.py took 0.064 seconds
[2026-04-27T19:24:51.742+0000] {processor.py:161} INFO - Started process (PID=277) to work on /opt/airflow/dags/extract_osm.py
[2026-04-27T19:24:51.745+0000] {processor.py:830} INFO - Processing file /opt/airflow/dags/extract_osm.py for tasks to queue
[2026-04-27T19:24:51.751+0000] {logging_mixin.py:188} INFO - [2026-04-27T19:24:51.750+0000] {dagbag.py:545} INFO - Filling up the DagBag from /opt/airflow/dags/extract_osm.py
[2026-04-27T19:24:51.810+0000] {processor.py:842} WARNING - No viable dags retrieved from /opt/airflow/dags/extract_osm.py
[2026-04-27T19:24:51.874+0000] {processor.py:183} INFO - Processing /opt/airflow/dags/extract_osm.py took 0.157 seconds
[2026-04-27T19:25:22.861+0000] {processor.py:161} INFO - Started process (PID=282) to work on /opt/airflow/dags/extract_osm.py
[2026-04-27T19:25:22.862+0000] {processor.py:830} INFO - Processing file /opt/airflow/dags/extract_osm.py for tasks to queue
[2026-04-27T19:25:22.864+0000] {logging_mixin.py:188} INFO - [2026-04-27T19:25:22.864+0000] {dagbag.py:545} INFO - Filling up the DagBag from /opt/airflow/dags/extract_osm.py
[2026-04-27T19:25:22.891+0000] {processor.py:842} WARNING - No viable dags retrieved from /opt/airflow/dags/extract_osm.py
[2026-04-27T19:25:22.908+0000] {processor.py:183} INFO - Processing /opt/airflow/dags/extract_osm.py took 0.055 seconds
[2026-04-27T19:25:53.817+0000] {processor.py:161} INFO - Started process (PID=288) to work on /opt/airflow/dags/extract_osm.py
[2026-04-27T19:25:53.822+0000] {processor.py:830} INFO - Processing file /opt/airflow/dags/extract_osm.py for tasks to queue
[2026-04-27T19:25:53.826+0000] {logging_mixin.py:188} INFO - [2026-04-27T19:25:53.825+0000] {dagbag.py:545} INFO - Filling up the DagBag from /opt/airflow/dags/extract_osm.py
[2026-04-27T19:25:53.879+0000] {processor.py:842} WARNING - No viable dags retrieved from /opt/airflow/dags/extract_osm.py
[2026-04-27T19:25:53.902+0000] {processor.py:183} INFO - Processing /opt/airflow/dags/extract_osm.py took 0.097 seconds
[2026-04-27T19:26:24.787+0000] {processor.py:161} INFO - Started process (PID=294) to work on /opt/airflow/dags/extract_osm.py
[2026-04-27T19:26:24.788+0000] {processor.py:830} INFO - Processing file /opt/airflow/dags/extract_osm.py for tasks to queue
[2026-04-27T19:26:24.795+0000] {logging_mixin.py:188} INFO - [2026-04-27T19:26:24.794+0000] {dagbag.py:545} INFO - Filling up the DagBag from /opt/airflow/dags/extract_osm.py
[2026-04-27T19:26:24.837+0000] {processor.py:842} WARNING - No viable dags retrieved from /opt/airflow/dags/extract_osm.py
[2026-04-27T19:26:24.860+0000] {processor.py:183} INFO - Processing /opt/airflow/dags/extract_osm.py took 0.078 seconds
[2026-04-27T19:26:54.799+0000] {processor.py:161} INFO - Started process (PID=299) to work on /opt/airflow/dags/extract_osm.py
[2026-04-27T19:26:54.801+0000] {processor.py:830} INFO - Processing file /opt/airflow/dags/extract_osm.py for tasks to queue
[2026-04-27T19:26:54.804+0000] {logging_mixin.py:188} INFO - [2026-04-27T19:26:54.803+0000] {dagbag.py:545} INFO - Filling up the DagBag from /opt/airflow/dags/extract_osm.py
[2026-04-27T19:26:54.879+0000] {processor.py:842} WARNING - No viable dags retrieved from /opt/airflow/dags/extract_osm.py
[2026-04-27T19:26:54.963+0000] {processor.py:183} INFO - Processing /opt/airflow/dags/extract_osm.py took 0.169 seconds
[2026-04-27T19:26:55.071+0000] {processor.py:161} INFO - Started process (PID=304) to work on /opt/airflow/dags/extract_osm.py
[2026-04-27T19:26:55.075+0000] {processor.py:830} INFO - Processing file /opt/airflow/dags/extract_osm.py for tasks to queue
[2026-04-27T19:26:55.083+0000] {logging_mixin.py:188} INFO - [2026-04-27T19:26:55.082+0000] {dagbag.py:545} INFO - Filling up the DagBag from /opt/airflow/dags/extract_osm.py
[2026-04-27T19:26:55.131+0000] {processor.py:842} WARNING - No viable dags retrieved from /opt/airflow/dags/extract_osm.py
[2026-04-27T19:26:55.165+0000] {processor.py:183} INFO - Processing /opt/airflow/dags/extract_osm.py took 0.110 seconds
[2026-04-27T19:26:55.319+0000] {processor.py:161} INFO - Started process (PID=309) to work on /opt/airflow/dags/extract_osm.py
[2026-04-27T19:26:55.322+0000] {processor.py:830} INFO - Processing file /opt/airflow/dags/extract_osm.py for tasks to queue
[2026-04-27T19:26:55.328+0000] {logging_mixin.py:188} INFO - [2026-04-27T19:26:55.328+0000] {dagbag.py:545} INFO - Filling up the DagBag from /opt/airflow/dags/extract_osm.py
[2026-04-27T19:26:55.366+0000] {processor.py:842} WARNING - No viable dags retrieved from /opt/airflow/dags/extract_osm.py
[2026-04-27T19:26:55.387+0000] {processor.py:183} INFO - Processing /opt/airflow/dags/extract_osm.py took 0.079 seconds
[2026-04-27T19:26:56.539+0000] {processor.py:161} INFO - Started process (PID=314) to work on /opt/airflow/dags/extract_osm.py
[2026-04-27T19:26:56.541+0000] {processor.py:830} INFO - Processing file /opt/airflow/dags/extract_osm.py for tasks to queue
[2026-04-27T19:26:56.543+0000] {logging_mixin.py:188} INFO - [2026-04-27T19:26:56.543+0000] {dagbag.py:545} INFO - Filling up the DagBag from /opt/airflow/dags/extract_osm.py
[2026-04-27T19:26:56.604+0000] {processor.py:842} WARNING - No viable dags retrieved from /opt/airflow/dags/extract_osm.py
[2026-04-27T19:26:56.617+0000] {processor.py:183} INFO - Processing /opt/airflow/dags/extract_osm.py took 0.083 seconds
[2026-04-27T19:26:56.698+0000] {processor.py:161} INFO - Started process (PID=319) to work on /opt/airflow/dags/extract_osm.py
[2026-04-27T19:26:56.699+0000] {processor.py:830} INFO - Processing file /opt/airflow/dags/extract_osm.py for tasks to queue
[2026-04-27T19:26:56.701+0000] {logging_mixin.py:188} INFO - [2026-04-27T19:26:56.701+0000] {dagbag.py:545} INFO - Filling up the DagBag from /opt/airflow/dags/extract_osm.py
[2026-04-27T19:26:56.755+0000] {processor.py:842} WARNING - No viable dags retrieved from /opt/airflow/dags/extract_osm.py
[2026-04-27T19:26:56.775+0000] {processor.py:183} INFO - Processing /opt/airflow/dags/extract_osm.py took 0.088 seconds
[2026-04-27T19:26:56.872+0000] {processor.py:161} INFO - Started process (PID=324) to work on /opt/airflow/dags/extract_osm.py
[2026-04-27T19:26:56.874+0000] {processor.py:830} INFO - Processing file /opt/airflow/dags/extract_osm.py for tasks to queue
[2026-04-27T19:26:56.876+0000] {logging_mixin.py:188} INFO - [2026-04-27T19:26:56.876+0000] {dagbag.py:545} INFO - Filling up the DagBag from /opt/airflow/dags/extract_osm.py
[2026-04-27T19:26:56.949+0000] {processor.py:842} WARNING - No viable dags retrieved from /opt/airflow/dags/extract_osm.py
[2026-04-27T19:26:56.962+0000] {processor.py:183} INFO - Processing /opt/airflow/dags/extract_osm.py took 0.104 seconds
[2026-04-27T19:26:57.068+0000] {processor.py:161} INFO - Started process (PID=329) to work on /opt/airflow/dags/extract_osm.py
[2026-04-27T19:26:57.070+0000] {processor.py:830} INFO - Processing file /opt/airflow/dags/extract_osm.py for tasks to queue
[2026-04-27T19:26:57.072+0000] {logging_mixin.py:188} INFO - [2026-04-27T19:26:57.072+0000] {dagbag.py:545} INFO - Filling up the DagBag from /opt/airflow/dags/extract_osm.py
[2026-04-27T19:26:57.107+0000] {processor.py:842} WARNING - No viable dags retrieved from /opt/airflow/dags/extract_osm.py
[2026-04-27T19:26:57.119+0000] {processor.py:183} INFO - Processing /opt/airflow/dags/extract_osm.py took 0.057 seconds
[2026-04-27T19:26:58.065+0000] {processor.py:161} INFO - Started process (PID=334) to work on /opt/airflow/dags/extract_osm.py
[2026-04-27T19:26:58.067+0000] {processor.py:830} INFO - Processing file /opt/airflow/dags/extract_osm.py for tasks to queue
[2026-04-27T19:26:58.069+0000] {logging_mixin.py:188} INFO - [2026-04-27T19:26:58.068+0000] {dagbag.py:545} INFO - Filling up the DagBag from /opt/airflow/dags/extract_osm.py
[2026-04-27T19:26:58.128+0000] {logging_mixin.py:188} INFO - [2026-04-27T19:26:58.126+0000] {dagbag.py:355} ERROR - Failed to import: /opt/airflow/dags/extract_osm.py
Traceback (most recent call last):
  File "/home/airflow/.local/lib/python3.12/site-packages/airflow/models/dagbag.py", line 351, in parse
    loader.exec_module(new_module)
  File "<frozen importlib._bootstrap_external>", line 991, in exec_module
  File "<frozen importlib._bootstrap_external>", line 1129, in get_code
  File "<frozen importlib._bootstrap_external>", line 1059, in source_to_code
  File "<frozen importlib._bootstrap>", line 488, in _call_with_frames_removed
  File "/opt/airflow/dags/extract_osm.py", line 47
    if __name__ == "__main__":
                              ^
IndentationError: expected an indented block after 'if' statement on line 47
[2026-04-27T19:26:58.131+0000] {processor.py:842} WARNING - No viable dags retrieved from /opt/airflow/dags/extract_osm.py
[2026-04-27T19:26:58.154+0000] {processor.py:183} INFO - Processing /opt/airflow/dags/extract_osm.py took 0.094 seconds
[2026-04-27T19:26:58.242+0000] {processor.py:161} INFO - Started process (PID=339) to work on /opt/airflow/dags/extract_osm.py
[2026-04-27T19:26:58.243+0000] {processor.py:830} INFO - Processing file /opt/airflow/dags/extract_osm.py for tasks to queue
[2026-04-27T19:26:58.246+0000] {logging_mixin.py:188} INFO - [2026-04-27T19:26:58.246+0000] {dagbag.py:545} INFO - Filling up the DagBag from /opt/airflow/dags/extract_osm.py
[2026-04-27T19:26:58.281+0000] {logging_mixin.py:188} INFO - [2026-04-27T19:26:58.280+0000] {dagbag.py:355} ERROR - Failed to import: /opt/airflow/dags/extract_osm.py
Traceback (most recent call last):
  File "/home/airflow/.local/lib/python3.12/site-packages/airflow/models/dagbag.py", line 351, in parse
    loader.exec_module(new_module)
  File "<frozen importlib._bootstrap_external>", line 991, in exec_module
  File "<frozen importlib._bootstrap_external>", line 1129, in get_code
  File "<frozen importlib._bootstrap_external>", line 1059, in source_to_code
  File "<frozen importlib._bootstrap>", line 488, in _call_with_frames_removed
  File "/opt/airflow/dags/extract_osm.py", line 47
    if __name__ == "__main__":
                              ^
IndentationError: expected an indented block after 'if' statement on line 47
[2026-04-27T19:26:58.282+0000] {processor.py:842} WARNING - No viable dags retrieved from /opt/airflow/dags/extract_osm.py
[2026-04-27T19:26:58.306+0000] {processor.py:183} INFO - Processing /opt/airflow/dags/extract_osm.py took 0.069 seconds
[2026-04-27T19:27:00.306+0000] {processor.py:161} INFO - Started process (PID=344) to work on /opt/airflow/dags/extract_osm.py
[2026-04-27T19:27:00.307+0000] {processor.py:830} INFO - Processing file /opt/airflow/dags/extract_osm.py for tasks to queue
[2026-04-27T19:27:00.309+0000] {logging_mixin.py:188} INFO - [2026-04-27T19:27:00.309+0000] {dagbag.py:545} INFO - Filling up the DagBag from /opt/airflow/dags/extract_osm.py
[2026-04-27T19:27:00.378+0000] {processor.py:842} WARNING - No viable dags retrieved from /opt/airflow/dags/extract_osm.py
[2026-04-27T19:27:00.394+0000] {processor.py:183} INFO - Processing /opt/airflow/dags/extract_osm.py took 0.094 seconds
[2026-04-27T19:27:01.454+0000] {processor.py:161} INFO - Started process (PID=349) to work on /opt/airflow/dags/extract_osm.py
[2026-04-27T19:27:01.456+0000] {processor.py:830} INFO - Processing file /opt/airflow/dags/extract_osm.py for tasks to queue
[2026-04-27T19:27:01.457+0000] {logging_mixin.py:188} INFO - [2026-04-27T19:27:01.457+0000] {dagbag.py:545} INFO - Filling up the DagBag from /opt/airflow/dags/extract_osm.py
[2026-04-27T19:27:01.481+0000] {logging_mixin.py:188} INFO - [2026-04-27T19:27:01.480+0000] {dagbag.py:334} INFO - File /opt/airflow/dags/extract_osm.py assumed to contain no DAGs. Skipping.
[2026-04-27T19:27:01.481+0000] {processor.py:842} WARNING - No viable dags retrieved from /opt/airflow/dags/extract_osm.py
[2026-04-27T19:27:01.494+0000] {processor.py:183} INFO - Processing /opt/airflow/dags/extract_osm.py took 0.045 seconds
[2026-04-27T19:27:02.624+0000] {processor.py:161} INFO - Started process (PID=354) to work on /opt/airflow/dags/extract_osm.py
[2026-04-27T19:27:02.625+0000] {processor.py:830} INFO - Processing file /opt/airflow/dags/extract_osm.py for tasks to queue
[2026-04-27T19:27:02.628+0000] {logging_mixin.py:188} INFO - [2026-04-27T19:27:02.628+0000] {dagbag.py:545} INFO - Filling up the DagBag from /opt/airflow/dags/extract_osm.py
[2026-04-27T19:27:02.678+0000] {processor.py:842} WARNING - No viable dags retrieved from /opt/airflow/dags/extract_osm.py
[2026-04-27T19:27:02.692+0000] {processor.py:183} INFO - Processing /opt/airflow/dags/extract_osm.py took 0.074 seconds
[2026-04-27T19:27:02.761+0000] {processor.py:161} INFO - Started process (PID=359) to work on /opt/airflow/dags/extract_osm.py
[2026-04-27T19:27:02.763+0000] {processor.py:830} INFO - Processing file /opt/airflow/dags/extract_osm.py for tasks to queue
[2026-04-27T19:27:02.765+0000] {logging_mixin.py:188} INFO - [2026-04-27T19:27:02.764+0000] {dagbag.py:545} INFO - Filling up the DagBag from /opt/airflow/dags/extract_osm.py
[2026-04-27T19:27:02.802+0000] {processor.py:842} WARNING - No viable dags retrieved from /opt/airflow/dags/extract_osm.py
[2026-04-27T19:27:02.819+0000] {processor.py:183} INFO - Processing /opt/airflow/dags/extract_osm.py took 0.063 seconds
[2026-04-27T19:27:05.908+0000] {processor.py:161} INFO - Started process (PID=364) to work on /opt/airflow/dags/extract_osm.py
[2026-04-27T19:27:05.910+0000] {processor.py:830} INFO - Processing file /opt/airflow/dags/extract_osm.py for tasks to queue
[2026-04-27T19:27:05.914+0000] {logging_mixin.py:188} INFO - [2026-04-27T19:27:05.913+0000] {dagbag.py:545} INFO - Filling up the DagBag from /opt/airflow/dags/extract_osm.py
[2026-04-27T19:27:05.974+0000] {processor.py:842} WARNING - No viable dags retrieved from /opt/airflow/dags/extract_osm.py
[2026-04-27T19:27:05.992+0000] {processor.py:183} INFO - Processing /opt/airflow/dags/extract_osm.py took 0.090 seconds
[2026-04-27T19:27:37.010+0000] {processor.py:161} INFO - Started process (PID=369) to work on /opt/airflow/dags/extract_osm.py
[2026-04-27T19:27:37.011+0000] {processor.py:830} INFO - Processing file /opt/airflow/dags/extract_osm.py for tasks to queue
[2026-04-27T19:27:37.013+0000] {logging_mixin.py:188} INFO - [2026-04-27T19:27:37.013+0000] {dagbag.py:545} INFO - Filling up the DagBag from /opt/airflow/dags/extract_osm.py
[2026-04-27T19:27:37.048+0000] {processor.py:842} WARNING - No viable dags retrieved from /opt/airflow/dags/extract_osm.py
[2026-04-27T19:27:37.065+0000] {processor.py:183} INFO - Processing /opt/airflow/dags/extract_osm.py took 0.060 seconds
[2026-04-27T19:28:07.844+0000] {processor.py:161} INFO - Started process (PID=374) to work on /opt/airflow/dags/extract_osm.py
[2026-04-27T19:28:07.846+0000] {processor.py:830} INFO - Processing file /opt/airflow/dags/extract_osm.py for tasks to queue
[2026-04-27T19:28:07.849+0000] {logging_mixin.py:188} INFO - [2026-04-27T19:28:07.848+0000] {dagbag.py:545} INFO - Filling up the DagBag from /opt/airflow/dags/extract_osm.py
[2026-04-27T19:28:07.883+0000] {processor.py:842} WARNING - No viable dags retrieved from /opt/airflow/dags/extract_osm.py
[2026-04-27T19:28:07.899+0000] {processor.py:183} INFO - Processing /opt/airflow/dags/extract_osm.py took 0.060 seconds
[2026-04-27T19:28:38.360+0000] {processor.py:161} INFO - Started process (PID=379) to work on /opt/airflow/dags/extract_osm.py
[2026-04-27T19:28:38.362+0000] {processor.py:830} INFO - Processing file /opt/airflow/dags/extract_osm.py for tasks to queue
[2026-04-27T19:28:38.364+0000] {logging_mixin.py:188} INFO - [2026-04-27T19:28:38.364+0000] {dagbag.py:545} INFO - Filling up the DagBag from /opt/airflow/dags/extract_osm.py
[2026-04-27T19:28:38.417+0000] {processor.py:842} WARNING - No viable dags retrieved from /opt/airflow/dags/extract_osm.py
[2026-04-27T19:28:37.010+0000] {processor.py:183} INFO - Processing /opt/airflow/dags/extract_osm.py took 0.088 seconds
[2026-04-27T19:29:07.709+0000] {processor.py:161} INFO - Started process (PID=384) to work on /opt/airflow/dags/extract_osm.py
[2026-04-27T19:29:07.711+0000] {processor.py:830} INFO - Processing file /opt/airflow/dags/extract_osm.py for tasks to queue
[2026-04-27T19:29:07.714+0000] {logging_mixin.py:188} INFO - [2026-04-27T19:29:07.714+0000] {dagbag.py:545} INFO - Filling up the DagBag from /opt/airflow/dags/extract_osm.py
[2026-04-27T19:29:07.757+0000] {processor.py:842} WARNING - No viable dags retrieved from /opt/airflow/dags/extract_osm.py
[2026-04-27T19:29:07.775+0000] {processor.py:183} INFO - Processing /opt/airflow/dags/extract_osm.py took 0.071 seconds
[2026-04-27T19:29:30.684+0000] {processor.py:161} INFO - Started process (PID=389) to work on /opt/airflow/dags/extract_osm.py
[2026-04-27T19:29:30.685+0000] {processor.py:830} INFO - Processing file /opt/airflow/dags/extract_osm.py for tasks to queue
[2026-04-27T19:29:30.688+0000] {logging_mixin.py:188} INFO - [2026-04-27T19:29:30.687+0000] {dagbag.py:545} INFO - Filling up the DagBag from /opt/airflow/dags/extract_osm.py
[2026-04-27T19:29:30.744+0000] {processor.py:842} WARNING - No viable dags retrieved from /opt/airflow/dags/extract_osm.py
[2026-04-27T19:29:30.761+0000] {processor.py:183} INFO - Processing /opt/airflow/dags/extract_osm.py took 0.083 seconds
[2026-04-27T19:30:01.863+0000] {processor.py:161} INFO - Started process (PID=394) to work on /opt/airflow/dags/extract_osm.py
[2026-04-27T19:30:01.865+0000] {processor.py:830} INFO - Processing file /opt/airflow/dags/extract_osm.py for tasks to queue
[2026-04-27T19:30:01.867+0000] {logging_mixin.py:188} INFO - [2026-04-27T19:30:01.867+0000] {dagbag.py:545} INFO - Filling up the DagBag from /opt/airflow/dags/extract_osm.py
[2026-04-27T19:30:01.959+0000] {processor.py:842} WARNING - No viable dags retrieved from /opt/airflow/dags/extract_osm.py
[2026-04-27T19:30:01.994+0000] {processor.py:183} INFO - Processing /opt/airflow/dags/extract_osm.py took 0.146 seconds
[2026-04-27T19:30:32.641+0000] {processor.py:161} INFO - Started process (PID=399) to work on /opt/airflow/dags/extract_osm.py
[2026-04-27T19:30:32.643+0000] {processor.py:830} INFO - Processing file /opt/airflow/dags/extract_osm.py for tasks to queue
[2026-04-27T19:30:32.646+0000] {logging_mixin.py:188} INFO - [2026-04-27T19:30:32.645+0000] {dagbag.py:545} INFO - Filling up the DagBag from /opt/airflow/dags/extract_osm.py
[2026-04-27T19:30:32.678+0000] {processor.py:842} WARNING - No viable dags retrieved from /opt/airflow/dags/extract_osm.py
[2026-04-27T19:30:32.698+0000] {processor.py:183} INFO - Processing /opt/airflow/dags/extract_osm.py took 0.065 seconds
[2026-04-27T19:31:03.468+0000] {processor.py:161} INFO - Started process (PID=404) to work on /opt/airflow/dags/extract_osm.py
[2026-04-27T19:31:03.471+0000] {processor.py:830} INFO - Processing file /opt/airflow/dags/extract_osm.py for tasks to queue
[2026-04-27T19:31:03.475+0000] {logging_mixin.py:188} INFO - [2026-04-27T19:31:03.475+0000] {dagbag.py:545} INFO - Filling up the DagBag from /opt/airflow/dags/extract_osm.py
[2026-04-27T19:31:03.515+0000] {processor.py:842} WARNING - No viable dags retrieved from /opt/airflow/dags/extract_osm.py
[2026-04-27T19:31:03.529+0000] {processor.py:183} INFO - Processing /opt/airflow/dags/extract_osm.py took 0.070 seconds
[2026-04-27T19:31:34.623+0000] {processor.py:161} INFO - Started process (PID=409) to work on /opt/airflow/dags/extract_osm.py
[2026-04-27T19:31:34.624+0000] {processor.py:830} INFO - Processing file /opt/airflow/dags/extract_osm.py for tasks to queue
[2026-04-27T19:31:34.626+0000] {logging_mixin.py:188} INFO - [2026-04-27T19:31:34.626+0000] {dagbag.py:545} INFO - Filling up the DagBag from /opt/airflow/dags/extract_osm.py
[2026-04-27T19:31:34.665+0000] {processor.py:842} WARNING - No viable dags retrieved from /opt/airflow/dags/extract_osm.py
[2026-04-27T19:31:34.683+0000] {processor.py:183} INFO - Processing /opt/airflow/dags/extract_osm.py took 0.065 seconds
[2026-04-27T19:32:05.609+0000] {processor.py:161} INFO - Started process (PID=414) to work on /opt/airflow/dags/extract_osm.py
[2026-04-27T19:32:05.612+0000] {processor.py:830} INFO - Processing file /opt/airflow/dags/extract_osm.py for tasks to queue
[2026-04-27T19:32:05.615+0000] {logging_mixin.py:188} INFO - [2026-04-27T19:32:05.615+0000] {dagbag.py:545} INFO - Filling up the DagBag from /opt/airflow/dags/extract_osm.py
[2026-04-27T19:32:05.674+0000] {processor.py:842} WARNING - No viable dags retrieved from /opt/airflow/dags/extract_osm.py
[2026-04-27T19:32:05.719+0000] {processor.py:183} INFO - Processing /opt/airflow/dags/extract_osm.py took 0.126 seconds
[2026-04-27T19:32:36.305+0000] {processor.py:161} INFO - Started process (PID=419) to work on /opt/airflow/dags/extract_osm.py
[2026-04-27T19:32:36.306+0000] {processor.py:830} INFO - Processing file /opt/airflow/dags/extract_osm.py for tasks to queue
[2026-04-27T19:32:36.308+0000] {logging_mixin.py:188} INFO - [2026-04-27T19:32:36.308+0000] {dagbag.py:545} INFO - Filling up the DagBag from /opt/airflow/dags/extract_osm.py
[2026-04-27T19:32:36.326+0000] {processor.py:842} WARNING - No viable dags retrieved from /opt/airflow/dags/extract_osm.py
[2026-04-27T19:32:36.341+0000] {processor.py:183} INFO - Processing /opt/airflow/dags/extract_osm.py took 0.042 seconds
[2026-04-27T19:33:07.191+0000] {processor.py:161} INFO - Started process (PID=424) to work on /opt/airflow/dags/extract_osm.py
[2026-04-27T19:33:07.193+0000] {processor.py:830} INFO - Processing file /opt/airflow/dags/extract_osm.py for tasks to queue
[2026-04-27T19:33:07.196+0000] {logging_mixin.py:188} INFO - [2026-04-27T19:33:07.196+0000] {dagbag.py:545} INFO - Filling up the DagBag from /opt/airflow/dags/extract_osm.py
[2026-04-27T19:33:07.272+0000] {processor.py:842} WARNING - No viable dags retrieved from /opt/airflow/dags/extract_osm.py
[2026-04-27T19:33:07.306+0000] {processor.py:183} INFO - Processing /opt/airflow/dags/extract_osm.py took 0.124 seconds
[2026-04-27T19:33:37.795+0000] {processor.py:161} INFO - Started process (PID=429) to work on /opt/airflow/dags/extract_osm.py
[2026-04-27T19:33:37.801+0000] {processor.py:830} INFO - Processing file /opt/airflow/dags/extract_osm.py for tasks to queue
[2026-04-27T19:33:37.803+0000] {logging_mixin.py:188} INFO - [2026-04-27T19:33:37.803+0000] {dagbag.py:545} INFO - Filling up the DagBag from /opt/airflow/dags/extract_osm.py
[2026-04-27T19:33:37.834+0000] {processor.py:842} WARNING - No viable dags retrieved from /opt/airflow/dags/extract_osm.py
[2026-04-27T19:33:37.856+0000] {processor.py:183} INFO - Processing /opt/airflow/dags/extract_osm.py took 0.071 seconds
[2026-04-27T19:34:08.925+0000] {processor.py:161} INFO - Started process (PID=434) to work on /opt/airflow/dags/extract_osm.py
[2026-04-27T19:34:08.928+0000] {processor.py:830} INFO - Processing file /opt/airflow/dags/extract_osm.py for tasks to queue
[2026-04-27T19:34:08.931+0000] {logging_mixin.py:188} INFO - [2026-04-27T19:34:08.931+0000] {dagbag.py:545} INFO - Filling up the DagBag from /opt/airflow/dags/extract_osm.py
[2026-04-27T19:34:08.964+0000] {processor.py:842} WARNING - No viable dags retrieved from /opt/airflow/dags/extract_osm.py
[2026-04-27T19:34:08.976+0000] {processor.py:183} INFO - Processing /opt/airflow/dags/extract_osm.py took 0.062 seconds
[2026-04-27T19:34:39.776+0000] {processor.py:161} INFO - Started process (PID=439) to work on /opt/airflow/dags/extract_osm.py
[2026-04-27T19:34:39.780+0000] {processor.py:830} INFO - Processing file /opt/airflow/dags/extract_osm.py for tasks to queue
[2026-04-27T19:34:39.786+0000] {logging_mixin.py:188} INFO - [2026-04-27T19:34:39.785+0000] {dagbag.py:545} INFO - Filling up the DagBag from /opt/airflow/dags/extract_osm.py
[2026-04-27T19:34:39.834+0000] {processor.py:842} WARNING - No viable dags retrieved from /opt/airflow/dags/extract_osm.py
[2026-04-27T19:34:39.849+0000] {processor.py:183} INFO - Processing /opt/airflow/dags/extract_osm.py took 0.089 seconds
[2026-04-27T19:35:10.618+0000] {processor.py:161} INFO - Started process (PID=444) to work on /opt/airflow/dags/extract_osm.py
[2026-04-27T19:35:10.621+0000] {processor.py:830} INFO - Processing file /opt/airflow/dags/extract_osm.py for tasks to queue
[2026-04-27T19:35:10.623+0000] {logging_mixin.py:188} INFO - [2026-04-27T19:35:10.623+0000] {dagbag.py:545} INFO - Filling up the DagBag from /opt/airflow/dags/extract_osm.py
[2026-04-27T19:35:10.676+0000] {processor.py:842} WARNING - No viable dags retrieved from /opt/airflow/dags/extract_osm.py
[2026-04-27T19:35:10.707+0000] {processor.py:183} INFO - Processing /opt/airflow/dags/extract_osm.py took 0.096 seconds
[2026-04-27T19:35:41.694+0000] {processor.py:161} INFO - Started process (PID=449) to work on /opt/airflow/dags/extract_osm.py
[2026-04-27T19:35:41.696+0000] {processor.py:830} INFO - Processing file /opt/airflow/dags/extract_osm.py for tasks to queue
[2026-04-27T19:35:41.700+0000] {logging_mixin.py:188} INFO - [2026-04-27T19:35:41.699+0000] {dagbag.py:545} INFO - Filling up the DagBag from /opt/airflow/dags/extract_osm.py
[2026-04-27T19:35:41.798+0000] {processor.py:842} WARNING - No viable dags retrieved from /opt/airflow/dags/extract_osm.py
[2026-04-27T19:35:41.847+0000] {processor.py:183} INFO - Processing /opt/airflow/dags/extract_osm.py took 0.167 seconds
[2026-04-27T19:36:11.926+0000] {processor.py:161} INFO - Started process (PID=454) to work on /opt/airflow/dags/extract_osm.py
[2026-04-27T19:36:11.927+0000] {processor.py:830} INFO - Processing file /opt/airflow/dags/extract_osm.py for tasks to queue
[2026-04-27T19:36:11.930+0000] {logging_mixin.py:188} INFO - [2026-04-27T19:36:11.929+0000] {dagbag.py:545} INFO - Filling up the DagBag from /opt/airflow/dags/extract_osm.py
[2026-04-27T19:36:11.975+0000] {processor.py:842} WARNING - No viable dags retrieved from /opt/airflow/dags/extract_osm.py
[2026-04-27T19:36:11.994+0000] {processor.py:183} INFO - Processing /opt/airflow/dags/extract_osm.py took 0.076 seconds
[2026-04-27T19:36:42.118+0000] {processor.py:161} INFO - Started process (PID=470) to work on /opt/airflow/dags/extract_osm.py
[2026-04-27T19:36:42.120+0000] {processor.py:830} INFO - Processing file /opt/airflow/dags/extract_osm.py for tasks to queue
[2026-04-27T19:36:42.123+0000] {logging_mixin.py:188} INFO - [2026-04-27T19:36:42.123+0000] {dagbag.py:545} INFO - Filling up the DagBag from /opt/airflow/dags/extract_osm.py
[2026-04-27T19:36:42.165+0000] {processor.py:842} WARNING - No viable dags retrieved from /opt/airflow/dags/extract_osm.py
[2026-04-27T19:36:42.181+0000] {processor.py:183} INFO - Processing /opt/airflow/dags/extract_osm.py took 0.070 seconds
[2026-04-27T19:37:12.980+0000] {processor.py:161} INFO - Started process (PID=501) to work on /opt/airflow/dags/extract_osm.py
[2026-04-27T19:37:12.984+0000] {processor.py:830} INFO - Processing file /opt/airflow/dags/extract_osm.py for tasks to queue
[2026-04-27T19:37:12.987+0000] {logging_mixin.py:188} INFO - [2026-04-27T19:37:12.986+0000] {dagbag.py:545} INFO - Filling up the DagBag from /opt/airflow/dags/extract_osm.py
[2026-04-27T19:37:13.030+0000] {processor.py:842} WARNING - No viable dags retrieved from /opt/airflow/dags/extract_osm.py
[2026-04-27T19:37:13.062+0000] {processor.py:183} INFO - Processing /opt/airflow/dags/extract_osm.py took 0.092 seconds
[2026-04-27T19:37:43.781+0000] {processor.py:161} INFO - Started process (PID=517) to work on /opt/airflow/dags/extract_osm.py
[2026-04-27T19:37:43.782+0000] {processor.py:830} INFO - Processing file /opt/airflow/dags/extract_osm.py for tasks to queue
[2026-04-27T19:37:43.785+0000] {logging_mixin.py:188} INFO - [2026-04-27T19:37:43.784+0000] {dagbag.py:545} INFO - Filling up the DagBag from /opt/airflow/dags/extract_osm.py
[2026-04-27T19:37:43.814+0000] {processor.py:842} WARNING - No viable dags retrieved from /opt/airflow/dags/extract_osm.py
[2026-04-27T19:37:43.830+0000] {processor.py:183} INFO - Processing /opt/airflow/dags/extract_osm.py took 0.054 seconds
[2026-04-27T19:38:14.169+0000] {processor.py:161} INFO - Started process (PID=533) to work on /opt/airflow/dags/extract_osm.py
[2026-04-27T19:38:14.170+0000] {processor.py:830} INFO - Processing file /opt/airflow/dags/extract_osm.py for tasks to queue
[2026-04-27T19:38:14.173+0000] {logging_mixin.py:188} INFO - [2026-04-27T19:38:14.172+0000] {dagbag.py:545} INFO - Filling up the DagBag from /opt/airflow/dags/extract_osm.py
[2026-04-27T19:38:14.219+0000] {processor.py:842} WARNING - No viable dags retrieved from /opt/airflow/dags/extract_osm.py
[2026-04-27T19:38:14.234+0000] {processor.py:183} INFO - Processing /opt/airflow/dags/extract_osm.py took 0.070 seconds
[2026-04-27T19:38:44.480+0000] {processor.py:161} INFO - Started process (PID=549) to work on /opt/airflow/dags/extract_osm.py
[2026-04-27T19:38:44.482+0000] {processor.py:830} INFO - Processing file /opt/airflow/dags/extract_osm.py for tasks to queue
[2026-04-27T19:38:44.485+0000] {logging_mixin.py:188} INFO - [2026-04-27T19:38:44.485+0000] {dagbag.py:545} INFO - Filling up the DagBag from /opt/airflow/dags/extract_osm.py
[2026-04-27T19:38:44.523+0000] {processor.py:842} WARNING - No viable dags retrieved from /opt/airflow/dags/extract_osm.py
[2026-04-27T19:38:44.540+0000] {processor.py:183} INFO - Processing /opt/airflow/dags/extract_osm.py took 0.069 seconds
[2026-04-27T19:39:14.786+0000] {processor.py:161} INFO - Started process (PID=565) to work on /opt/airflow/dags/extract_osm.py
[2026-04-27T19:39:14.788+0000] {processor.py:830} INFO - Processing file /opt/airflow/dags/extract_osm.py for tasks to queue
[2026-04-27T19:39:14.790+0000] {logging_mixin.py:188} INFO - [2026-04-27T19:39:14.790+0000] {dagbag.py:545} INFO - Filling up the DagBag from /opt/airflow/dags/extract_osm.py
[2026-04-27T19:39:14.828+0000] {processor.py:842} WARNING - No viable dags retrieved from /opt/airflow/dags/extract_osm.py
[2026-04-27T19:39:14.842+0000] {processor.py:183} INFO - Processing /opt/airflow/dags/extract_osm.py took 0.062 seconds
[2026-04-27T19:39:45.507+0000] {processor.py:161} INFO - Started process (PID=581) to work on /opt/airflow/dags/extract_osm.py
[2026-04-27T19:39:45.509+0000] {processor.py:830} INFO - Processing file /opt/airflow/dags/extract_osm.py for tasks to queue
[2026-04-27T19:39:45.514+0000] {logging_mixin.py:188} INFO - [2026-04-27T19:39:45.514+0000] {dagbag.py:545} INFO - Filling up the DagBag from /opt/airflow/dags/extract_osm.py
[2026-04-27T19:39:45.583+0000] {processor.py:842} WARNING - No viable dags retrieved from /opt/airflow/dags/extract_osm.py
[2026-04-27T19:39:45.596+0000] {processor.py:183} INFO - Processing /opt/airflow/dags/extract_osm.py took 0.097 seconds
[2026-04-27T19:40:15.895+0000] {processor.py:161} INFO - Started process (PID=602) to work on /opt/airflow/dags/extract_osm.py
[2026-04-27T19:40:15.900+0000] {processor.py:830} INFO - Processing file /opt/airflow/dags/extract_osm.py for tasks to queue
[2026-04-27T19:40:15.910+0000] {logging_mixin.py:188} INFO - [2026-04-27T19:40:15.909+0000] {dagbag.py:545} INFO - Filling up the DagBag from /opt/airflow/dags/extract_osm.py
[2026-04-27T19:40:15.951+0000] {processor.py:842} WARNING - No viable dags retrieved from /opt/airflow/dags/extract_osm.py
[2026-04-27T19:40:15.972+0000] {processor.py:183} INFO - Processing /opt/airflow/dags/extract_osm.py took 0.119 seconds
[2026-04-27T19:40:46.263+0000] {processor.py:161} INFO - Started process (PID=618) to work on /opt/airflow/dags/extract_osm.py
[2026-04-27T19:40:46.264+0000] {processor.py:830} INFO - Processing file /opt/airflow/dags/extract_osm.py for tasks to queue
[2026-04-27T19:40:46.267+0000] {logging_mixin.py:188} INFO - [2026-04-27T19:40:46.267+0000] {dagbag.py:545} INFO - Filling up the DagBag from /opt/airflow/dags/extract_osm.py
[2026-04-27T19:40:46.303+0000] {processor.py:842} WARNING - No viable dags retrieved from /opt/airflow/dags/extract_osm.py
[2026-04-27T19:40:46.343+0000] {processor.py:183} INFO - Processing /opt/airflow/dags/extract_osm.py took 0.084 seconds
[2026-04-27T19:41:16.511+0000] {processor.py:161} INFO - Started process (PID=634) to work on /opt/airflow/dags/extract_osm.py
[2026-04-27T19:41:16.512+0000] {processor.py:830} INFO - Processing file /opt/airflow/dags/extract_osm.py for tasks to queue
[2026-04-27T19:41:16.514+0000] {logging_mixin.py:188} INFO - [2026-04-27T19:41:16.514+0000] {dagbag.py:545} INFO - Filling up the DagBag from /opt/airflow/dags/extract_osm.py
[2026-04-27T19:41:16.547+0000] {processor.py:842} WARNING - No viable dags retrieved from /opt/airflow/dags/extract_osm.py
[2026-04-27T19:41:16.560+0000] {processor.py:183} INFO - Processing /opt/airflow/dags/extract_osm.py took 0.054 seconds
[2026-04-27T19:41:47.262+0000] {processor.py:161} INFO - Started process (PID=650) to work on /opt/airflow/dags/extract_osm.py
[2026-04-27T19:41:47.265+0000] {processor.py:830} INFO - Processing file /opt/airflow/dags/extract_osm.py for tasks to queue
[2026-04-27T19:41:47.267+0000] {logging_mixin.py:188} INFO - [2026-04-27T19:41:47.267+0000] {dagbag.py:545} INFO - Filling up the DagBag from /opt/airflow/dags/extract_osm.py
[2026-04-27T19:41:47.330+0000] {processor.py:842} WARNING - No viable dags retrieved from /opt/airflow/dags/extract_osm.py
[2026-04-27T19:41:47.357+0000] {processor.py:183} INFO - Processing /opt/airflow/dags/extract_osm.py took 0.108 seconds
[2026-04-27T19:42:18.260+0000] {processor.py:161} INFO - Started process (PID=666) to work on /opt/airflow/dags/extract_osm.py
[2026-04-27T19:42:18.262+0000] {processor.py:830} INFO - Processing file /opt/airflow/dags/extract_osm.py for tasks to queue
[2026-04-27T19:42:18.265+0000] {logging_mixin.py:188} INFO - [2026-04-27T19:42:18.264+0000] {dagbag.py:545} INFO - Filling up the DagBag from /opt/airflow/dags/extract_osm.py
[2026-04-27T19:42:18.296+0000] {processor.py:842} WARNING - No viable dags retrieved from /opt/airflow/dags/extract_osm.py
[2026-04-27T19:42:18.315+0000] {processor.py:183} INFO - Processing /opt/airflow/dags/extract_osm.py took 0.060 seconds
[2026-04-27T19:42:48.787+0000] {processor.py:161} INFO - Started process (PID=684) to work on /opt/airflow/dags/extract_osm.py
[2026-04-27T19:42:48.791+0000] {processor.py:830} INFO - Processing file /opt/airflow/dags/extract_osm.py for tasks to queue
[2026-04-27T19:42:48.797+0000] {logging_mixin.py:188} INFO - [2026-04-27T19:42:48.796+0000] {dagbag.py:545} INFO - Filling up the DagBag from /opt/airflow/dags/extract_osm.py
[2026-04-27T19:42:48.831+0000] {processor.py:842} WARNING - No viable dags retrieved from /opt/airflow/dags/extract_osm.py
[2026-04-27T19:42:48.849+0000] {processor.py:183} INFO - Processing /opt/airflow/dags/extract_osm.py took 0.071 seconds
[2026-04-27T19:43:19.246+0000] {processor.py:161} INFO - Started process (PID=701) to work on /opt/airflow/dags/extract_osm.py
[2026-04-27T19:43:19.247+0000] {processor.py:830} INFO - Processing file /opt/airflow/dags/extract_osm.py for tasks to queue
[2026-04-27T19:43:19.249+0000] {logging_mixin.py:188} INFO - [2026-04-27T19:43:19.249+0000] {dagbag.py:545} INFO - Filling up the DagBag from /opt/airflow/dags/extract_osm.py
[2026-04-27T19:43:19.277+0000] {processor.py:842} WARNING - No viable dags retrieved from /opt/airflow/dags/extract_osm.py
[2026-04-27T19:43:19.291+0000] {processor.py:183} INFO - Processing /opt/airflow/dags/extract_osm.py took 0.051 seconds
[2026-04-27T19:43:49.582+0000] {processor.py:161} INFO - Started process (PID=717) to work on /opt/airflow/dags/extract_osm.py
[2026-04-27T19:43:49.584+0000] {processor.py:830} INFO - Processing file /opt/airflow/dags/extract_osm.py for tasks to queue
[2026-04-27T19:43:49.586+0000] {logging_mixin.py:188} INFO - [2026-04-27T19:43:49.585+0000] {dagbag.py:545} INFO - Filling up the DagBag from /opt/airflow/dags/extract_osm.py
[2026-04-27T19:43:49.624+0000] {processor.py:842} WARNING - No viable dags retrieved from /opt/airflow/dags/extract_osm.py
[2026-04-27T19:43:49.640+0000] {processor.py:183} INFO - Processing /opt/airflow/dags/extract_osm.py took 0.067 seconds
[2026-04-27T19:44:20.066+0000] {processor.py:161} INFO - Started process (PID=733) to work on /opt/airflow/dags/extract_osm.py
[2026-04-27T19:44:20.068+0000] {processor.py:830} INFO - Processing file /opt/airflow/dags/extract_osm.py for tasks to queue
[2026-04-27T19:44:20.071+0000] {logging_mixin.py:188} INFO - [2026-04-27T19:44:20.070+0000] {dagbag.py:545} INFO - Filling up the DagBag from /opt/airflow/dags/extract_osm.py
[2026-04-27T19:44:20.125+0000] {processor.py:842} WARNING - No viable dags retrieved from /opt/airflow/dags/extract_osm.py
[2026-04-27T19:44:20.144+0000] {processor.py:183} INFO - Processing /opt/airflow/dags/extract_osm.py took 0.086 seconds
[2026-04-27T19:44:50.361+0000] {processor.py:161} INFO - Started process (PID=772) to work on /opt/airflow/dags/extract_osm.py
[2026-04-27T19:44:50.363+0000] {processor.py:830} INFO - Processing file /opt/airflow/dags/extract_osm.py for tasks to queue
[2026-04-27T19:44:50.365+0000] {logging_mixin.py:188} INFO - [2026-04-27T19:44:50.365+0000] {dagbag.py:545} INFO - Filling up the DagBag from /opt/airflow/dags/extract_osm.py
[2026-04-27T19:44:50.404+0000] {processor.py:842} WARNING - No viable dags retrieved from /opt/airflow/dags/extract_osm.py
[2026-04-27T19:44:50.421+0000] {processor.py:183} INFO - Processing /opt/airflow/dags/extract_osm.py took 0.067 seconds
[2026-04-27T19:45:21.475+0000] {processor.py:161} INFO - Started process (PID=789) to work on /opt/airflow/dags/extract_osm.py
[2026-04-27T19:45:21.476+0000] {processor.py:830} INFO - Processing file /opt/airflow/dags/extract_osm.py for tasks to queue
[2026-04-27T19:45:21.478+0000] {logging_mixin.py:188} INFO - [2026-04-27T19:45:21.478+0000] {dagbag.py:545} INFO - Filling up the DagBag from /opt/airflow/dags/extract_osm.py
[2026-04-27T19:45:21.511+0000] {processor.py:842} WARNING - No viable dags retrieved from /opt/airflow/dags/extract_osm.py
[2026-04-27T19:45:21.528+0000] {processor.py:183} INFO - Processing /opt/airflow/dags/extract_osm.py took 0.058 seconds
[2026-04-27T19:45:51.898+0000] {processor.py:161} INFO - Started process (PID=807) to work on /opt/airflow/dags/extract_osm.py
[2026-04-27T19:45:51.900+0000] {processor.py:830} INFO - Processing file /opt/airflow/dags/extract_osm.py for tasks to queue
[2026-04-27T19:45:51.901+0000] {logging_mixin.py:188} INFO - [2026-04-27T19:45:51.901+0000] {dagbag.py:545} INFO - Filling up the DagBag from /opt/airflow/dags/extract_osm.py
[2026-04-27T19:45:51.943+0000] {processor.py:842} WARNING - No viable dags retrieved from /opt/airflow/dags/extract_osm.py
[2026-04-27T19:45:51.963+0000] {processor.py:183} INFO - Processing /opt/airflow/dags/extract_osm.py took 0.071 seconds
[2026-04-27T19:46:22.561+0000] {processor.py:161} INFO - Started process (PID=829) to work on /opt/airflow/dags/extract_osm.py
[2026-04-27T19:46:22.562+0000] {processor.py:830} INFO - Processing file /opt/airflow/dags/extract_osm.py for tasks to queue
[2026-04-27T19:46:22.564+0000] {logging_mixin.py:188} INFO - [2026-04-27T19:46:22.564+0000] {dagbag.py:545} INFO - Filling up the DagBag from /opt/airflow/dags/extract_osm.py
[2026-04-27T19:46:22.601+0000] {processor.py:842} WARNING - No viable dags retrieved from /opt/airflow/dags/extract_osm.py
[2026-04-27T19:46:22.614+0000] {processor.py:183} INFO - Processing /opt/airflow/dags/extract_osm.py took 0.057 seconds
[2026-04-27T19:46:52.951+0000] {processor.py:161} INFO - Started process (PID=898) to work on /opt/airflow/dags/extract_osm.py
[2026-04-27T19:46:52.953+0000] {processor.py:830} INFO - Processing file /opt/airflow/dags/extract_osm.py for tasks to queue
[2026-04-27T19:46:52.956+0000] {logging_mixin.py:188} INFO - [2026-04-27T19:46:52.955+0000] {dagbag.py:545} INFO - Filling up the DagBag from /opt/airflow/dags/extract_osm.py
[2026-04-27T19:46:52.995+0000] {processor.py:842} WARNING - No viable dags retrieved from /opt/airflow/dags/extract_osm.py
[2026-04-27T19:46:53.011+0000] {processor.py:183} INFO - Processing /opt/airflow/dags/extract_osm.py took 0.066 seconds
[2026-04-27T19:47:23.412+0000] {processor.py:161} INFO - Started process (PID=920) to work on /opt/airflow/dags/extract_osm.py
[2026-04-27T19:47:23.414+0000] {processor.py:830} INFO - Processing file /opt/airflow/dags/extract_osm.py for tasks to queue
[2026-04-27T19:47:23.418+0000] {logging_mixin.py:188} INFO - [2026-04-27T19:47:23.417+0000] {dagbag.py:545} INFO - Filling up the DagBag from /opt/airflow/dags/extract_osm.py
[2026-04-27T19:47:23.511+0000] {processor.py:842} WARNING - No viable dags retrieved from /opt/airflow/dags/extract_osm.py
[2026-04-27T19:47:23.537+0000] {processor.py:183} INFO - Processing /opt/airflow/dags/extract_osm.py took 0.142 seconds
[2026-04-27T19:47:53.686+0000] {processor.py:161} INFO - Started process (PID=956) to work on /opt/airflow/dags/extract_osm.py
[2026-04-27T19:47:53.687+0000] {processor.py:830} INFO - Processing file /opt/airflow/dags/extract_osm.py for tasks to queue
[2026-04-27T19:47:53.690+0000] {logging_mixin.py:188} INFO - [2026-04-27T19:47:53.689+0000] {dagbag.py:545} INFO - Filling up the DagBag from /opt/airflow/dags/extract_osm.py
[2026-04-27T19:47:53.727+0000] {processor.py:842} WARNING - No viable dags retrieved from /opt/airflow/dags/extract_osm.py
[2026-04-27T19:47:53.740+0000] {processor.py:183} INFO - Processing /opt/airflow/dags/extract_osm.py took 0.061 seconds
[2026-04-27T19:48:24.123+0000] {processor.py:161} INFO - Started process (PID=978) to work on /opt/airflow/dags/extract_osm.py
[2026-04-27T19:48:24.125+0000] {processor.py:830} INFO - Processing file /opt/airflow/dags/extract_osm.py for tasks to queue
[2026-04-27T19:48:24.128+0000] {logging_mixin.py:188} INFO - [2026-04-27T19:48:24.128+0000] {dagbag.py:545} INFO - Filling up the DagBag from /opt/airflow/dags/extract_osm.py
[2026-04-27T19:48:24.157+0000] {processor.py:842} WARNING - No viable dags retrieved from /opt/airflow/dags/extract_osm.py
[2026-04-27T19:48:24.174+0000] {processor.py:183} INFO - Processing /opt/airflow/dags/extract_osm.py took 0.058 seconds
