[2026-04-20T16:02:33.248+0000] {local_task_job_runner.py:120} INFO - ::group::Pre task execution logs
[2026-04-20T16:02:33.289+0000] {taskinstance.py:2076} INFO - Dependencies all met for dep_context=non-requeueable deps ti=<TaskInstance: dag_trigger_rule_v02.task_2 manual__2026-04-20T16:02:32.627760+00:00 [queued]>
[2026-04-20T16:02:33.298+0000] {taskinstance.py:2076} INFO - Dependencies all met for dep_context=requeueable deps ti=<TaskInstance: dag_trigger_rule_v02.task_2 manual__2026-04-20T16:02:32.627760+00:00 [queued]>
[2026-04-20T16:02:33.299+0000] {taskinstance.py:2306} INFO - Starting attempt 1 of 1
[2026-04-20T16:02:33.312+0000] {taskinstance.py:2330} INFO - Executing <Task(PythonOperator): task_2> on 2026-04-20 16:02:32.627760+00:00
[2026-04-20T16:02:33.320+0000] {standard_task_runner.py:90} INFO - Running: ['***', 'tasks', 'run', 'dag_trigger_rule_v02', 'task_2', 'manual__2026-04-20T16:02:32.627760+00:00', '--job-id', '17', '--raw', '--subdir', 'DAGS_FOLDER/dag_trigger.py', '--cfg-path', '/tmp/tmpemjm9d2n']
[2026-04-20T16:02:33.324+0000] {standard_task_runner.py:91} INFO - Job 17: Subtask task_2
[2026-04-20T16:02:33.326+0000] {logging_mixin.py:188} WARNING - /home/***/.local/lib/python3.12/site-packages/***/task/task_runner/standard_task_runner.py:61 DeprecationWarning: This process (pid=2643) is multi-threaded, use of fork() may lead to deadlocks in the child.
[2026-04-20T16:02:33.328+0000] {standard_task_runner.py:63} INFO - Started process 2644 to run task
[2026-04-20T16:02:33.402+0000] {task_command.py:426} INFO - Running <TaskInstance: dag_trigger_rule_v02.task_2 manual__2026-04-20T16:02:32.627760+00:00 [running]> on host 275edd667a3c
[2026-04-20T16:02:33.480+0000] {taskinstance.py:2648} INFO - Exporting env vars: AIRFLOW_CTX_DAG_OWNER='***' AIRFLOW_CTX_DAG_ID='dag_trigger_rule_v02' AIRFLOW_CTX_TASK_ID='task_2' AIRFLOW_CTX_EXECUTION_DATE='2026-04-20T16:02:32.627760+00:00' AIRFLOW_CTX_TRY_NUMBER='1' AIRFLOW_CTX_DAG_RUN_ID='manual__2026-04-20T16:02:32.627760+00:00'
[2026-04-20T16:02:33.483+0000] {taskinstance.py:430} INFO - ::endgroup::
[2026-04-20T16:02:33.495+0000] {taskinstance.py:441} INFO - ::group::Post task execution logs
[2026-04-20T16:02:33.496+0000] {taskinstance.py:2905} ERROR - Task failed with exception
Traceback (most recent call last):
  File "/home/airflow/.local/lib/python3.12/site-packages/airflow/models/taskinstance.py", line 465, in _execute_task
    result = _execute_callable(context=context, **execute_callable_kwargs)
             ^^^^^^^^^^^^^^^^^^^^^^^^^^^^^^^^^^^^^^^^^^^^^^^^^^^^^^^^^^^^^
  File "/home/airflow/.local/lib/python3.12/site-packages/airflow/models/taskinstance.py", line 432, in _execute_callable
    return execute_callable(context=context, **execute_callable_kwargs)
           ^^^^^^^^^^^^^^^^^^^^^^^^^^^^^^^^^^^^^^^^^^^^^^^^^^^^^^^^^^^^
  File "/home/airflow/.local/lib/python3.12/site-packages/airflow/models/baseoperator.py", line 401, in wrapper
    return func(self, *args, **kwargs)
           ^^^^^^^^^^^^^^^^^^^^^^^^^^^
  File "/home/airflow/.local/lib/python3.12/site-packages/airflow/operators/python.py", line 235, in execute
    return_value = self.execute_callable()
                   ^^^^^^^^^^^^^^^^^^^^^^^
  File "/home/airflow/.local/lib/python3.12/site-packages/airflow/operators/python.py", line 252, in execute_callable
    return self.python_callable(*self.op_args, **self.op_kwargs)
           ^^^^^^^^^^^^^^^^^^^^^^^^^^^^^^^^^^^^^^^^^^^^^^^^^^^^^
  File "/opt/airflow/dags/dag_trigger.py", line 6, in gagal
    raise ValueError("Sengaja gagal")
ValueError: Sengaja gagal
[2026-04-20T16:02:33.518+0000] {taskinstance.py:1206} INFO - Marking task as FAILED. dag_id=dag_trigger_rule_v02, task_id=task_2, run_id=manual__2026-04-20T16:02:32.627760+00:00, execution_date=20260420T160232, start_date=20260420T160233, end_date=20260420T160233
[2026-04-20T16:02:33.530+0000] {standard_task_runner.py:110} ERROR - Failed to execute job 17 for task task_2 (Sengaja gagal; 2644)
[2026-04-20T16:02:33.543+0000] {local_task_job_runner.py:240} INFO - Task exited with return code 1
[2026-04-20T16:02:33.561+0000] {taskinstance.py:3503} INFO - 1 downstream tasks scheduled from follow-on schedule check
[2026-04-20T16:02:33.565+0000] {local_task_job_runner.py:222} INFO - ::endgroup::
