[2026-04-28T06:17:20.502+0000] {local_task_job_runner.py:120} INFO - ::group::Pre task execution logs
[2026-04-28T06:17:20.659+0000] {taskinstance.py:2076} INFO - Dependencies all met for dep_context=non-requeueable deps ti=<TaskInstance: etl_geospatial_surabaya.load_to_postgis_database manual__2026-04-28T06:07:48.867093+00:00 [queued]>
[2026-04-28T06:17:20.666+0000] {taskinstance.py:2076} INFO - Dependencies all met for dep_context=requeueable deps ti=<TaskInstance: etl_geospatial_surabaya.load_to_postgis_database manual__2026-04-28T06:07:48.867093+00:00 [queued]>
[2026-04-28T06:17:20.667+0000] {taskinstance.py:2306} INFO - Starting attempt 2 of 2
[2026-04-28T06:17:20.678+0000] {taskinstance.py:2330} INFO - Executing <Task(PythonOperator): load_to_postgis_database> on 2026-04-28 06:07:48.867093+00:00
[2026-04-28T06:17:20.693+0000] {logging_mixin.py:188} WARNING - /home/***/.local/lib/python3.12/site-packages/***/task/task_runner/standard_task_runner.py:61 DeprecationWarning: This process (pid=336) is multi-threaded, use of fork() may lead to deadlocks in the child.
[2026-04-28T06:17:20.690+0000] {standard_task_runner.py:90} INFO - Running: ['***', 'tasks', 'run', 'etl_geospatial_surabaya', 'load_to_postgis_database', 'manual__2026-04-28T06:07:48.867093+00:00', '--job-id', '31', '--raw', '--subdir', 'DAGS_FOLDER/dag_geospatial.py', '--cfg-path', '/tmp/tmpij77lsvw']
[2026-04-28T06:17:20.695+0000] {standard_task_runner.py:63} INFO - Started process 340 to run task
[2026-04-28T06:17:20.696+0000] {standard_task_runner.py:91} INFO - Job 31: Subtask load_to_postgis_database
[2026-04-28T06:17:20.777+0000] {task_command.py:426} INFO - Running <TaskInstance: etl_geospatial_surabaya.load_to_postgis_database manual__2026-04-28T06:07:48.867093+00:00 [running]> on host 04581377e25d
[2026-04-28T06:17:20.837+0000] {taskinstance.py:2648} INFO - Exporting env vars: AIRFLOW_CTX_DAG_OWNER='dimas' AIRFLOW_CTX_DAG_ID='etl_geospatial_surabaya' AIRFLOW_CTX_TASK_ID='load_to_postgis_database' AIRFLOW_CTX_EXECUTION_DATE='2026-04-28T06:07:48.867093+00:00' AIRFLOW_CTX_TRY_NUMBER='2' AIRFLOW_CTX_DAG_RUN_ID='manual__2026-04-28T06:07:48.867093+00:00'
[2026-04-28T06:17:20.838+0000] {taskinstance.py:430} INFO - ::endgroup::
[2026-04-28T06:17:20.922+0000] {logging_mixin.py:188} INFO - Memasukkan data ke tabel health_facilities...
[2026-04-28T06:17:21.023+0000] {logging_mixin.py:188} INFO - Memperbarui metadata...
[2026-04-28T06:17:21.026+0000] {logging_mixin.py:188} INFO - BERHASIL! 76 data masuk ke PostGIS.
[2026-04-28T06:17:21.027+0000] {python.py:237} INFO - Done. Returned value was: None
[2026-04-28T06:17:21.028+0000] {taskinstance.py:441} INFO - ::group::Post task execution logs
[2026-04-28T06:17:21.039+0000] {taskinstance.py:1206} INFO - Marking task as SUCCESS. dag_id=etl_geospatial_surabaya, task_id=load_to_postgis_database, run_id=manual__2026-04-28T06:07:48.867093+00:00, execution_date=20260428T060748, start_date=20260428T061720, end_date=20260428T061721
[2026-04-28T06:17:21.071+0000] {local_task_job_runner.py:240} INFO - Task exited with return code 0
[2026-04-28T06:17:21.092+0000] {taskinstance.py:3503} INFO - 0 downstream tasks scheduled from follow-on schedule check
[2026-04-28T06:17:21.096+0000] {local_task_job_runner.py:222} INFO - ::endgroup::
