[2026-04-28T06:19:07.353+0000] {local_task_job_runner.py:120} INFO - ::group::Pre task execution logs
[2026-04-28T06:19:07.372+0000] {taskinstance.py:2076} INFO - Dependencies all met for dep_context=non-requeueable deps ti=<TaskInstance: etl_geospatial_surabaya.load_to_postgis_database manual__2026-04-28T06:18:59.886692+00:00 [queued]>
[2026-04-28T06:19:07.378+0000] {taskinstance.py:2076} INFO - Dependencies all met for dep_context=requeueable deps ti=<TaskInstance: etl_geospatial_surabaya.load_to_postgis_database manual__2026-04-28T06:18:59.886692+00:00 [queued]>
[2026-04-28T06:19:07.378+0000] {taskinstance.py:2306} INFO - Starting attempt 1 of 2
[2026-04-28T06:19:07.388+0000] {taskinstance.py:2330} INFO - Executing <Task(PythonOperator): load_to_postgis_database> on 2026-04-28 06:18:59.886692+00:00
[2026-04-28T06:19:07.395+0000] {standard_task_runner.py:90} INFO - Running: ['***', 'tasks', 'run', 'etl_geospatial_surabaya', 'load_to_postgis_database', 'manual__2026-04-28T06:18:59.886692+00:00', '--job-id', '37', '--raw', '--subdir', 'DAGS_FOLDER/dag_geospatial.py', '--cfg-path', '/tmp/tmpnqbiu1uo']
[2026-04-28T06:19:07.397+0000] {logging_mixin.py:188} WARNING - /home/***/.local/lib/python3.12/site-packages/***/task/task_runner/standard_task_runner.py:61 DeprecationWarning: This process (pid=387) is multi-threaded, use of fork() may lead to deadlocks in the child.
[2026-04-28T06:19:07.401+0000] {standard_task_runner.py:91} INFO - Job 37: Subtask load_to_postgis_database
[2026-04-28T06:19:07.403+0000] {standard_task_runner.py:63} INFO - Started process 389 to run task
[2026-04-28T06:19:07.481+0000] {task_command.py:426} INFO - Running <TaskInstance: etl_geospatial_surabaya.load_to_postgis_database manual__2026-04-28T06:18:59.886692+00:00 [running]> on host 04581377e25d
[2026-04-28T06:19:07.550+0000] {taskinstance.py:2648} INFO - Exporting env vars: AIRFLOW_CTX_DAG_OWNER='dimas' AIRFLOW_CTX_DAG_ID='etl_geospatial_surabaya' AIRFLOW_CTX_TASK_ID='load_to_postgis_database' AIRFLOW_CTX_EXECUTION_DATE='2026-04-28T06:18:59.886692+00:00' AIRFLOW_CTX_TRY_NUMBER='1' AIRFLOW_CTX_DAG_RUN_ID='manual__2026-04-28T06:18:59.886692+00:00'
[2026-04-28T06:19:07.551+0000] {taskinstance.py:430} INFO - ::endgroup::
[2026-04-28T06:19:07.566+0000] {logging_mixin.py:188} INFO - Membaca data dari: /opt/***/dags/modules/../health_facilities.geojson
[2026-04-28T06:19:07.619+0000] {logging_mixin.py:188} INFO - Memasukkan data ke tabel health_facilities...
[2026-04-28T06:19:07.702+0000] {taskinstance.py:441} INFO - ::group::Post task execution logs
[2026-04-28T06:19:07.703+0000] {taskinstance.py:2905} ERROR - Task failed with exception
Traceback (most recent call last):
  File "/home/airflow/.local/lib/python3.12/site-packages/airflow/models/taskinstance.py", line 465, in _execute_task
    result = _execute_callable(context=context, **execute_callable_kwargs)
             ^^^^^^^^^^^^^^^^^^^^^^^^^^^^^^^^^^^^^^^^^^^^^^^^^^^^^^^^^^^^^
  File "/home/airflow/.local/lib/python3.12/site-packages/airflow/models/taskinstance.py", line 432, in _execute_callable
    return execute_callable(context=context, **execute_callable_kwargs)
           ^^^^^^^^^^^^^^^^^^^^^^^^^^^^^^^^^^^^^^^^^^^^^^^^^^^^^^^^^^^^
  File "/home/airflow/.local/lib/python3.12/site-packages/airflow/models/baseoperator.py", line 401, in wrapper
    return func(self, *args, **kwargs)
           ^^^^^^^^^^^^^^^^^^^^^^^^^^^
  File "/home/airflow/.local/lib/python3.12/site-packages/airflow/operators/python.py", line 235, in execute
    return_value = self.execute_callable()
                   ^^^^^^^^^^^^^^^^^^^^^^^
  File "/home/airflow/.local/lib/python3.12/site-packages/airflow/operators/python.py", line 252, in execute_callable
    return self.python_callable(*self.op_args, **self.op_kwargs)
           ^^^^^^^^^^^^^^^^^^^^^^^^^^^^^^^^^^^^^^^^^^^^^^^^^^^^^
  File "/opt/airflow/dags/modules/load_to_postgis.py", line 36, in load_data_to_postgis
    conn.commit()
    ^^^^^^^^^^^
AttributeError: 'Connection' object has no attribute 'commit'
[2026-04-28T06:19:07.720+0000] {taskinstance.py:1206} INFO - Marking task as UP_FOR_RETRY. dag_id=etl_geospatial_surabaya, task_id=load_to_postgis_database, run_id=manual__2026-04-28T06:18:59.886692+00:00, execution_date=20260428T061859, start_date=20260428T061907, end_date=20260428T061907
[2026-04-28T06:19:07.730+0000] {standard_task_runner.py:110} ERROR - Failed to execute job 37 for task load_to_postgis_database ('Connection' object has no attribute 'commit'; 389)
[2026-04-28T06:19:07.745+0000] {local_task_job_runner.py:240} INFO - Task exited with return code 1
[2026-04-28T06:19:07.757+0000] {taskinstance.py:3503} INFO - 0 downstream tasks scheduled from follow-on schedule check
[2026-04-28T06:19:07.759+0000] {local_task_job_runner.py:222} INFO - ::endgroup::
