[2026-04-27T16:45:18.362+0000] {local_task_job_runner.py:120} INFO - ::group::Pre task execution logs
[2026-04-27T16:45:18.388+0000] {taskinstance.py:2076} INFO - Dependencies all met for dep_context=non-requeueable deps ti=<TaskInstance: dag_project_de_etl.create_table manual__2026-04-27T16:45:14.596602+00:00 [queued]>
[2026-04-27T16:45:18.395+0000] {taskinstance.py:2076} INFO - Dependencies all met for dep_context=requeueable deps ti=<TaskInstance: dag_project_de_etl.create_table manual__2026-04-27T16:45:14.596602+00:00 [queued]>
[2026-04-27T16:45:18.396+0000] {taskinstance.py:2306} INFO - Starting attempt 1 of 1
[2026-04-27T16:45:18.407+0000] {taskinstance.py:2330} INFO - Executing <Task(PostgresOperator): create_table> on 2026-04-27 16:45:14.596602+00:00
[2026-04-27T16:45:18.417+0000] {logging_mixin.py:188} WARNING - /home/***/.local/lib/python3.12/site-packages/***/task/task_runner/standard_task_runner.py:61 DeprecationWarning: This process (pid=263) is multi-threaded, use of fork() may lead to deadlocks in the child.
[2026-04-27T16:45:18.414+0000] {standard_task_runner.py:90} INFO - Running: ['***', 'tasks', 'run', 'dag_project_de_etl', 'create_table', 'manual__2026-04-27T16:45:14.596602+00:00', '--job-id', '4', '--raw', '--subdir', 'DAGS_FOLDER/dag_etl.py', '--cfg-path', '/tmp/tmp9xjiybfv']
[2026-04-27T16:45:18.420+0000] {standard_task_runner.py:63} INFO - Started process 264 to run task
[2026-04-27T16:45:18.421+0000] {standard_task_runner.py:91} INFO - Job 4: Subtask create_table
[2026-04-27T16:45:18.506+0000] {task_command.py:426} INFO - Running <TaskInstance: dag_project_de_etl.create_table manual__2026-04-27T16:45:14.596602+00:00 [running]> on host d54136ac257b
[2026-04-27T16:45:18.580+0000] {taskinstance.py:2648} INFO - Exporting env vars: AIRFLOW_CTX_DAG_OWNER='dimas' AIRFLOW_CTX_DAG_ID='dag_project_de_etl' AIRFLOW_CTX_TASK_ID='create_table' AIRFLOW_CTX_EXECUTION_DATE='2026-04-27T16:45:14.596602+00:00' AIRFLOW_CTX_TRY_NUMBER='1' AIRFLOW_CTX_DAG_RUN_ID='manual__2026-04-27T16:45:14.596602+00:00'
[2026-04-27T16:45:18.582+0000] {taskinstance.py:430} INFO - ::endgroup::
[2026-04-27T16:45:18.593+0000] {sql.py:276} INFO - Executing: create table if not exists books (
    id serial,
    title text not null,
    author_name text,
    first_publish_year text
);
[2026-04-27T16:45:18.609+0000] {taskinstance.py:441} INFO - ::group::Post task execution logs
[2026-04-27T16:45:18.618+0000] {taskinstance.py:2905} ERROR - Task failed with exception
Traceback (most recent call last):
  File "/home/airflow/.local/lib/python3.12/site-packages/airflow/models/taskinstance.py", line 465, in _execute_task
    result = _execute_callable(context=context, **execute_callable_kwargs)
             ^^^^^^^^^^^^^^^^^^^^^^^^^^^^^^^^^^^^^^^^^^^^^^^^^^^^^^^^^^^^^
  File "/home/airflow/.local/lib/python3.12/site-packages/airflow/models/taskinstance.py", line 432, in _execute_callable
    return execute_callable(context=context, **execute_callable_kwargs)
           ^^^^^^^^^^^^^^^^^^^^^^^^^^^^^^^^^^^^^^^^^^^^^^^^^^^^^^^^^^^^
  File "/home/airflow/.local/lib/python3.12/site-packages/airflow/models/baseoperator.py", line 401, in wrapper
    return func(self, *args, **kwargs)
           ^^^^^^^^^^^^^^^^^^^^^^^^^^^
  File "/home/airflow/.local/lib/python3.12/site-packages/airflow/providers/common/sql/operators/sql.py", line 277, in execute
    hook = self.get_db_hook()
           ^^^^^^^^^^^^^^^^^^
  File "/home/airflow/.local/lib/python3.12/site-packages/airflow/providers/common/sql/operators/sql.py", line 188, in get_db_hook
    return self._hook
           ^^^^^^^^^^
  File "/usr/local/lib/python3.12/functools.py", line 995, in __get__
    val = self.func(instance)
          ^^^^^^^^^^^^^^^^^^^
  File "/home/airflow/.local/lib/python3.12/site-packages/airflow/providers/common/sql/operators/sql.py", line 150, in _hook
    conn = BaseHook.get_connection(conn_id)
           ^^^^^^^^^^^^^^^^^^^^^^^^^^^^^^^^
  File "/home/airflow/.local/lib/python3.12/site-packages/airflow/hooks/base.py", line 83, in get_connection
    conn = Connection.get_connection_from_secrets(conn_id)
           ^^^^^^^^^^^^^^^^^^^^^^^^^^^^^^^^^^^^^^^^^^^^^^^
  File "/home/airflow/.local/lib/python3.12/site-packages/airflow/models/connection.py", line 519, in get_connection_from_secrets
    raise AirflowNotFoundException(f"The conn_id `{conn_id}` isn't defined")
airflow.exceptions.AirflowNotFoundException: The conn_id `books_connection` isn't defined
[2026-04-27T16:45:18.624+0000] {taskinstance.py:1206} INFO - Marking task as FAILED. dag_id=dag_project_de_etl, task_id=create_table, run_id=manual__2026-04-27T16:45:14.596602+00:00, execution_date=20260427T164514, start_date=20260427T164518, end_date=20260427T164518
[2026-04-27T16:45:18.634+0000] {standard_task_runner.py:110} ERROR - Failed to execute job 4 for task create_table (The conn_id `books_connection` isn't defined; 264)
[2026-04-27T16:45:18.643+0000] {local_task_job_runner.py:240} INFO - Task exited with return code 1
[2026-04-27T16:45:18.657+0000] {taskinstance.py:3503} INFO - 0 downstream tasks scheduled from follow-on schedule check
[2026-04-27T16:45:18.660+0000] {local_task_job_runner.py:222} INFO - ::endgroup::
