[2026-04-28T06:19:01.321+0000] {local_task_job_runner.py:120} INFO - ::group::Pre task execution logs
[2026-04-28T06:19:01.343+0000] {taskinstance.py:2076} INFO - Dependencies all met for dep_context=non-requeueable deps ti=<TaskInstance: etl_geospatial_surabaya.extract_from_osm manual__2026-04-28T06:18:59.886692+00:00 [queued]>
[2026-04-28T06:19:01.350+0000] {taskinstance.py:2076} INFO - Dependencies all met for dep_context=requeueable deps ti=<TaskInstance: etl_geospatial_surabaya.extract_from_osm manual__2026-04-28T06:18:59.886692+00:00 [queued]>
[2026-04-28T06:19:01.352+0000] {taskinstance.py:2306} INFO - Starting attempt 1 of 2
[2026-04-28T06:19:01.364+0000] {taskinstance.py:2330} INFO - Executing <Task(PythonOperator): extract_from_osm> on 2026-04-28 06:18:59.886692+00:00
[2026-04-28T06:19:01.372+0000] {standard_task_runner.py:90} INFO - Running: ['***', 'tasks', 'run', 'etl_geospatial_surabaya', 'extract_from_osm', 'manual__2026-04-28T06:18:59.886692+00:00', '--job-id', '35', '--raw', '--subdir', 'DAGS_FOLDER/dag_geospatial.py', '--cfg-path', '/tmp/tmpb9mgs988']
[2026-04-28T06:19:01.375+0000] {logging_mixin.py:188} WARNING - /home/***/.local/lib/python3.12/site-packages/***/task/task_runner/standard_task_runner.py:61 DeprecationWarning: This process (pid=381) is multi-threaded, use of fork() may lead to deadlocks in the child.
[2026-04-28T06:19:01.376+0000] {standard_task_runner.py:91} INFO - Job 35: Subtask extract_from_osm
[2026-04-28T06:19:01.376+0000] {standard_task_runner.py:63} INFO - Started process 383 to run task
[2026-04-28T06:19:01.450+0000] {task_command.py:426} INFO - Running <TaskInstance: etl_geospatial_surabaya.extract_from_osm manual__2026-04-28T06:18:59.886692+00:00 [running]> on host 04581377e25d
[2026-04-28T06:19:01.531+0000] {taskinstance.py:2648} INFO - Exporting env vars: AIRFLOW_CTX_DAG_OWNER='dimas' AIRFLOW_CTX_DAG_ID='etl_geospatial_surabaya' AIRFLOW_CTX_TASK_ID='extract_from_osm' AIRFLOW_CTX_EXECUTION_DATE='2026-04-28T06:18:59.886692+00:00' AIRFLOW_CTX_TRY_NUMBER='1' AIRFLOW_CTX_DAG_RUN_ID='manual__2026-04-28T06:18:59.886692+00:00'
[2026-04-28T06:19:01.533+0000] {taskinstance.py:430} INFO - ::endgroup::
[2026-04-28T06:19:01.543+0000] {logging_mixin.py:188} INFO - Sedang mengambil data dari OpenStreetMap...
[2026-04-28T06:19:03.552+0000] {logging_mixin.py:188} INFO - Berhasil! Tersimpan di: /opt/***/dags/modules/../raw_health_facilities.json
[2026-04-28T06:19:03.554+0000] {python.py:237} INFO - Done. Returned value was: True
[2026-04-28T06:19:03.556+0000] {taskinstance.py:441} INFO - ::group::Post task execution logs
[2026-04-28T06:19:03.597+0000] {taskinstance.py:1206} INFO - Marking task as SUCCESS. dag_id=etl_geospatial_surabaya, task_id=extract_from_osm, run_id=manual__2026-04-28T06:18:59.886692+00:00, execution_date=20260428T061859, start_date=20260428T061901, end_date=20260428T061903
[2026-04-28T06:19:03.649+0000] {local_task_job_runner.py:240} INFO - Task exited with return code 0
[2026-04-28T06:19:03.680+0000] {taskinstance.py:3503} INFO - 1 downstream tasks scheduled from follow-on schedule check
[2026-04-28T06:19:03.684+0000] {local_task_job_runner.py:222} INFO - ::endgroup::
