[2026-04-19T14:07:38.781+0000] {processor.py:161} INFO - Started process (PID=172) to work on /opt/airflow/dags/dag_pertamaku.py
[2026-04-19T14:07:38.783+0000] {processor.py:830} INFO - Processing file /opt/airflow/dags/dag_pertamaku.py for tasks to queue
[2026-04-19T14:07:38.787+0000] {logging_mixin.py:188} INFO - [2026-04-19T14:07:38.786+0000] {dagbag.py:545} INFO - Filling up the DagBag from /opt/airflow/dags/dag_pertamaku.py
[2026-04-19T14:07:38.995+0000] {processor.py:840} INFO - DAG(s) 'dag_pertama' retrieved from /opt/airflow/dags/dag_pertamaku.py
[2026-04-19T14:07:39.265+0000] {logging_mixin.py:188} INFO - [2026-04-19T14:07:39.265+0000] {override.py:1829} INFO - Created Permission View: can delete on DAG:dag_pertama
[2026-04-19T14:07:39.276+0000] {logging_mixin.py:188} INFO - [2026-04-19T14:07:39.275+0000] {override.py:1829} INFO - Created Permission View: can edit on DAG:dag_pertama
[2026-04-19T14:07:39.282+0000] {logging_mixin.py:188} INFO - [2026-04-19T14:07:39.281+0000] {override.py:1829} INFO - Created Permission View: can read on DAG:dag_pertama
[2026-04-19T14:07:39.283+0000] {logging_mixin.py:188} INFO - [2026-04-19T14:07:39.282+0000] {dag.py:3096} INFO - Sync 1 DAGs
[2026-04-19T14:07:39.293+0000] {logging_mixin.py:188} INFO - [2026-04-19T14:07:39.293+0000] {dag.py:3118} INFO - Creating ORM DAG for dag_pertama
[2026-04-19T14:07:39.303+0000] {logging_mixin.py:188} INFO - [2026-04-19T14:07:39.303+0000] {dag.py:3954} INFO - Setting next_dagrun for dag_pertama to 2026-04-18 00:00:00+00:00, run_after=2026-04-19 00:00:00+00:00
[2026-04-19T14:07:39.321+0000] {processor.py:183} INFO - Processing /opt/airflow/dags/dag_pertamaku.py took 0.551 seconds
[2026-04-19T14:08:09.586+0000] {processor.py:161} INFO - Started process (PID=177) to work on /opt/airflow/dags/dag_pertamaku.py
[2026-04-19T14:08:09.587+0000] {processor.py:830} INFO - Processing file /opt/airflow/dags/dag_pertamaku.py for tasks to queue
[2026-04-19T14:08:09.589+0000] {logging_mixin.py:188} INFO - [2026-04-19T14:08:09.589+0000] {dagbag.py:545} INFO - Filling up the DagBag from /opt/airflow/dags/dag_pertamaku.py
[2026-04-19T14:08:09.616+0000] {processor.py:840} INFO - DAG(s) 'dag_pertama' retrieved from /opt/airflow/dags/dag_pertamaku.py
[2026-04-19T14:08:09.637+0000] {logging_mixin.py:188} INFO - [2026-04-19T14:08:09.636+0000] {dag.py:3096} INFO - Sync 1 DAGs
[2026-04-19T14:08:09.654+0000] {logging_mixin.py:188} INFO - [2026-04-19T14:08:09.654+0000] {dag.py:3954} INFO - Setting next_dagrun for dag_pertama to 2026-04-18 00:00:00+00:00, run_after=2026-04-19 00:00:00+00:00
[2026-04-19T14:08:09.675+0000] {processor.py:183} INFO - Processing /opt/airflow/dags/dag_pertamaku.py took 0.093 seconds
[2026-04-19T14:08:40.330+0000] {processor.py:161} INFO - Started process (PID=182) to work on /opt/airflow/dags/dag_pertamaku.py
[2026-04-19T14:08:40.333+0000] {processor.py:830} INFO - Processing file /opt/airflow/dags/dag_pertamaku.py for tasks to queue
[2026-04-19T14:08:40.338+0000] {logging_mixin.py:188} INFO - [2026-04-19T14:08:40.337+0000] {dagbag.py:545} INFO - Filling up the DagBag from /opt/airflow/dags/dag_pertamaku.py
[2026-04-19T14:08:40.399+0000] {processor.py:840} INFO - DAG(s) 'dag_pertama' retrieved from /opt/airflow/dags/dag_pertamaku.py
[2026-04-19T14:08:40.425+0000] {logging_mixin.py:188} INFO - [2026-04-19T14:08:40.424+0000] {dag.py:3096} INFO - Sync 1 DAGs
[2026-04-19T14:08:40.444+0000] {logging_mixin.py:188} INFO - [2026-04-19T14:08:40.444+0000] {dag.py:3954} INFO - Setting next_dagrun for dag_pertama to 2026-04-18 00:00:00+00:00, run_after=2026-04-19 00:00:00+00:00
[2026-04-19T14:08:40.469+0000] {processor.py:183} INFO - Processing /opt/airflow/dags/dag_pertamaku.py took 0.151 seconds
[2026-04-19T14:09:11.250+0000] {processor.py:161} INFO - Started process (PID=187) to work on /opt/airflow/dags/dag_pertamaku.py
[2026-04-19T14:09:11.252+0000] {processor.py:830} INFO - Processing file /opt/airflow/dags/dag_pertamaku.py for tasks to queue
[2026-04-19T14:09:11.254+0000] {logging_mixin.py:188} INFO - [2026-04-19T14:09:11.254+0000] {dagbag.py:545} INFO - Filling up the DagBag from /opt/airflow/dags/dag_pertamaku.py
[2026-04-19T14:09:11.334+0000] {processor.py:840} INFO - DAG(s) 'dag_pertama' retrieved from /opt/airflow/dags/dag_pertamaku.py
[2026-04-19T14:09:11.361+0000] {logging_mixin.py:188} INFO - [2026-04-19T14:09:11.361+0000] {dag.py:3096} INFO - Sync 1 DAGs
[2026-04-19T14:09:11.381+0000] {logging_mixin.py:188} INFO - [2026-04-19T14:09:11.381+0000] {dag.py:3954} INFO - Setting next_dagrun for dag_pertama to 2026-04-18 00:00:00+00:00, run_after=2026-04-19 00:00:00+00:00
[2026-04-19T14:09:11.408+0000] {processor.py:183} INFO - Processing /opt/airflow/dags/dag_pertamaku.py took 0.166 seconds
[2026-04-19T14:09:41.931+0000] {processor.py:161} INFO - Started process (PID=192) to work on /opt/airflow/dags/dag_pertamaku.py
[2026-04-19T14:09:41.933+0000] {processor.py:830} INFO - Processing file /opt/airflow/dags/dag_pertamaku.py for tasks to queue
[2026-04-19T14:09:41.934+0000] {logging_mixin.py:188} INFO - [2026-04-19T14:09:41.934+0000] {dagbag.py:545} INFO - Filling up the DagBag from /opt/airflow/dags/dag_pertamaku.py
[2026-04-19T14:09:41.982+0000] {processor.py:840} INFO - DAG(s) 'dag_pertama' retrieved from /opt/airflow/dags/dag_pertamaku.py
[2026-04-19T14:09:42.005+0000] {logging_mixin.py:188} INFO - [2026-04-19T14:09:42.005+0000] {dag.py:3096} INFO - Sync 1 DAGs
[2026-04-19T14:09:42.025+0000] {logging_mixin.py:188} INFO - [2026-04-19T14:09:42.025+0000] {dag.py:3954} INFO - Setting next_dagrun for dag_pertama to 2026-04-18 00:00:00+00:00, run_after=2026-04-19 00:00:00+00:00
[2026-04-19T14:09:42.047+0000] {processor.py:183} INFO - Processing /opt/airflow/dags/dag_pertamaku.py took 0.121 seconds
[2026-04-19T14:10:12.823+0000] {processor.py:161} INFO - Started process (PID=197) to work on /opt/airflow/dags/dag_pertamaku.py
[2026-04-19T14:10:12.824+0000] {processor.py:830} INFO - Processing file /opt/airflow/dags/dag_pertamaku.py for tasks to queue
[2026-04-19T14:10:12.826+0000] {logging_mixin.py:188} INFO - [2026-04-19T14:10:12.826+0000] {dagbag.py:545} INFO - Filling up the DagBag from /opt/airflow/dags/dag_pertamaku.py
[2026-04-19T14:10:12.854+0000] {processor.py:840} INFO - DAG(s) 'dag_pertama' retrieved from /opt/airflow/dags/dag_pertamaku.py
[2026-04-19T14:10:12.882+0000] {logging_mixin.py:188} INFO - [2026-04-19T14:10:12.881+0000] {dag.py:3096} INFO - Sync 1 DAGs
[2026-04-19T14:10:12.900+0000] {logging_mixin.py:188} INFO - [2026-04-19T14:10:12.900+0000] {dag.py:3954} INFO - Setting next_dagrun for dag_pertama to 2026-04-18 00:00:00+00:00, run_after=2026-04-19 00:00:00+00:00
[2026-04-19T14:10:12.933+0000] {processor.py:183} INFO - Processing /opt/airflow/dags/dag_pertamaku.py took 0.115 seconds
[2026-04-19T14:10:43.603+0000] {processor.py:161} INFO - Started process (PID=202) to work on /opt/airflow/dags/dag_pertamaku.py
[2026-04-19T14:10:43.604+0000] {processor.py:830} INFO - Processing file /opt/airflow/dags/dag_pertamaku.py for tasks to queue
[2026-04-19T14:10:43.606+0000] {logging_mixin.py:188} INFO - [2026-04-19T14:10:43.606+0000] {dagbag.py:545} INFO - Filling up the DagBag from /opt/airflow/dags/dag_pertamaku.py
[2026-04-19T14:10:43.682+0000] {processor.py:840} INFO - DAG(s) 'dag_pertama' retrieved from /opt/airflow/dags/dag_pertamaku.py
[2026-04-19T14:10:43.705+0000] {logging_mixin.py:188} INFO - [2026-04-19T14:10:43.705+0000] {dag.py:3096} INFO - Sync 1 DAGs
[2026-04-19T14:10:43.723+0000] {logging_mixin.py:188} INFO - [2026-04-19T14:10:43.722+0000] {dag.py:3954} INFO - Setting next_dagrun for dag_pertama to 2026-04-18 00:00:00+00:00, run_after=2026-04-19 00:00:00+00:00
[2026-04-19T14:10:43.743+0000] {processor.py:183} INFO - Processing /opt/airflow/dags/dag_pertamaku.py took 0.144 seconds
[2026-04-19T14:11:14.358+0000] {processor.py:161} INFO - Started process (PID=207) to work on /opt/airflow/dags/dag_pertamaku.py
[2026-04-19T14:11:14.358+0000] {processor.py:830} INFO - Processing file /opt/airflow/dags/dag_pertamaku.py for tasks to queue
[2026-04-19T14:11:14.360+0000] {logging_mixin.py:188} INFO - [2026-04-19T14:11:14.360+0000] {dagbag.py:545} INFO - Filling up the DagBag from /opt/airflow/dags/dag_pertamaku.py
[2026-04-19T14:11:14.389+0000] {processor.py:840} INFO - DAG(s) 'dag_pertama' retrieved from /opt/airflow/dags/dag_pertamaku.py
[2026-04-19T14:11:14.412+0000] {logging_mixin.py:188} INFO - [2026-04-19T14:11:14.412+0000] {dag.py:3096} INFO - Sync 1 DAGs
[2026-04-19T14:11:14.430+0000] {logging_mixin.py:188} INFO - [2026-04-19T14:11:14.429+0000] {dag.py:3954} INFO - Setting next_dagrun for dag_pertama to 2026-04-18 00:00:00+00:00, run_after=2026-04-19 00:00:00+00:00
[2026-04-19T14:11:14.451+0000] {processor.py:183} INFO - Processing /opt/airflow/dags/dag_pertamaku.py took 0.099 seconds
[2026-04-19T14:11:45.242+0000] {processor.py:161} INFO - Started process (PID=212) to work on /opt/airflow/dags/dag_pertamaku.py
[2026-04-19T14:11:45.243+0000] {processor.py:830} INFO - Processing file /opt/airflow/dags/dag_pertamaku.py for tasks to queue
[2026-04-19T14:11:45.246+0000] {logging_mixin.py:188} INFO - [2026-04-19T14:11:45.246+0000] {dagbag.py:545} INFO - Filling up the DagBag from /opt/airflow/dags/dag_pertamaku.py
[2026-04-19T14:11:45.316+0000] {processor.py:840} INFO - DAG(s) 'dag_pertama' retrieved from /opt/airflow/dags/dag_pertamaku.py
[2026-04-19T14:11:45.339+0000] {logging_mixin.py:188} INFO - [2026-04-19T14:11:45.338+0000] {dag.py:3096} INFO - Sync 1 DAGs
[2026-04-19T14:11:45.357+0000] {logging_mixin.py:188} INFO - [2026-04-19T14:11:45.356+0000] {dag.py:3954} INFO - Setting next_dagrun for dag_pertama to 2026-04-18 00:00:00+00:00, run_after=2026-04-19 00:00:00+00:00
[2026-04-19T14:11:45.379+0000] {processor.py:183} INFO - Processing /opt/airflow/dags/dag_pertamaku.py took 0.142 seconds
[2026-04-19T14:12:16.031+0000] {processor.py:161} INFO - Started process (PID=217) to work on /opt/airflow/dags/dag_pertamaku.py
[2026-04-19T14:12:16.035+0000] {processor.py:830} INFO - Processing file /opt/airflow/dags/dag_pertamaku.py for tasks to queue
[2026-04-19T14:12:16.044+0000] {logging_mixin.py:188} INFO - [2026-04-19T14:12:16.042+0000] {dagbag.py:545} INFO - Filling up the DagBag from /opt/airflow/dags/dag_pertamaku.py
[2026-04-19T14:12:16.141+0000] {processor.py:840} INFO - DAG(s) 'dag_pertama' retrieved from /opt/airflow/dags/dag_pertamaku.py
[2026-04-19T14:12:16.163+0000] {logging_mixin.py:188} INFO - [2026-04-19T14:12:16.162+0000] {dag.py:3096} INFO - Sync 1 DAGs
[2026-04-19T14:12:16.178+0000] {logging_mixin.py:188} INFO - [2026-04-19T14:12:16.178+0000] {dag.py:3954} INFO - Setting next_dagrun for dag_pertama to 2026-04-18 00:00:00+00:00, run_after=2026-04-19 00:00:00+00:00
[2026-04-19T14:12:16.206+0000] {processor.py:183} INFO - Processing /opt/airflow/dags/dag_pertamaku.py took 0.198 seconds
[2026-04-19T14:12:46.880+0000] {processor.py:161} INFO - Started process (PID=222) to work on /opt/airflow/dags/dag_pertamaku.py
[2026-04-19T14:12:46.881+0000] {processor.py:830} INFO - Processing file /opt/airflow/dags/dag_pertamaku.py for tasks to queue
[2026-04-19T14:12:46.882+0000] {logging_mixin.py:188} INFO - [2026-04-19T14:12:46.882+0000] {dagbag.py:545} INFO - Filling up the DagBag from /opt/airflow/dags/dag_pertamaku.py
[2026-04-19T14:12:46.922+0000] {processor.py:840} INFO - DAG(s) 'dag_pertama' retrieved from /opt/airflow/dags/dag_pertamaku.py
[2026-04-19T14:12:46.943+0000] {logging_mixin.py:188} INFO - [2026-04-19T14:12:46.942+0000] {dag.py:3096} INFO - Sync 1 DAGs
[2026-04-19T14:12:46.960+0000] {logging_mixin.py:188} INFO - [2026-04-19T14:12:46.960+0000] {dag.py:3954} INFO - Setting next_dagrun for dag_pertama to 2026-04-18 00:00:00+00:00, run_after=2026-04-19 00:00:00+00:00
[2026-04-19T14:12:46.985+0000] {processor.py:183} INFO - Processing /opt/airflow/dags/dag_pertamaku.py took 0.111 seconds
[2026-04-19T14:13:17.637+0000] {processor.py:161} INFO - Started process (PID=227) to work on /opt/airflow/dags/dag_pertamaku.py
[2026-04-19T14:13:17.638+0000] {processor.py:830} INFO - Processing file /opt/airflow/dags/dag_pertamaku.py for tasks to queue
[2026-04-19T14:13:17.641+0000] {logging_mixin.py:188} INFO - [2026-04-19T14:13:17.641+0000] {dagbag.py:545} INFO - Filling up the DagBag from /opt/airflow/dags/dag_pertamaku.py
[2026-04-19T14:13:17.689+0000] {processor.py:840} INFO - DAG(s) 'dag_pertama' retrieved from /opt/airflow/dags/dag_pertamaku.py
[2026-04-19T14:13:17.709+0000] {logging_mixin.py:188} INFO - [2026-04-19T14:13:17.709+0000] {dag.py:3096} INFO - Sync 1 DAGs
[2026-04-19T14:13:17.724+0000] {logging_mixin.py:188} INFO - [2026-04-19T14:13:17.724+0000] {dag.py:3954} INFO - Setting next_dagrun for dag_pertama to 2026-04-18 00:00:00+00:00, run_after=2026-04-19 00:00:00+00:00
[2026-04-19T14:13:17.744+0000] {processor.py:183} INFO - Processing /opt/airflow/dags/dag_pertamaku.py took 0.112 seconds
[2026-04-19T14:13:48.295+0000] {processor.py:161} INFO - Started process (PID=232) to work on /opt/airflow/dags/dag_pertamaku.py
[2026-04-19T14:13:48.297+0000] {processor.py:830} INFO - Processing file /opt/airflow/dags/dag_pertamaku.py for tasks to queue
[2026-04-19T14:13:48.299+0000] {logging_mixin.py:188} INFO - [2026-04-19T14:13:48.299+0000] {dagbag.py:545} INFO - Filling up the DagBag from /opt/airflow/dags/dag_pertamaku.py
[2026-04-19T14:13:48.353+0000] {processor.py:840} INFO - DAG(s) 'dag_pertama' retrieved from /opt/airflow/dags/dag_pertamaku.py
[2026-04-19T14:13:48.377+0000] {logging_mixin.py:188} INFO - [2026-04-19T14:13:48.377+0000] {dag.py:3096} INFO - Sync 1 DAGs
[2026-04-19T14:13:48.396+0000] {logging_mixin.py:188} INFO - [2026-04-19T14:13:48.396+0000] {dag.py:3954} INFO - Setting next_dagrun for dag_pertama to 2026-04-18 00:00:00+00:00, run_after=2026-04-19 00:00:00+00:00
[2026-04-19T14:13:48.416+0000] {processor.py:183} INFO - Processing /opt/airflow/dags/dag_pertamaku.py took 0.126 seconds
[2026-04-19T14:14:19.124+0000] {processor.py:161} INFO - Started process (PID=237) to work on /opt/airflow/dags/dag_pertamaku.py
[2026-04-19T14:14:19.125+0000] {processor.py:830} INFO - Processing file /opt/airflow/dags/dag_pertamaku.py for tasks to queue
[2026-04-19T14:14:19.126+0000] {logging_mixin.py:188} INFO - [2026-04-19T14:14:19.126+0000] {dagbag.py:545} INFO - Filling up the DagBag from /opt/airflow/dags/dag_pertamaku.py
[2026-04-19T14:14:19.161+0000] {processor.py:840} INFO - DAG(s) 'dag_pertama' retrieved from /opt/airflow/dags/dag_pertamaku.py
[2026-04-19T14:14:19.183+0000] {logging_mixin.py:188} INFO - [2026-04-19T14:14:19.183+0000] {dag.py:3096} INFO - Sync 1 DAGs
[2026-04-19T14:14:19.200+0000] {logging_mixin.py:188} INFO - [2026-04-19T14:14:19.200+0000] {dag.py:3954} INFO - Setting next_dagrun for dag_pertama to 2026-04-18 00:00:00+00:00, run_after=2026-04-19 00:00:00+00:00
[2026-04-19T14:14:19.225+0000] {processor.py:183} INFO - Processing /opt/airflow/dags/dag_pertamaku.py took 0.106 seconds
[2026-04-19T14:14:49.864+0000] {processor.py:161} INFO - Started process (PID=242) to work on /opt/airflow/dags/dag_pertamaku.py
[2026-04-19T14:14:49.865+0000] {processor.py:830} INFO - Processing file /opt/airflow/dags/dag_pertamaku.py for tasks to queue
[2026-04-19T14:14:49.867+0000] {logging_mixin.py:188} INFO - [2026-04-19T14:14:49.866+0000] {dagbag.py:545} INFO - Filling up the DagBag from /opt/airflow/dags/dag_pertamaku.py
[2026-04-19T14:14:49.895+0000] {processor.py:840} INFO - DAG(s) 'dag_pertama' retrieved from /opt/airflow/dags/dag_pertamaku.py
[2026-04-19T14:14:49.919+0000] {logging_mixin.py:188} INFO - [2026-04-19T14:14:49.918+0000] {dag.py:3096} INFO - Sync 1 DAGs
[2026-04-19T14:14:49.942+0000] {logging_mixin.py:188} INFO - [2026-04-19T14:14:49.942+0000] {dag.py:3954} INFO - Setting next_dagrun for dag_pertama to 2026-04-18 00:00:00+00:00, run_after=2026-04-19 00:00:00+00:00
[2026-04-19T14:14:49.966+0000] {processor.py:183} INFO - Processing /opt/airflow/dags/dag_pertamaku.py took 0.109 seconds
[2026-04-19T14:15:20.655+0000] {processor.py:161} INFO - Started process (PID=247) to work on /opt/airflow/dags/dag_pertamaku.py
[2026-04-19T14:15:20.656+0000] {processor.py:830} INFO - Processing file /opt/airflow/dags/dag_pertamaku.py for tasks to queue
[2026-04-19T14:15:20.658+0000] {logging_mixin.py:188} INFO - [2026-04-19T14:15:20.658+0000] {dagbag.py:545} INFO - Filling up the DagBag from /opt/airflow/dags/dag_pertamaku.py
[2026-04-19T14:15:20.709+0000] {processor.py:840} INFO - DAG(s) 'dag_pertama' retrieved from /opt/airflow/dags/dag_pertamaku.py
[2026-04-19T14:15:20.736+0000] {logging_mixin.py:188} INFO - [2026-04-19T14:15:20.736+0000] {dag.py:3096} INFO - Sync 1 DAGs
[2026-04-19T14:15:20.755+0000] {logging_mixin.py:188} INFO - [2026-04-19T14:15:20.754+0000] {dag.py:3954} INFO - Setting next_dagrun for dag_pertama to 2026-04-18 00:00:00+00:00, run_after=2026-04-19 00:00:00+00:00
[2026-04-19T14:15:20.777+0000] {processor.py:183} INFO - Processing /opt/airflow/dags/dag_pertamaku.py took 0.128 seconds
[2026-04-19T14:15:51.295+0000] {processor.py:161} INFO - Started process (PID=252) to work on /opt/airflow/dags/dag_pertamaku.py
[2026-04-19T14:15:51.296+0000] {processor.py:830} INFO - Processing file /opt/airflow/dags/dag_pertamaku.py for tasks to queue
[2026-04-19T14:15:51.298+0000] {logging_mixin.py:188} INFO - [2026-04-19T14:15:51.298+0000] {dagbag.py:545} INFO - Filling up the DagBag from /opt/airflow/dags/dag_pertamaku.py
[2026-04-19T14:15:51.387+0000] {processor.py:840} INFO - DAG(s) 'dag_pertama' retrieved from /opt/airflow/dags/dag_pertamaku.py
[2026-04-19T14:15:51.418+0000] {logging_mixin.py:188} INFO - [2026-04-19T14:15:51.418+0000] {dag.py:3096} INFO - Sync 1 DAGs
[2026-04-19T14:15:51.438+0000] {logging_mixin.py:188} INFO - [2026-04-19T14:15:51.438+0000] {dag.py:3954} INFO - Setting next_dagrun for dag_pertama to 2026-04-18 00:00:00+00:00, run_after=2026-04-19 00:00:00+00:00
[2026-04-19T14:15:51.466+0000] {processor.py:183} INFO - Processing /opt/airflow/dags/dag_pertamaku.py took 0.175 seconds
[2026-04-19T14:16:22.189+0000] {processor.py:161} INFO - Started process (PID=257) to work on /opt/airflow/dags/dag_pertamaku.py
[2026-04-19T14:16:22.190+0000] {processor.py:830} INFO - Processing file /opt/airflow/dags/dag_pertamaku.py for tasks to queue
[2026-04-19T14:16:22.193+0000] {logging_mixin.py:188} INFO - [2026-04-19T14:16:22.192+0000] {dagbag.py:545} INFO - Filling up the DagBag from /opt/airflow/dags/dag_pertamaku.py
[2026-04-19T14:16:22.247+0000] {processor.py:840} INFO - DAG(s) 'dag_pertama' retrieved from /opt/airflow/dags/dag_pertamaku.py
[2026-04-19T14:16:22.279+0000] {logging_mixin.py:188} INFO - [2026-04-19T14:16:22.279+0000] {dag.py:3096} INFO - Sync 1 DAGs
[2026-04-19T14:16:22.297+0000] {logging_mixin.py:188} INFO - [2026-04-19T14:16:22.297+0000] {dag.py:3954} INFO - Setting next_dagrun for dag_pertama to 2026-04-18 00:00:00+00:00, run_after=2026-04-19 00:00:00+00:00
[2026-04-19T14:16:22.324+0000] {processor.py:183} INFO - Processing /opt/airflow/dags/dag_pertamaku.py took 0.140 seconds
[2026-04-19T14:16:52.982+0000] {processor.py:161} INFO - Started process (PID=262) to work on /opt/airflow/dags/dag_pertamaku.py
[2026-04-19T14:16:52.985+0000] {processor.py:830} INFO - Processing file /opt/airflow/dags/dag_pertamaku.py for tasks to queue
[2026-04-19T14:16:52.988+0000] {logging_mixin.py:188} INFO - [2026-04-19T14:16:52.988+0000] {dagbag.py:545} INFO - Filling up the DagBag from /opt/airflow/dags/dag_pertamaku.py
[2026-04-19T14:16:53.048+0000] {processor.py:840} INFO - DAG(s) 'dag_pertama' retrieved from /opt/airflow/dags/dag_pertamaku.py
[2026-04-19T14:16:53.072+0000] {logging_mixin.py:188} INFO - [2026-04-19T14:16:53.072+0000] {dag.py:3096} INFO - Sync 1 DAGs
[2026-04-19T14:16:53.089+0000] {logging_mixin.py:188} INFO - [2026-04-19T14:16:53.088+0000] {dag.py:3954} INFO - Setting next_dagrun for dag_pertama to 2026-04-18 00:00:00+00:00, run_after=2026-04-19 00:00:00+00:00
[2026-04-19T14:16:53.106+0000] {processor.py:183} INFO - Processing /opt/airflow/dags/dag_pertamaku.py took 0.130 seconds
[2026-04-19T14:17:23.678+0000] {processor.py:161} INFO - Started process (PID=267) to work on /opt/airflow/dags/dag_pertamaku.py
[2026-04-19T14:17:23.679+0000] {processor.py:830} INFO - Processing file /opt/airflow/dags/dag_pertamaku.py for tasks to queue
[2026-04-19T14:17:23.681+0000] {logging_mixin.py:188} INFO - [2026-04-19T14:17:23.681+0000] {dagbag.py:545} INFO - Filling up the DagBag from /opt/airflow/dags/dag_pertamaku.py
[2026-04-19T14:17:23.742+0000] {processor.py:840} INFO - DAG(s) 'dag_pertama' retrieved from /opt/airflow/dags/dag_pertamaku.py
[2026-04-19T14:17:23.765+0000] {logging_mixin.py:188} INFO - [2026-04-19T14:17:23.765+0000] {dag.py:3096} INFO - Sync 1 DAGs
[2026-04-19T14:17:23.783+0000] {logging_mixin.py:188} INFO - [2026-04-19T14:17:23.782+0000] {dag.py:3954} INFO - Setting next_dagrun for dag_pertama to 2026-04-18 00:00:00+00:00, run_after=2026-04-19 00:00:00+00:00
[2026-04-19T14:17:23.807+0000] {processor.py:183} INFO - Processing /opt/airflow/dags/dag_pertamaku.py took 0.135 seconds
[2026-04-19T14:17:54.333+0000] {processor.py:161} INFO - Started process (PID=272) to work on /opt/airflow/dags/dag_pertamaku.py
[2026-04-19T14:17:54.335+0000] {processor.py:830} INFO - Processing file /opt/airflow/dags/dag_pertamaku.py for tasks to queue
[2026-04-19T14:17:54.337+0000] {logging_mixin.py:188} INFO - [2026-04-19T14:17:54.337+0000] {dagbag.py:545} INFO - Filling up the DagBag from /opt/airflow/dags/dag_pertamaku.py
[2026-04-19T14:17:54.388+0000] {processor.py:840} INFO - DAG(s) 'dag_pertama' retrieved from /opt/airflow/dags/dag_pertamaku.py
[2026-04-19T14:17:54.414+0000] {logging_mixin.py:188} INFO - [2026-04-19T14:17:54.414+0000] {dag.py:3096} INFO - Sync 1 DAGs
[2026-04-19T14:17:54.434+0000] {logging_mixin.py:188} INFO - [2026-04-19T14:17:54.434+0000] {dag.py:3954} INFO - Setting next_dagrun for dag_pertama to 2026-04-18 00:00:00+00:00, run_after=2026-04-19 00:00:00+00:00
[2026-04-19T14:17:54.454+0000] {processor.py:183} INFO - Processing /opt/airflow/dags/dag_pertamaku.py took 0.128 seconds
[2026-04-19T14:18:25.145+0000] {processor.py:161} INFO - Started process (PID=277) to work on /opt/airflow/dags/dag_pertamaku.py
[2026-04-19T14:18:25.146+0000] {processor.py:830} INFO - Processing file /opt/airflow/dags/dag_pertamaku.py for tasks to queue
[2026-04-19T14:18:25.148+0000] {logging_mixin.py:188} INFO - [2026-04-19T14:18:25.148+0000] {dagbag.py:545} INFO - Filling up the DagBag from /opt/airflow/dags/dag_pertamaku.py
[2026-04-19T14:18:25.189+0000] {processor.py:840} INFO - DAG(s) 'dag_pertama' retrieved from /opt/airflow/dags/dag_pertamaku.py
[2026-04-19T14:18:25.214+0000] {logging_mixin.py:188} INFO - [2026-04-19T14:18:25.213+0000] {dag.py:3096} INFO - Sync 1 DAGs
[2026-04-19T14:18:25.232+0000] {logging_mixin.py:188} INFO - [2026-04-19T14:18:25.231+0000] {dag.py:3954} INFO - Setting next_dagrun for dag_pertama to 2026-04-18 00:00:00+00:00, run_after=2026-04-19 00:00:00+00:00
[2026-04-19T14:18:25.256+0000] {processor.py:183} INFO - Processing /opt/airflow/dags/dag_pertamaku.py took 0.116 seconds
[2026-04-19T14:18:55.819+0000] {processor.py:161} INFO - Started process (PID=282) to work on /opt/airflow/dags/dag_pertamaku.py
[2026-04-19T14:18:55.821+0000] {processor.py:830} INFO - Processing file /opt/airflow/dags/dag_pertamaku.py for tasks to queue
[2026-04-19T14:18:55.824+0000] {logging_mixin.py:188} INFO - [2026-04-19T14:18:55.823+0000] {dagbag.py:545} INFO - Filling up the DagBag from /opt/airflow/dags/dag_pertamaku.py
[2026-04-19T14:18:55.875+0000] {processor.py:840} INFO - DAG(s) 'dag_pertama' retrieved from /opt/airflow/dags/dag_pertamaku.py
[2026-04-19T14:18:55.903+0000] {logging_mixin.py:188} INFO - [2026-04-19T14:18:55.902+0000] {dag.py:3096} INFO - Sync 1 DAGs
[2026-04-19T14:18:55.924+0000] {logging_mixin.py:188} INFO - [2026-04-19T14:18:55.923+0000] {dag.py:3954} INFO - Setting next_dagrun for dag_pertama to 2026-04-18 00:00:00+00:00, run_after=2026-04-19 00:00:00+00:00
[2026-04-19T14:18:55.947+0000] {processor.py:183} INFO - Processing /opt/airflow/dags/dag_pertamaku.py took 0.137 seconds
[2026-04-19T14:19:26.529+0000] {processor.py:161} INFO - Started process (PID=287) to work on /opt/airflow/dags/dag_pertamaku.py
[2026-04-19T14:19:26.534+0000] {processor.py:830} INFO - Processing file /opt/airflow/dags/dag_pertamaku.py for tasks to queue
[2026-04-19T14:19:26.536+0000] {logging_mixin.py:188} INFO - [2026-04-19T14:19:26.536+0000] {dagbag.py:545} INFO - Filling up the DagBag from /opt/airflow/dags/dag_pertamaku.py
[2026-04-19T14:19:26.593+0000] {processor.py:840} INFO - DAG(s) 'dag_pertama' retrieved from /opt/airflow/dags/dag_pertamaku.py
[2026-04-19T14:19:26.622+0000] {logging_mixin.py:188} INFO - [2026-04-19T14:19:26.622+0000] {dag.py:3096} INFO - Sync 1 DAGs
[2026-04-19T14:19:26.641+0000] {logging_mixin.py:188} INFO - [2026-04-19T14:19:26.641+0000] {dag.py:3954} INFO - Setting next_dagrun for dag_pertama to 2026-04-18 00:00:00+00:00, run_after=2026-04-19 00:00:00+00:00
[2026-04-19T14:19:26.667+0000] {processor.py:183} INFO - Processing /opt/airflow/dags/dag_pertamaku.py took 0.144 seconds
[2026-04-19T14:19:57.481+0000] {processor.py:161} INFO - Started process (PID=292) to work on /opt/airflow/dags/dag_pertamaku.py
[2026-04-19T14:19:57.483+0000] {processor.py:830} INFO - Processing file /opt/airflow/dags/dag_pertamaku.py for tasks to queue
[2026-04-19T14:19:57.487+0000] {logging_mixin.py:188} INFO - [2026-04-19T14:19:57.486+0000] {dagbag.py:545} INFO - Filling up the DagBag from /opt/airflow/dags/dag_pertamaku.py
[2026-04-19T14:19:57.544+0000] {processor.py:840} INFO - DAG(s) 'dag_pertama' retrieved from /opt/airflow/dags/dag_pertamaku.py
[2026-04-19T14:19:57.576+0000] {logging_mixin.py:188} INFO - [2026-04-19T14:19:57.575+0000] {dag.py:3096} INFO - Sync 1 DAGs
[2026-04-19T14:19:57.596+0000] {logging_mixin.py:188} INFO - [2026-04-19T14:19:57.595+0000] {dag.py:3954} INFO - Setting next_dagrun for dag_pertama to 2026-04-18 00:00:00+00:00, run_after=2026-04-19 00:00:00+00:00
[2026-04-19T14:19:57.618+0000] {processor.py:183} INFO - Processing /opt/airflow/dags/dag_pertamaku.py took 0.149 seconds
[2026-04-19T14:20:28.079+0000] {processor.py:161} INFO - Started process (PID=301) to work on /opt/airflow/dags/dag_pertamaku.py
[2026-04-19T14:20:28.080+0000] {processor.py:830} INFO - Processing file /opt/airflow/dags/dag_pertamaku.py for tasks to queue
[2026-04-19T14:20:28.082+0000] {logging_mixin.py:188} INFO - [2026-04-19T14:20:28.082+0000] {dagbag.py:545} INFO - Filling up the DagBag from /opt/airflow/dags/dag_pertamaku.py
[2026-04-19T14:20:28.135+0000] {processor.py:840} INFO - DAG(s) 'dag_pertama' retrieved from /opt/airflow/dags/dag_pertamaku.py
[2026-04-19T14:20:28.160+0000] {logging_mixin.py:188} INFO - [2026-04-19T14:20:28.159+0000] {dag.py:3096} INFO - Sync 1 DAGs
[2026-04-19T14:20:28.182+0000] {logging_mixin.py:188} INFO - [2026-04-19T14:20:28.181+0000] {dag.py:3954} INFO - Setting next_dagrun for dag_pertama to 2026-04-19 00:00:00+00:00, run_after=2026-04-20 00:00:00+00:00
[2026-04-19T14:20:28.208+0000] {processor.py:183} INFO - Processing /opt/airflow/dags/dag_pertamaku.py took 0.136 seconds
[2026-04-19T14:20:58.837+0000] {processor.py:161} INFO - Started process (PID=306) to work on /opt/airflow/dags/dag_pertamaku.py
[2026-04-19T14:20:58.838+0000] {processor.py:830} INFO - Processing file /opt/airflow/dags/dag_pertamaku.py for tasks to queue
[2026-04-19T14:20:58.841+0000] {logging_mixin.py:188} INFO - [2026-04-19T14:20:58.840+0000] {dagbag.py:545} INFO - Filling up the DagBag from /opt/airflow/dags/dag_pertamaku.py
[2026-04-19T14:20:58.933+0000] {processor.py:840} INFO - DAG(s) 'dag_pertama' retrieved from /opt/airflow/dags/dag_pertamaku.py
[2026-04-19T14:20:58.992+0000] {logging_mixin.py:188} INFO - [2026-04-19T14:20:58.992+0000] {dag.py:3096} INFO - Sync 1 DAGs
[2026-04-19T14:20:59.034+0000] {logging_mixin.py:188} INFO - [2026-04-19T14:20:59.033+0000] {dag.py:3954} INFO - Setting next_dagrun for dag_pertama to 2026-04-19 00:00:00+00:00, run_after=2026-04-20 00:00:00+00:00
[2026-04-19T14:20:59.053+0000] {processor.py:183} INFO - Processing /opt/airflow/dags/dag_pertamaku.py took 0.230 seconds
[2026-04-19T14:21:29.485+0000] {processor.py:161} INFO - Started process (PID=311) to work on /opt/airflow/dags/dag_pertamaku.py
[2026-04-19T14:21:29.490+0000] {processor.py:830} INFO - Processing file /opt/airflow/dags/dag_pertamaku.py for tasks to queue
[2026-04-19T14:21:29.492+0000] {logging_mixin.py:188} INFO - [2026-04-19T14:21:29.492+0000] {dagbag.py:545} INFO - Filling up the DagBag from /opt/airflow/dags/dag_pertamaku.py
[2026-04-19T14:21:29.558+0000] {processor.py:840} INFO - DAG(s) 'dag_pertama' retrieved from /opt/airflow/dags/dag_pertamaku.py
[2026-04-19T14:21:29.586+0000] {logging_mixin.py:188} INFO - [2026-04-19T14:21:29.585+0000] {dag.py:3096} INFO - Sync 1 DAGs
[2026-04-19T14:21:29.606+0000] {logging_mixin.py:188} INFO - [2026-04-19T14:21:29.606+0000] {dag.py:3954} INFO - Setting next_dagrun for dag_pertama to 2026-04-19 00:00:00+00:00, run_after=2026-04-20 00:00:00+00:00
[2026-04-19T14:21:29.631+0000] {processor.py:183} INFO - Processing /opt/airflow/dags/dag_pertamaku.py took 0.152 seconds
[2026-04-19T14:22:00.265+0000] {processor.py:161} INFO - Started process (PID=316) to work on /opt/airflow/dags/dag_pertamaku.py
[2026-04-19T14:22:00.266+0000] {processor.py:830} INFO - Processing file /opt/airflow/dags/dag_pertamaku.py for tasks to queue
[2026-04-19T14:22:00.275+0000] {logging_mixin.py:188} INFO - [2026-04-19T14:22:00.275+0000] {dagbag.py:545} INFO - Filling up the DagBag from /opt/airflow/dags/dag_pertamaku.py
[2026-04-19T14:22:00.334+0000] {processor.py:840} INFO - DAG(s) 'dag_pertama' retrieved from /opt/airflow/dags/dag_pertamaku.py
[2026-04-19T14:22:00.357+0000] {logging_mixin.py:188} INFO - [2026-04-19T14:22:00.357+0000] {dag.py:3096} INFO - Sync 1 DAGs
[2026-04-19T14:22:00.374+0000] {logging_mixin.py:188} INFO - [2026-04-19T14:22:00.374+0000] {dag.py:3954} INFO - Setting next_dagrun for dag_pertama to 2026-04-19 00:00:00+00:00, run_after=2026-04-20 00:00:00+00:00
[2026-04-19T14:22:00.396+0000] {processor.py:183} INFO - Processing /opt/airflow/dags/dag_pertamaku.py took 0.136 seconds
[2026-04-19T14:22:30.934+0000] {processor.py:161} INFO - Started process (PID=321) to work on /opt/airflow/dags/dag_pertamaku.py
[2026-04-19T14:22:30.935+0000] {processor.py:830} INFO - Processing file /opt/airflow/dags/dag_pertamaku.py for tasks to queue
[2026-04-19T14:22:30.938+0000] {logging_mixin.py:188} INFO - [2026-04-19T14:22:30.937+0000] {dagbag.py:545} INFO - Filling up the DagBag from /opt/airflow/dags/dag_pertamaku.py
[2026-04-19T14:22:30.986+0000] {processor.py:840} INFO - DAG(s) 'dag_pertama' retrieved from /opt/airflow/dags/dag_pertamaku.py
[2026-04-19T14:22:31.012+0000] {logging_mixin.py:188} INFO - [2026-04-19T14:22:31.011+0000] {dag.py:3096} INFO - Sync 1 DAGs
[2026-04-19T14:22:31.032+0000] {logging_mixin.py:188} INFO - [2026-04-19T14:22:31.032+0000] {dag.py:3954} INFO - Setting next_dagrun for dag_pertama to 2026-04-19 00:00:00+00:00, run_after=2026-04-20 00:00:00+00:00
[2026-04-19T14:22:31.052+0000] {processor.py:183} INFO - Processing /opt/airflow/dags/dag_pertamaku.py took 0.124 seconds
[2026-04-19T14:23:01.676+0000] {processor.py:161} INFO - Started process (PID=326) to work on /opt/airflow/dags/dag_pertamaku.py
[2026-04-19T14:23:01.677+0000] {processor.py:830} INFO - Processing file /opt/airflow/dags/dag_pertamaku.py for tasks to queue
[2026-04-19T14:23:01.678+0000] {logging_mixin.py:188} INFO - [2026-04-19T14:23:01.678+0000] {dagbag.py:545} INFO - Filling up the DagBag from /opt/airflow/dags/dag_pertamaku.py
[2026-04-19T14:23:01.702+0000] {processor.py:840} INFO - DAG(s) 'dag_pertama' retrieved from /opt/airflow/dags/dag_pertamaku.py
[2026-04-19T14:23:01.725+0000] {logging_mixin.py:188} INFO - [2026-04-19T14:23:01.725+0000] {dag.py:3096} INFO - Sync 1 DAGs
[2026-04-19T14:23:01.743+0000] {logging_mixin.py:188} INFO - [2026-04-19T14:23:01.743+0000] {dag.py:3954} INFO - Setting next_dagrun for dag_pertama to 2026-04-19 00:00:00+00:00, run_after=2026-04-20 00:00:00+00:00
[2026-04-19T14:23:01.765+0000] {processor.py:183} INFO - Processing /opt/airflow/dags/dag_pertamaku.py took 0.094 seconds
[2026-04-19T14:23:32.284+0000] {processor.py:161} INFO - Started process (PID=331) to work on /opt/airflow/dags/dag_pertamaku.py
[2026-04-19T14:23:32.285+0000] {processor.py:830} INFO - Processing file /opt/airflow/dags/dag_pertamaku.py for tasks to queue
[2026-04-19T14:23:32.287+0000] {logging_mixin.py:188} INFO - [2026-04-19T14:23:32.287+0000] {dagbag.py:545} INFO - Filling up the DagBag from /opt/airflow/dags/dag_pertamaku.py
[2026-04-19T14:23:32.316+0000] {processor.py:840} INFO - DAG(s) 'dag_pertama' retrieved from /opt/airflow/dags/dag_pertamaku.py
[2026-04-19T14:23:32.340+0000] {logging_mixin.py:188} INFO - [2026-04-19T14:23:32.339+0000] {dag.py:3096} INFO - Sync 1 DAGs
[2026-04-19T14:23:32.357+0000] {logging_mixin.py:188} INFO - [2026-04-19T14:23:32.357+0000] {dag.py:3954} INFO - Setting next_dagrun for dag_pertama to 2026-04-19 00:00:00+00:00, run_after=2026-04-20 00:00:00+00:00
[2026-04-19T14:23:32.374+0000] {processor.py:183} INFO - Processing /opt/airflow/dags/dag_pertamaku.py took 0.095 seconds
[2026-04-19T14:24:02.994+0000] {processor.py:161} INFO - Started process (PID=336) to work on /opt/airflow/dags/dag_pertamaku.py
[2026-04-19T14:24:02.995+0000] {processor.py:830} INFO - Processing file /opt/airflow/dags/dag_pertamaku.py for tasks to queue
[2026-04-19T14:24:02.999+0000] {logging_mixin.py:188} INFO - [2026-04-19T14:24:02.999+0000] {dagbag.py:545} INFO - Filling up the DagBag from /opt/airflow/dags/dag_pertamaku.py
[2026-04-19T14:24:03.099+0000] {processor.py:840} INFO - DAG(s) 'dag_pertama' retrieved from /opt/airflow/dags/dag_pertamaku.py
[2026-04-19T14:24:03.124+0000] {logging_mixin.py:188} INFO - [2026-04-19T14:24:03.123+0000] {dag.py:3096} INFO - Sync 1 DAGs
[2026-04-19T14:24:03.142+0000] {logging_mixin.py:188} INFO - [2026-04-19T14:24:03.142+0000] {dag.py:3954} INFO - Setting next_dagrun for dag_pertama to 2026-04-19 00:00:00+00:00, run_after=2026-04-20 00:00:00+00:00
[2026-04-19T14:24:03.190+0000] {processor.py:183} INFO - Processing /opt/airflow/dags/dag_pertamaku.py took 0.202 seconds
[2026-04-19T14:24:33.692+0000] {processor.py:161} INFO - Started process (PID=341) to work on /opt/airflow/dags/dag_pertamaku.py
[2026-04-19T14:24:33.693+0000] {processor.py:830} INFO - Processing file /opt/airflow/dags/dag_pertamaku.py for tasks to queue
[2026-04-19T14:24:33.694+0000] {logging_mixin.py:188} INFO - [2026-04-19T14:24:33.694+0000] {dagbag.py:545} INFO - Filling up the DagBag from /opt/airflow/dags/dag_pertamaku.py
[2026-04-19T14:24:33.742+0000] {processor.py:840} INFO - DAG(s) 'dag_pertama' retrieved from /opt/airflow/dags/dag_pertamaku.py
[2026-04-19T14:24:33.772+0000] {logging_mixin.py:188} INFO - [2026-04-19T14:24:33.772+0000] {dag.py:3096} INFO - Sync 1 DAGs
[2026-04-19T14:24:33.792+0000] {logging_mixin.py:188} INFO - [2026-04-19T14:24:33.792+0000] {dag.py:3954} INFO - Setting next_dagrun for dag_pertama to 2026-04-19 00:00:00+00:00, run_after=2026-04-20 00:00:00+00:00
[2026-04-19T14:24:33.816+0000] {processor.py:183} INFO - Processing /opt/airflow/dags/dag_pertamaku.py took 0.130 seconds
[2026-04-19T14:25:04.230+0000] {processor.py:161} INFO - Started process (PID=346) to work on /opt/airflow/dags/dag_pertamaku.py
[2026-04-19T14:25:04.231+0000] {processor.py:830} INFO - Processing file /opt/airflow/dags/dag_pertamaku.py for tasks to queue
[2026-04-19T14:25:04.233+0000] {logging_mixin.py:188} INFO - [2026-04-19T14:25:04.232+0000] {dagbag.py:545} INFO - Filling up the DagBag from /opt/airflow/dags/dag_pertamaku.py
[2026-04-19T14:25:04.265+0000] {processor.py:840} INFO - DAG(s) 'dag_pertama' retrieved from /opt/airflow/dags/dag_pertamaku.py
[2026-04-19T14:25:04.291+0000] {logging_mixin.py:188} INFO - [2026-04-19T14:25:04.291+0000] {dag.py:3096} INFO - Sync 1 DAGs
[2026-04-19T14:25:04.313+0000] {logging_mixin.py:188} INFO - [2026-04-19T14:25:04.313+0000] {dag.py:3954} INFO - Setting next_dagrun for dag_pertama to 2026-04-19 00:00:00+00:00, run_after=2026-04-20 00:00:00+00:00
[2026-04-19T14:25:04.338+0000] {processor.py:183} INFO - Processing /opt/airflow/dags/dag_pertamaku.py took 0.114 seconds
[2026-04-19T14:25:34.877+0000] {processor.py:161} INFO - Started process (PID=351) to work on /opt/airflow/dags/dag_pertamaku.py
[2026-04-19T14:25:34.878+0000] {processor.py:830} INFO - Processing file /opt/airflow/dags/dag_pertamaku.py for tasks to queue
[2026-04-19T14:25:34.880+0000] {logging_mixin.py:188} INFO - [2026-04-19T14:25:34.880+0000] {dagbag.py:545} INFO - Filling up the DagBag from /opt/airflow/dags/dag_pertamaku.py
[2026-04-19T14:25:34.906+0000] {processor.py:840} INFO - DAG(s) 'dag_pertama' retrieved from /opt/airflow/dags/dag_pertamaku.py
[2026-04-19T14:25:34.929+0000] {logging_mixin.py:188} INFO - [2026-04-19T14:25:34.929+0000] {dag.py:3096} INFO - Sync 1 DAGs
[2026-04-19T14:25:34.946+0000] {logging_mixin.py:188} INFO - [2026-04-19T14:25:34.946+0000] {dag.py:3954} INFO - Setting next_dagrun for dag_pertama to 2026-04-19 00:00:00+00:00, run_after=2026-04-20 00:00:00+00:00
[2026-04-19T14:25:34.970+0000] {processor.py:183} INFO - Processing /opt/airflow/dags/dag_pertamaku.py took 0.098 seconds
[2026-04-19T14:26:05.536+0000] {processor.py:161} INFO - Started process (PID=356) to work on /opt/airflow/dags/dag_pertamaku.py
[2026-04-19T14:26:05.537+0000] {processor.py:830} INFO - Processing file /opt/airflow/dags/dag_pertamaku.py for tasks to queue
[2026-04-19T14:26:05.539+0000] {logging_mixin.py:188} INFO - [2026-04-19T14:26:05.539+0000] {dagbag.py:545} INFO - Filling up the DagBag from /opt/airflow/dags/dag_pertamaku.py
[2026-04-19T14:26:05.570+0000] {processor.py:840} INFO - DAG(s) 'dag_pertama' retrieved from /opt/airflow/dags/dag_pertamaku.py
[2026-04-19T14:26:05.596+0000] {logging_mixin.py:188} INFO - [2026-04-19T14:26:05.595+0000] {dag.py:3096} INFO - Sync 1 DAGs
[2026-04-19T14:26:05.614+0000] {logging_mixin.py:188} INFO - [2026-04-19T14:26:05.613+0000] {dag.py:3954} INFO - Setting next_dagrun for dag_pertama to 2026-04-19 00:00:00+00:00, run_after=2026-04-20 00:00:00+00:00
[2026-04-19T14:26:05.634+0000] {processor.py:183} INFO - Processing /opt/airflow/dags/dag_pertamaku.py took 0.103 seconds
[2026-04-19T14:26:36.296+0000] {processor.py:161} INFO - Started process (PID=361) to work on /opt/airflow/dags/dag_pertamaku.py
[2026-04-19T14:26:36.298+0000] {processor.py:830} INFO - Processing file /opt/airflow/dags/dag_pertamaku.py for tasks to queue
[2026-04-19T14:26:36.300+0000] {logging_mixin.py:188} INFO - [2026-04-19T14:26:36.300+0000] {dagbag.py:545} INFO - Filling up the DagBag from /opt/airflow/dags/dag_pertamaku.py
[2026-04-19T14:26:36.357+0000] {processor.py:840} INFO - DAG(s) 'dag_pertama' retrieved from /opt/airflow/dags/dag_pertamaku.py
[2026-04-19T14:26:36.381+0000] {logging_mixin.py:188} INFO - [2026-04-19T14:26:36.380+0000] {dag.py:3096} INFO - Sync 1 DAGs
[2026-04-19T14:26:36.398+0000] {logging_mixin.py:188} INFO - [2026-04-19T14:26:36.398+0000] {dag.py:3954} INFO - Setting next_dagrun for dag_pertama to 2026-04-19 00:00:00+00:00, run_after=2026-04-20 00:00:00+00:00
[2026-04-19T14:26:36.420+0000] {processor.py:183} INFO - Processing /opt/airflow/dags/dag_pertamaku.py took 0.128 seconds
[2026-04-19T14:27:06.966+0000] {processor.py:161} INFO - Started process (PID=366) to work on /opt/airflow/dags/dag_pertamaku.py
[2026-04-19T14:27:06.968+0000] {processor.py:830} INFO - Processing file /opt/airflow/dags/dag_pertamaku.py for tasks to queue
[2026-04-19T14:27:06.970+0000] {logging_mixin.py:188} INFO - [2026-04-19T14:27:06.970+0000] {dagbag.py:545} INFO - Filling up the DagBag from /opt/airflow/dags/dag_pertamaku.py
[2026-04-19T14:27:07.056+0000] {processor.py:840} INFO - DAG(s) 'dag_pertama' retrieved from /opt/airflow/dags/dag_pertamaku.py
[2026-04-19T14:27:07.082+0000] {logging_mixin.py:188} INFO - [2026-04-19T14:27:07.082+0000] {dag.py:3096} INFO - Sync 1 DAGs
[2026-04-19T14:27:07.116+0000] {logging_mixin.py:188} INFO - [2026-04-19T14:27:07.115+0000] {dag.py:3954} INFO - Setting next_dagrun for dag_pertama to 2026-04-19 00:00:00+00:00, run_after=2026-04-20 00:00:00+00:00
[2026-04-19T14:27:07.150+0000] {processor.py:183} INFO - Processing /opt/airflow/dags/dag_pertamaku.py took 0.188 seconds
[2026-04-19T14:27:37.942+0000] {processor.py:161} INFO - Started process (PID=371) to work on /opt/airflow/dags/dag_pertamaku.py
[2026-04-19T14:27:37.944+0000] {processor.py:830} INFO - Processing file /opt/airflow/dags/dag_pertamaku.py for tasks to queue
[2026-04-19T14:27:37.947+0000] {logging_mixin.py:188} INFO - [2026-04-19T14:27:37.946+0000] {dagbag.py:545} INFO - Filling up the DagBag from /opt/airflow/dags/dag_pertamaku.py
[2026-04-19T14:27:38.040+0000] {processor.py:840} INFO - DAG(s) 'dag_pertama' retrieved from /opt/airflow/dags/dag_pertamaku.py
[2026-04-19T14:27:38.064+0000] {logging_mixin.py:188} INFO - [2026-04-19T14:27:38.064+0000] {dag.py:3096} INFO - Sync 1 DAGs
[2026-04-19T14:27:38.086+0000] {logging_mixin.py:188} INFO - [2026-04-19T14:27:38.086+0000] {dag.py:3954} INFO - Setting next_dagrun for dag_pertama to 2026-04-19 00:00:00+00:00, run_after=2026-04-20 00:00:00+00:00
[2026-04-19T14:27:38.314+0000] {processor.py:183} INFO - Processing /opt/airflow/dags/dag_pertamaku.py took 0.187 seconds
[2026-04-19T14:28:08.879+0000] {processor.py:161} INFO - Started process (PID=376) to work on /opt/airflow/dags/dag_pertamaku.py
[2026-04-19T14:28:08.880+0000] {processor.py:830} INFO - Processing file /opt/airflow/dags/dag_pertamaku.py for tasks to queue
[2026-04-19T14:28:08.883+0000] {logging_mixin.py:188} INFO - [2026-04-19T14:28:08.882+0000] {dagbag.py:545} INFO - Filling up the DagBag from /opt/airflow/dags/dag_pertamaku.py
[2026-04-19T14:28:08.937+0000] {processor.py:840} INFO - DAG(s) 'dag_pertama' retrieved from /opt/airflow/dags/dag_pertamaku.py
[2026-04-19T14:28:08.963+0000] {logging_mixin.py:188} INFO - [2026-04-19T14:28:08.963+0000] {dag.py:3096} INFO - Sync 1 DAGs
[2026-04-19T14:28:08.984+0000] {logging_mixin.py:188} INFO - [2026-04-19T14:28:08.984+0000] {dag.py:3954} INFO - Setting next_dagrun for dag_pertama to 2026-04-19 00:00:00+00:00, run_after=2026-04-20 00:00:00+00:00
[2026-04-19T14:28:09.005+0000] {processor.py:183} INFO - Processing /opt/airflow/dags/dag_pertamaku.py took 0.145 seconds
[2026-04-19T14:28:39.532+0000] {processor.py:161} INFO - Started process (PID=381) to work on /opt/airflow/dags/dag_pertamaku.py
[2026-04-19T14:28:39.532+0000] {processor.py:830} INFO - Processing file /opt/airflow/dags/dag_pertamaku.py for tasks to queue
[2026-04-19T14:28:39.534+0000] {logging_mixin.py:188} INFO - [2026-04-19T14:28:39.534+0000] {dagbag.py:545} INFO - Filling up the DagBag from /opt/airflow/dags/dag_pertamaku.py
[2026-04-19T14:28:39.559+0000] {processor.py:840} INFO - DAG(s) 'dag_pertama' retrieved from /opt/airflow/dags/dag_pertamaku.py
[2026-04-19T14:28:39.584+0000] {logging_mixin.py:188} INFO - [2026-04-19T14:28:39.584+0000] {dag.py:3096} INFO - Sync 1 DAGs
[2026-04-19T14:28:39.604+0000] {logging_mixin.py:188} INFO - [2026-04-19T14:28:39.603+0000] {dag.py:3954} INFO - Setting next_dagrun for dag_pertama to 2026-04-19 00:00:00+00:00, run_after=2026-04-20 00:00:00+00:00
[2026-04-19T14:28:39.626+0000] {processor.py:183} INFO - Processing /opt/airflow/dags/dag_pertamaku.py took 0.099 seconds
[2026-04-19T14:29:10.486+0000] {processor.py:161} INFO - Started process (PID=386) to work on /opt/airflow/dags/dag_pertamaku.py
[2026-04-19T14:29:10.488+0000] {processor.py:830} INFO - Processing file /opt/airflow/dags/dag_pertamaku.py for tasks to queue
[2026-04-19T14:29:10.491+0000] {logging_mixin.py:188} INFO - [2026-04-19T14:29:10.491+0000] {dagbag.py:545} INFO - Filling up the DagBag from /opt/airflow/dags/dag_pertamaku.py
[2026-04-19T14:29:10.561+0000] {processor.py:840} INFO - DAG(s) 'dag_pertama' retrieved from /opt/airflow/dags/dag_pertamaku.py
[2026-04-19T14:29:10.589+0000] {logging_mixin.py:188} INFO - [2026-04-19T14:29:10.589+0000] {dag.py:3096} INFO - Sync 1 DAGs
[2026-04-19T14:29:10.609+0000] {logging_mixin.py:188} INFO - [2026-04-19T14:29:10.609+0000] {dag.py:3954} INFO - Setting next_dagrun for dag_pertama to 2026-04-19 00:00:00+00:00, run_after=2026-04-20 00:00:00+00:00
[2026-04-19T14:29:10.630+0000] {processor.py:183} INFO - Processing /opt/airflow/dags/dag_pertamaku.py took 0.148 seconds
[2026-04-19T14:29:41.238+0000] {processor.py:161} INFO - Started process (PID=391) to work on /opt/airflow/dags/dag_pertamaku.py
[2026-04-19T14:29:41.242+0000] {processor.py:830} INFO - Processing file /opt/airflow/dags/dag_pertamaku.py for tasks to queue
[2026-04-19T14:29:41.243+0000] {logging_mixin.py:188} INFO - [2026-04-19T14:29:41.243+0000] {dagbag.py:545} INFO - Filling up the DagBag from /opt/airflow/dags/dag_pertamaku.py
[2026-04-19T14:29:41.365+0000] {processor.py:840} INFO - DAG(s) 'dag_pertama' retrieved from /opt/airflow/dags/dag_pertamaku.py
[2026-04-19T14:29:41.400+0000] {logging_mixin.py:188} INFO - [2026-04-19T14:29:41.399+0000] {dag.py:3096} INFO - Sync 1 DAGs
[2026-04-19T14:29:41.425+0000] {logging_mixin.py:188} INFO - [2026-04-19T14:29:41.424+0000] {dag.py:3954} INFO - Setting next_dagrun for dag_pertama to 2026-04-19 00:00:00+00:00, run_after=2026-04-20 00:00:00+00:00
[2026-04-19T14:29:41.449+0000] {processor.py:183} INFO - Processing /opt/airflow/dags/dag_pertamaku.py took 0.215 seconds
[2026-04-19T14:30:12.044+0000] {processor.py:161} INFO - Started process (PID=396) to work on /opt/airflow/dags/dag_pertamaku.py
[2026-04-19T14:30:12.045+0000] {processor.py:830} INFO - Processing file /opt/airflow/dags/dag_pertamaku.py for tasks to queue
[2026-04-19T14:30:12.047+0000] {logging_mixin.py:188} INFO - [2026-04-19T14:30:12.047+0000] {dagbag.py:545} INFO - Filling up the DagBag from /opt/airflow/dags/dag_pertamaku.py
[2026-04-19T14:30:12.139+0000] {processor.py:840} INFO - DAG(s) 'dag_pertama' retrieved from /opt/airflow/dags/dag_pertamaku.py
[2026-04-19T14:30:12.166+0000] {logging_mixin.py:188} INFO - [2026-04-19T14:30:12.166+0000] {dag.py:3096} INFO - Sync 1 DAGs
[2026-04-19T14:30:12.187+0000] {logging_mixin.py:188} INFO - [2026-04-19T14:30:12.186+0000] {dag.py:3954} INFO - Setting next_dagrun for dag_pertama to 2026-04-19 00:00:00+00:00, run_after=2026-04-20 00:00:00+00:00
[2026-04-19T14:30:12.215+0000] {processor.py:183} INFO - Processing /opt/airflow/dags/dag_pertamaku.py took 0.176 seconds
[2026-04-19T14:30:42.767+0000] {processor.py:161} INFO - Started process (PID=401) to work on /opt/airflow/dags/dag_pertamaku.py
[2026-04-19T14:30:42.768+0000] {processor.py:830} INFO - Processing file /opt/airflow/dags/dag_pertamaku.py for tasks to queue
[2026-04-19T14:30:42.770+0000] {logging_mixin.py:188} INFO - [2026-04-19T14:30:42.770+0000] {dagbag.py:545} INFO - Filling up the DagBag from /opt/airflow/dags/dag_pertamaku.py
[2026-04-19T14:30:42.809+0000] {processor.py:840} INFO - DAG(s) 'dag_pertama' retrieved from /opt/airflow/dags/dag_pertamaku.py
[2026-04-19T14:30:42.833+0000] {logging_mixin.py:188} INFO - [2026-04-19T14:30:42.833+0000] {dag.py:3096} INFO - Sync 1 DAGs
[2026-04-19T14:30:42.853+0000] {logging_mixin.py:188} INFO - [2026-04-19T14:30:42.853+0000] {dag.py:3954} INFO - Setting next_dagrun for dag_pertama to 2026-04-19 00:00:00+00:00, run_after=2026-04-20 00:00:00+00:00
[2026-04-19T14:30:42.888+0000] {processor.py:183} INFO - Processing /opt/airflow/dags/dag_pertamaku.py took 0.126 seconds
[2026-04-19T14:31:13.447+0000] {processor.py:161} INFO - Started process (PID=406) to work on /opt/airflow/dags/dag_pertamaku.py
[2026-04-19T14:31:13.449+0000] {processor.py:830} INFO - Processing file /opt/airflow/dags/dag_pertamaku.py for tasks to queue
[2026-04-19T14:31:13.451+0000] {logging_mixin.py:188} INFO - [2026-04-19T14:31:13.451+0000] {dagbag.py:545} INFO - Filling up the DagBag from /opt/airflow/dags/dag_pertamaku.py
[2026-04-19T14:31:13.510+0000] {processor.py:840} INFO - DAG(s) 'dag_pertama' retrieved from /opt/airflow/dags/dag_pertamaku.py
[2026-04-19T14:31:13.535+0000] {logging_mixin.py:188} INFO - [2026-04-19T14:31:13.535+0000] {dag.py:3096} INFO - Sync 1 DAGs
[2026-04-19T14:31:13.554+0000] {logging_mixin.py:188} INFO - [2026-04-19T14:31:13.554+0000] {dag.py:3954} INFO - Setting next_dagrun for dag_pertama to 2026-04-19 00:00:00+00:00, run_after=2026-04-20 00:00:00+00:00
[2026-04-19T14:31:13.578+0000] {processor.py:183} INFO - Processing /opt/airflow/dags/dag_pertamaku.py took 0.136 seconds
[2026-04-19T14:31:44.214+0000] {processor.py:161} INFO - Started process (PID=411) to work on /opt/airflow/dags/dag_pertamaku.py
[2026-04-19T14:31:44.218+0000] {processor.py:830} INFO - Processing file /opt/airflow/dags/dag_pertamaku.py for tasks to queue
[2026-04-19T14:31:44.227+0000] {logging_mixin.py:188} INFO - [2026-04-19T14:31:44.226+0000] {dagbag.py:545} INFO - Filling up the DagBag from /opt/airflow/dags/dag_pertamaku.py
[2026-04-19T14:31:44.387+0000] {processor.py:840} INFO - DAG(s) 'dag_pertama' retrieved from /opt/airflow/dags/dag_pertamaku.py
[2026-04-19T14:31:44.422+0000] {logging_mixin.py:188} INFO - [2026-04-19T14:31:44.421+0000] {dag.py:3096} INFO - Sync 1 DAGs
[2026-04-19T14:31:44.442+0000] {logging_mixin.py:188} INFO - [2026-04-19T14:31:44.441+0000] {dag.py:3954} INFO - Setting next_dagrun for dag_pertama to 2026-04-19 00:00:00+00:00, run_after=2026-04-20 00:00:00+00:00
[2026-04-19T14:31:44.465+0000] {processor.py:183} INFO - Processing /opt/airflow/dags/dag_pertamaku.py took 0.257 seconds
[2026-04-19T14:32:14.939+0000] {processor.py:161} INFO - Started process (PID=416) to work on /opt/airflow/dags/dag_pertamaku.py
[2026-04-19T14:32:14.941+0000] {processor.py:830} INFO - Processing file /opt/airflow/dags/dag_pertamaku.py for tasks to queue
[2026-04-19T14:32:14.943+0000] {logging_mixin.py:188} INFO - [2026-04-19T14:32:14.943+0000] {dagbag.py:545} INFO - Filling up the DagBag from /opt/airflow/dags/dag_pertamaku.py
[2026-04-19T14:32:15.096+0000] {processor.py:840} INFO - DAG(s) 'dag_pertama' retrieved from /opt/airflow/dags/dag_pertamaku.py
[2026-04-19T14:32:15.124+0000] {logging_mixin.py:188} INFO - [2026-04-19T14:32:15.124+0000] {dag.py:3096} INFO - Sync 1 DAGs
[2026-04-19T14:32:15.144+0000] {logging_mixin.py:188} INFO - [2026-04-19T14:32:15.143+0000] {dag.py:3954} INFO - Setting next_dagrun for dag_pertama to 2026-04-19 00:00:00+00:00, run_after=2026-04-20 00:00:00+00:00
[2026-04-19T14:32:15.166+0000] {processor.py:183} INFO - Processing /opt/airflow/dags/dag_pertamaku.py took 0.232 seconds
[2026-04-19T14:32:45.922+0000] {processor.py:161} INFO - Started process (PID=421) to work on /opt/airflow/dags/dag_pertamaku.py
[2026-04-19T14:32:45.923+0000] {processor.py:830} INFO - Processing file /opt/airflow/dags/dag_pertamaku.py for tasks to queue
[2026-04-19T14:32:45.926+0000] {logging_mixin.py:188} INFO - [2026-04-19T14:32:45.926+0000] {dagbag.py:545} INFO - Filling up the DagBag from /opt/airflow/dags/dag_pertamaku.py
[2026-04-19T14:32:45.989+0000] {processor.py:840} INFO - DAG(s) 'dag_pertama' retrieved from /opt/airflow/dags/dag_pertamaku.py
[2026-04-19T14:32:46.020+0000] {logging_mixin.py:188} INFO - [2026-04-19T14:32:46.019+0000] {dag.py:3096} INFO - Sync 1 DAGs
[2026-04-19T14:32:46.040+0000] {logging_mixin.py:188} INFO - [2026-04-19T14:32:46.040+0000] {dag.py:3954} INFO - Setting next_dagrun for dag_pertama to 2026-04-19 00:00:00+00:00, run_after=2026-04-20 00:00:00+00:00
[2026-04-19T14:32:46.088+0000] {processor.py:183} INFO - Processing /opt/airflow/dags/dag_pertamaku.py took 0.172 seconds
[2026-04-19T14:33:16.601+0000] {processor.py:161} INFO - Started process (PID=426) to work on /opt/airflow/dags/dag_pertamaku.py
[2026-04-19T14:33:16.602+0000] {processor.py:830} INFO - Processing file /opt/airflow/dags/dag_pertamaku.py for tasks to queue
[2026-04-19T14:33:16.604+0000] {logging_mixin.py:188} INFO - [2026-04-19T14:33:16.604+0000] {dagbag.py:545} INFO - Filling up the DagBag from /opt/airflow/dags/dag_pertamaku.py
[2026-04-19T14:33:16.656+0000] {processor.py:840} INFO - DAG(s) 'dag_pertama' retrieved from /opt/airflow/dags/dag_pertamaku.py
[2026-04-19T14:33:16.711+0000] {logging_mixin.py:188} INFO - [2026-04-19T14:33:16.711+0000] {dag.py:3096} INFO - Sync 1 DAGs
[2026-04-19T14:33:16.733+0000] {logging_mixin.py:188} INFO - [2026-04-19T14:33:16.733+0000] {dag.py:3954} INFO - Setting next_dagrun for dag_pertama to 2026-04-19 00:00:00+00:00, run_after=2026-04-20 00:00:00+00:00
[2026-04-19T14:33:16.762+0000] {processor.py:183} INFO - Processing /opt/airflow/dags/dag_pertamaku.py took 0.167 seconds
[2026-04-19T14:33:47.470+0000] {processor.py:161} INFO - Started process (PID=431) to work on /opt/airflow/dags/dag_pertamaku.py
[2026-04-19T14:33:47.471+0000] {processor.py:830} INFO - Processing file /opt/airflow/dags/dag_pertamaku.py for tasks to queue
[2026-04-19T14:33:47.474+0000] {logging_mixin.py:188} INFO - [2026-04-19T14:33:47.474+0000] {dagbag.py:545} INFO - Filling up the DagBag from /opt/airflow/dags/dag_pertamaku.py
[2026-04-19T14:33:47.527+0000] {processor.py:840} INFO - DAG(s) 'dag_pertama' retrieved from /opt/airflow/dags/dag_pertamaku.py
[2026-04-19T14:33:47.550+0000] {logging_mixin.py:188} INFO - [2026-04-19T14:33:47.550+0000] {dag.py:3096} INFO - Sync 1 DAGs
[2026-04-19T14:33:47.574+0000] {logging_mixin.py:188} INFO - [2026-04-19T14:33:47.574+0000] {dag.py:3954} INFO - Setting next_dagrun for dag_pertama to 2026-04-19 00:00:00+00:00, run_after=2026-04-20 00:00:00+00:00
[2026-04-19T14:33:47.614+0000] {processor.py:183} INFO - Processing /opt/airflow/dags/dag_pertamaku.py took 0.151 seconds
[2026-04-19T14:33:56.618+0000] {processor.py:161} INFO - Started process (PID=436) to work on /opt/airflow/dags/dag_pertamaku.py
[2026-04-19T14:33:56.620+0000] {processor.py:830} INFO - Processing file /opt/airflow/dags/dag_pertamaku.py for tasks to queue
[2026-04-19T14:33:56.622+0000] {logging_mixin.py:188} INFO - [2026-04-19T14:33:56.622+0000] {dagbag.py:545} INFO - Filling up the DagBag from /opt/airflow/dags/dag_pertamaku.py
[2026-04-19T14:33:56.769+0000] {processor.py:840} INFO - DAG(s) 'dag_pertamav' retrieved from /opt/airflow/dags/dag_pertamaku.py
[2026-04-19T14:33:56.899+0000] {logging_mixin.py:188} INFO - [2026-04-19T14:33:56.898+0000] {override.py:1829} INFO - Created Permission View: can delete on DAG:dag_pertamav
[2026-04-19T14:33:56.906+0000] {logging_mixin.py:188} INFO - [2026-04-19T14:33:56.906+0000] {override.py:1829} INFO - Created Permission View: can edit on DAG:dag_pertamav
[2026-04-19T14:33:56.911+0000] {logging_mixin.py:188} INFO - [2026-04-19T14:33:56.911+0000] {override.py:1829} INFO - Created Permission View: can read on DAG:dag_pertamav
[2026-04-19T14:33:56.912+0000] {logging_mixin.py:188} INFO - [2026-04-19T14:33:56.912+0000] {dag.py:3096} INFO - Sync 1 DAGs
[2026-04-19T14:33:56.923+0000] {logging_mixin.py:188} INFO - [2026-04-19T14:33:56.923+0000] {dag.py:3118} INFO - Creating ORM DAG for dag_pertamav
[2026-04-19T14:33:56.932+0000] {logging_mixin.py:188} INFO - [2026-04-19T14:33:56.932+0000] {dag.py:3954} INFO - Setting next_dagrun for dag_pertamav to 2026-04-18 00:00:00+00:00, run_after=2026-04-19 00:00:00+00:00
[2026-04-19T14:33:56.971+0000] {processor.py:183} INFO - Processing /opt/airflow/dags/dag_pertamaku.py took 0.358 seconds
[2026-04-19T14:33:57.836+0000] {processor.py:161} INFO - Started process (PID=441) to work on /opt/airflow/dags/dag_pertamaku.py
[2026-04-19T14:33:57.837+0000] {processor.py:830} INFO - Processing file /opt/airflow/dags/dag_pertamaku.py for tasks to queue
[2026-04-19T14:33:57.840+0000] {logging_mixin.py:188} INFO - [2026-04-19T14:33:57.840+0000] {dagbag.py:545} INFO - Filling up the DagBag from /opt/airflow/dags/dag_pertamaku.py
[2026-04-19T14:33:57.911+0000] {processor.py:840} INFO - DAG(s) 'dag_pertamav02' retrieved from /opt/airflow/dags/dag_pertamaku.py
[2026-04-19T14:33:58.026+0000] {logging_mixin.py:188} INFO - [2026-04-19T14:33:58.025+0000] {override.py:1829} INFO - Created Permission View: can delete on DAG:dag_pertamav02
[2026-04-19T14:33:58.034+0000] {logging_mixin.py:188} INFO - [2026-04-19T14:33:58.034+0000] {override.py:1829} INFO - Created Permission View: can edit on DAG:dag_pertamav02
[2026-04-19T14:33:58.040+0000] {logging_mixin.py:188} INFO - [2026-04-19T14:33:58.039+0000] {override.py:1829} INFO - Created Permission View: can read on DAG:dag_pertamav02
[2026-04-19T14:33:58.041+0000] {logging_mixin.py:188} INFO - [2026-04-19T14:33:58.040+0000] {dag.py:3096} INFO - Sync 1 DAGs
[2026-04-19T14:33:58.050+0000] {logging_mixin.py:188} INFO - [2026-04-19T14:33:58.050+0000] {dag.py:3118} INFO - Creating ORM DAG for dag_pertamav02
[2026-04-19T14:33:58.059+0000] {logging_mixin.py:188} INFO - [2026-04-19T14:33:58.059+0000] {dag.py:3954} INFO - Setting next_dagrun for dag_pertamav02 to 2026-04-18 00:00:00+00:00, run_after=2026-04-19 00:00:00+00:00
[2026-04-19T14:33:58.083+0000] {processor.py:183} INFO - Processing /opt/airflow/dags/dag_pertamaku.py took 0.253 seconds
[2026-04-19T14:34:03.165+0000] {processor.py:161} INFO - Started process (PID=446) to work on /opt/airflow/dags/dag_pertamaku.py
[2026-04-19T14:34:03.171+0000] {processor.py:830} INFO - Processing file /opt/airflow/dags/dag_pertamaku.py for tasks to queue
[2026-04-19T14:34:03.178+0000] {logging_mixin.py:188} INFO - [2026-04-19T14:34:03.177+0000] {dagbag.py:545} INFO - Filling up the DagBag from /opt/airflow/dags/dag_pertamaku.py
[2026-04-19T14:34:03.295+0000] {processor.py:840} INFO - DAG(s) 'dag_pertama_v02' retrieved from /opt/airflow/dags/dag_pertamaku.py
[2026-04-19T14:34:03.425+0000] {logging_mixin.py:188} INFO - [2026-04-19T14:34:03.424+0000] {override.py:1829} INFO - Created Permission View: can delete on DAG:dag_pertama_v02
[2026-04-19T14:34:03.437+0000] {logging_mixin.py:188} INFO - [2026-04-19T14:34:03.436+0000] {override.py:1829} INFO - Created Permission View: can edit on DAG:dag_pertama_v02
[2026-04-19T14:34:03.444+0000] {logging_mixin.py:188} INFO - [2026-04-19T14:34:03.444+0000] {override.py:1829} INFO - Created Permission View: can read on DAG:dag_pertama_v02
[2026-04-19T14:34:03.447+0000] {logging_mixin.py:188} INFO - [2026-04-19T14:34:03.446+0000] {dag.py:3096} INFO - Sync 1 DAGs
[2026-04-19T14:34:03.459+0000] {logging_mixin.py:188} INFO - [2026-04-19T14:34:03.459+0000] {dag.py:3118} INFO - Creating ORM DAG for dag_pertama_v02
[2026-04-19T14:34:03.474+0000] {logging_mixin.py:188} INFO - [2026-04-19T14:34:03.474+0000] {dag.py:3954} INFO - Setting next_dagrun for dag_pertama_v02 to 2026-04-18 00:00:00+00:00, run_after=2026-04-19 00:00:00+00:00
[2026-04-19T14:34:03.526+0000] {processor.py:183} INFO - Processing /opt/airflow/dags/dag_pertamaku.py took 0.370 seconds
[2026-04-19T14:34:34.014+0000] {processor.py:161} INFO - Started process (PID=451) to work on /opt/airflow/dags/dag_pertamaku.py
[2026-04-19T14:34:34.020+0000] {processor.py:830} INFO - Processing file /opt/airflow/dags/dag_pertamaku.py for tasks to queue
[2026-04-19T14:34:34.033+0000] {logging_mixin.py:188} INFO - [2026-04-19T14:34:34.032+0000] {dagbag.py:545} INFO - Filling up the DagBag from /opt/airflow/dags/dag_pertamaku.py
[2026-04-19T14:34:34.237+0000] {processor.py:840} INFO - DAG(s) 'dag_pertama_v02' retrieved from /opt/airflow/dags/dag_pertamaku.py
[2026-04-19T14:34:34.297+0000] {logging_mixin.py:188} INFO - [2026-04-19T14:34:34.297+0000] {dag.py:3096} INFO - Sync 1 DAGs
[2026-04-19T14:34:34.354+0000] {logging_mixin.py:188} INFO - [2026-04-19T14:34:34.353+0000] {dag.py:3954} INFO - Setting next_dagrun for dag_pertama_v02 to 2026-04-18 00:00:00+00:00, run_after=2026-04-19 00:00:00+00:00
[2026-04-19T14:34:34.404+0000] {processor.py:183} INFO - Processing /opt/airflow/dags/dag_pertamaku.py took 0.405 seconds
[2026-04-19T14:34:38.453+0000] {processor.py:161} INFO - Started process (PID=456) to work on /opt/airflow/dags/dag_pertamaku.py
[2026-04-19T14:34:38.455+0000] {processor.py:830} INFO - Processing file /opt/airflow/dags/dag_pertamaku.py for tasks to queue
[2026-04-19T14:34:38.457+0000] {logging_mixin.py:188} INFO - [2026-04-19T14:34:38.457+0000] {dagbag.py:545} INFO - Filling up the DagBag from /opt/airflow/dags/dag_pertamaku.py
[2026-04-19T14:34:38.543+0000] {logging_mixin.py:188} INFO - [2026-04-19T14:34:38.536+0000] {dagbag.py:452} ERROR - Failed to bag_dag: /opt/airflow/dags/dag_pertamaku.py
Traceback (most recent call last):
  File "/home/airflow/.local/lib/python3.12/site-packages/airflow/timetables/_cron.py", line 100, in validate
    croniter(self._expression)
  File "/home/airflow/.local/lib/python3.12/site-packages/croniter/croniter.py", line 187, in __init__
    self.expanded, self.nth_weekday_of_month = self.expand(expr_format, hash_id=hash_id)
                                               ^^^^^^^^^^^^^^^^^^^^^^^^^^^^^^^^^^^^^^^^^
  File "/home/airflow/.local/lib/python3.12/site-packages/croniter/croniter.py", line 821, in expand
    return cls._expand(expr_format, hash_id=hash_id)
           ^^^^^^^^^^^^^^^^^^^^^^^^^^^^^^^^^^^^^^^^^
  File "/home/airflow/.local/lib/python3.12/site-packages/croniter/croniter.py", line 659, in _expand
    raise CroniterBadCronError(cls.bad_length)
croniter.croniter.CroniterBadCronError: Exactly 5 or 6 columns has to be specified for iterator expression.

During handling of the above exception, another exception occurred:

Traceback (most recent call last):
  File "/home/airflow/.local/lib/python3.12/site-packages/airflow/models/dagbag.py", line 447, in _process_modules
    dag.validate()
  File "/home/airflow/.local/lib/python3.12/site-packages/airflow/models/dag.py", line 775, in validate
    self.timetable.validate()
  File "/home/airflow/.local/lib/python3.12/site-packages/airflow/timetables/_cron.py", line 102, in validate
    raise AirflowTimetableInvalid(str(e))
airflow.exceptions.AirflowTimetableInvalid: Exactly 5 or 6 columns has to be specified for iterator expression.
[2026-04-19T14:34:38.545+0000] {processor.py:842} WARNING - No viable dags retrieved from /opt/airflow/dags/dag_pertamaku.py
[2026-04-19T14:34:38.565+0000] {processor.py:183} INFO - Processing /opt/airflow/dags/dag_pertamaku.py took 0.118 seconds
[2026-04-19T14:35:09.251+0000] {processor.py:161} INFO - Started process (PID=461) to work on /opt/airflow/dags/dag_pertamaku.py
[2026-04-19T14:35:09.252+0000] {processor.py:830} INFO - Processing file /opt/airflow/dags/dag_pertamaku.py for tasks to queue
[2026-04-19T14:35:09.254+0000] {logging_mixin.py:188} INFO - [2026-04-19T14:35:09.253+0000] {dagbag.py:545} INFO - Filling up the DagBag from /opt/airflow/dags/dag_pertamaku.py
[2026-04-19T14:35:09.299+0000] {logging_mixin.py:188} INFO - [2026-04-19T14:35:09.296+0000] {dagbag.py:452} ERROR - Failed to bag_dag: /opt/airflow/dags/dag_pertamaku.py
Traceback (most recent call last):
  File "/home/airflow/.local/lib/python3.12/site-packages/airflow/timetables/_cron.py", line 100, in validate
    croniter(self._expression)
  File "/home/airflow/.local/lib/python3.12/site-packages/croniter/croniter.py", line 187, in __init__
    self.expanded, self.nth_weekday_of_month = self.expand(expr_format, hash_id=hash_id)
                                               ^^^^^^^^^^^^^^^^^^^^^^^^^^^^^^^^^^^^^^^^^
  File "/home/airflow/.local/lib/python3.12/site-packages/croniter/croniter.py", line 821, in expand
    return cls._expand(expr_format, hash_id=hash_id)
           ^^^^^^^^^^^^^^^^^^^^^^^^^^^^^^^^^^^^^^^^^
  File "/home/airflow/.local/lib/python3.12/site-packages/croniter/croniter.py", line 659, in _expand
    raise CroniterBadCronError(cls.bad_length)
croniter.croniter.CroniterBadCronError: Exactly 5 or 6 columns has to be specified for iterator expression.

During handling of the above exception, another exception occurred:

Traceback (most recent call last):
  File "/home/airflow/.local/lib/python3.12/site-packages/airflow/models/dagbag.py", line 447, in _process_modules
    dag.validate()
  File "/home/airflow/.local/lib/python3.12/site-packages/airflow/models/dag.py", line 775, in validate
    self.timetable.validate()
  File "/home/airflow/.local/lib/python3.12/site-packages/airflow/timetables/_cron.py", line 102, in validate
    raise AirflowTimetableInvalid(str(e))
airflow.exceptions.AirflowTimetableInvalid: Exactly 5 or 6 columns has to be specified for iterator expression.
[2026-04-19T14:35:09.300+0000] {processor.py:842} WARNING - No viable dags retrieved from /opt/airflow/dags/dag_pertamaku.py
[2026-04-19T14:35:09.322+0000] {processor.py:183} INFO - Processing /opt/airflow/dags/dag_pertamaku.py took 0.078 seconds
[2026-04-19T14:35:39.934+0000] {processor.py:161} INFO - Started process (PID=466) to work on /opt/airflow/dags/dag_pertamaku.py
[2026-04-19T14:35:39.936+0000] {processor.py:830} INFO - Processing file /opt/airflow/dags/dag_pertamaku.py for tasks to queue
[2026-04-19T14:35:39.937+0000] {logging_mixin.py:188} INFO - [2026-04-19T14:35:39.937+0000] {dagbag.py:545} INFO - Filling up the DagBag from /opt/airflow/dags/dag_pertamaku.py
[2026-04-19T14:35:39.987+0000] {logging_mixin.py:188} INFO - [2026-04-19T14:35:39.984+0000] {dagbag.py:452} ERROR - Failed to bag_dag: /opt/airflow/dags/dag_pertamaku.py
Traceback (most recent call last):
  File "/home/airflow/.local/lib/python3.12/site-packages/airflow/timetables/_cron.py", line 100, in validate
    croniter(self._expression)
  File "/home/airflow/.local/lib/python3.12/site-packages/croniter/croniter.py", line 187, in __init__
    self.expanded, self.nth_weekday_of_month = self.expand(expr_format, hash_id=hash_id)
                                               ^^^^^^^^^^^^^^^^^^^^^^^^^^^^^^^^^^^^^^^^^
  File "/home/airflow/.local/lib/python3.12/site-packages/croniter/croniter.py", line 821, in expand
    return cls._expand(expr_format, hash_id=hash_id)
           ^^^^^^^^^^^^^^^^^^^^^^^^^^^^^^^^^^^^^^^^^
  File "/home/airflow/.local/lib/python3.12/site-packages/croniter/croniter.py", line 659, in _expand
    raise CroniterBadCronError(cls.bad_length)
croniter.croniter.CroniterBadCronError: Exactly 5 or 6 columns has to be specified for iterator expression.

During handling of the above exception, another exception occurred:

Traceback (most recent call last):
  File "/home/airflow/.local/lib/python3.12/site-packages/airflow/models/dagbag.py", line 447, in _process_modules
    dag.validate()
  File "/home/airflow/.local/lib/python3.12/site-packages/airflow/models/dag.py", line 775, in validate
    self.timetable.validate()
  File "/home/airflow/.local/lib/python3.12/site-packages/airflow/timetables/_cron.py", line 102, in validate
    raise AirflowTimetableInvalid(str(e))
airflow.exceptions.AirflowTimetableInvalid: Exactly 5 or 6 columns has to be specified for iterator expression.
[2026-04-19T14:35:39.987+0000] {processor.py:842} WARNING - No viable dags retrieved from /opt/airflow/dags/dag_pertamaku.py
[2026-04-19T14:35:40.008+0000] {processor.py:183} INFO - Processing /opt/airflow/dags/dag_pertamaku.py took 0.081 seconds
[2026-04-19T14:35:44.277+0000] {processor.py:161} INFO - Started process (PID=471) to work on /opt/airflow/dags/dag_pertamaku.py
[2026-04-19T14:35:44.278+0000] {processor.py:830} INFO - Processing file /opt/airflow/dags/dag_pertamaku.py for tasks to queue
[2026-04-19T14:35:44.280+0000] {logging_mixin.py:188} INFO - [2026-04-19T14:35:44.279+0000] {dagbag.py:545} INFO - Filling up the DagBag from /opt/airflow/dags/dag_pertamaku.py
[2026-04-19T14:35:44.339+0000] {logging_mixin.py:188} INFO - [2026-04-19T14:35:44.338+0000] {dagbag.py:355} ERROR - Failed to import: /opt/airflow/dags/dag_pertamaku.py
Traceback (most recent call last):
  File "/home/airflow/.local/lib/python3.12/site-packages/airflow/models/dagbag.py", line 351, in parse
    loader.exec_module(new_module)
  File "<frozen importlib._bootstrap_external>", line 991, in exec_module
  File "<frozen importlib._bootstrap_external>", line 1129, in get_code
  File "<frozen importlib._bootstrap_external>", line 1059, in source_to_code
  File "<frozen importlib._bootstrap>", line 488, in _call_with_frames_removed
  File "/opt/airflow/dags/dag_pertamaku.py", line 17
    schedule_interval='none,
                      ^
SyntaxError: unterminated string literal (detected at line 17)
[2026-04-19T14:35:44.340+0000] {processor.py:842} WARNING - No viable dags retrieved from /opt/airflow/dags/dag_pertamaku.py
[2026-04-19T14:35:44.360+0000] {processor.py:183} INFO - Processing /opt/airflow/dags/dag_pertamaku.py took 0.091 seconds
[2026-04-19T14:35:47.417+0000] {processor.py:161} INFO - Started process (PID=476) to work on /opt/airflow/dags/dag_pertamaku.py
[2026-04-19T14:35:47.419+0000] {processor.py:830} INFO - Processing file /opt/airflow/dags/dag_pertamaku.py for tasks to queue
[2026-04-19T14:35:47.421+0000] {logging_mixin.py:188} INFO - [2026-04-19T14:35:47.421+0000] {dagbag.py:545} INFO - Filling up the DagBag from /opt/airflow/dags/dag_pertamaku.py
[2026-04-19T14:35:47.516+0000] {processor.py:840} INFO - DAG(s) 'dag_pertama_v02' retrieved from /opt/airflow/dags/dag_pertamaku.py
[2026-04-19T14:35:47.623+0000] {logging_mixin.py:188} INFO - [2026-04-19T14:35:47.622+0000] {dag.py:3096} INFO - Sync 1 DAGs
[2026-04-19T14:35:47.634+0000] {logging_mixin.py:188} INFO - [2026-04-19T14:35:47.634+0000] {dag.py:3954} INFO - Setting next_dagrun for dag_pertama_v02 to None, run_after=None
[2026-04-19T14:35:47.684+0000] {processor.py:183} INFO - Processing /opt/airflow/dags/dag_pertamaku.py took 0.278 seconds
[2026-04-19T14:36:18.244+0000] {processor.py:161} INFO - Started process (PID=483) to work on /opt/airflow/dags/dag_pertamaku.py
[2026-04-19T14:36:18.245+0000] {processor.py:830} INFO - Processing file /opt/airflow/dags/dag_pertamaku.py for tasks to queue
[2026-04-19T14:36:18.247+0000] {logging_mixin.py:188} INFO - [2026-04-19T14:36:18.247+0000] {dagbag.py:545} INFO - Filling up the DagBag from /opt/airflow/dags/dag_pertamaku.py
[2026-04-19T14:36:18.281+0000] {processor.py:840} INFO - DAG(s) 'dag_pertama_v02' retrieved from /opt/airflow/dags/dag_pertamaku.py
[2026-04-19T14:36:18.305+0000] {logging_mixin.py:188} INFO - [2026-04-19T14:36:18.305+0000] {dag.py:3096} INFO - Sync 1 DAGs
[2026-04-19T14:36:18.316+0000] {logging_mixin.py:188} INFO - [2026-04-19T14:36:18.316+0000] {dag.py:3954} INFO - Setting next_dagrun for dag_pertama_v02 to None, run_after=None
[2026-04-19T14:36:18.340+0000] {processor.py:183} INFO - Processing /opt/airflow/dags/dag_pertamaku.py took 0.106 seconds
[2026-04-19T14:36:48.892+0000] {processor.py:161} INFO - Started process (PID=488) to work on /opt/airflow/dags/dag_pertamaku.py
[2026-04-19T14:36:48.894+0000] {processor.py:830} INFO - Processing file /opt/airflow/dags/dag_pertamaku.py for tasks to queue
[2026-04-19T14:36:48.896+0000] {logging_mixin.py:188} INFO - [2026-04-19T14:36:48.895+0000] {dagbag.py:545} INFO - Filling up the DagBag from /opt/airflow/dags/dag_pertamaku.py
[2026-04-19T14:36:48.943+0000] {processor.py:840} INFO - DAG(s) 'dag_pertama_v02' retrieved from /opt/airflow/dags/dag_pertamaku.py
[2026-04-19T14:36:48.973+0000] {logging_mixin.py:188} INFO - [2026-04-19T14:36:48.973+0000] {dag.py:3096} INFO - Sync 1 DAGs
[2026-04-19T14:36:48.984+0000] {logging_mixin.py:188} INFO - [2026-04-19T14:36:48.984+0000] {dag.py:3954} INFO - Setting next_dagrun for dag_pertama_v02 to None, run_after=None
[2026-04-19T14:36:49.005+0000] {processor.py:183} INFO - Processing /opt/airflow/dags/dag_pertamaku.py took 0.122 seconds
[2026-04-19T14:37:19.733+0000] {processor.py:161} INFO - Started process (PID=493) to work on /opt/airflow/dags/dag_pertamaku.py
[2026-04-19T14:37:19.735+0000] {processor.py:830} INFO - Processing file /opt/airflow/dags/dag_pertamaku.py for tasks to queue
[2026-04-19T14:37:19.736+0000] {logging_mixin.py:188} INFO - [2026-04-19T14:37:19.736+0000] {dagbag.py:545} INFO - Filling up the DagBag from /opt/airflow/dags/dag_pertamaku.py
[2026-04-19T14:37:19.793+0000] {processor.py:840} INFO - DAG(s) 'dag_pertama_v02' retrieved from /opt/airflow/dags/dag_pertamaku.py
[2026-04-19T14:37:19.817+0000] {logging_mixin.py:188} INFO - [2026-04-19T14:37:19.817+0000] {dag.py:3096} INFO - Sync 1 DAGs
[2026-04-19T14:37:19.828+0000] {logging_mixin.py:188} INFO - [2026-04-19T14:37:19.827+0000] {dag.py:3954} INFO - Setting next_dagrun for dag_pertama_v02 to None, run_after=None
[2026-04-19T14:37:19.847+0000] {processor.py:183} INFO - Processing /opt/airflow/dags/dag_pertamaku.py took 0.123 seconds
[2026-04-19T14:37:50.520+0000] {processor.py:161} INFO - Started process (PID=498) to work on /opt/airflow/dags/dag_pertamaku.py
[2026-04-19T14:37:50.521+0000] {processor.py:830} INFO - Processing file /opt/airflow/dags/dag_pertamaku.py for tasks to queue
[2026-04-19T14:37:50.522+0000] {logging_mixin.py:188} INFO - [2026-04-19T14:37:50.522+0000] {dagbag.py:545} INFO - Filling up the DagBag from /opt/airflow/dags/dag_pertamaku.py
[2026-04-19T14:37:50.599+0000] {processor.py:840} INFO - DAG(s) 'dag_pertama_v02' retrieved from /opt/airflow/dags/dag_pertamaku.py
[2026-04-19T14:37:50.623+0000] {logging_mixin.py:188} INFO - [2026-04-19T14:37:50.623+0000] {dag.py:3096} INFO - Sync 1 DAGs
[2026-04-19T14:37:50.633+0000] {logging_mixin.py:188} INFO - [2026-04-19T14:37:50.633+0000] {dag.py:3954} INFO - Setting next_dagrun for dag_pertama_v02 to None, run_after=None
[2026-04-19T14:37:50.662+0000] {processor.py:183} INFO - Processing /opt/airflow/dags/dag_pertamaku.py took 0.154 seconds
[2026-04-19T14:38:21.160+0000] {processor.py:161} INFO - Started process (PID=503) to work on /opt/airflow/dags/dag_pertamaku.py
[2026-04-19T14:38:21.164+0000] {processor.py:830} INFO - Processing file /opt/airflow/dags/dag_pertamaku.py for tasks to queue
[2026-04-19T14:38:21.165+0000] {logging_mixin.py:188} INFO - [2026-04-19T14:38:21.165+0000] {dagbag.py:545} INFO - Filling up the DagBag from /opt/airflow/dags/dag_pertamaku.py
[2026-04-19T14:38:21.224+0000] {processor.py:840} INFO - DAG(s) 'dag_pertama_v02' retrieved from /opt/airflow/dags/dag_pertamaku.py
[2026-04-19T14:38:21.246+0000] {logging_mixin.py:188} INFO - [2026-04-19T14:38:21.245+0000] {dag.py:3096} INFO - Sync 1 DAGs
[2026-04-19T14:38:21.256+0000] {logging_mixin.py:188} INFO - [2026-04-19T14:38:21.256+0000] {dag.py:3954} INFO - Setting next_dagrun for dag_pertama_v02 to None, run_after=None
[2026-04-19T14:38:21.277+0000] {processor.py:183} INFO - Processing /opt/airflow/dags/dag_pertamaku.py took 0.122 seconds
[2026-04-19T14:38:51.849+0000] {processor.py:161} INFO - Started process (PID=508) to work on /opt/airflow/dags/dag_pertamaku.py
[2026-04-19T14:38:51.851+0000] {processor.py:830} INFO - Processing file /opt/airflow/dags/dag_pertamaku.py for tasks to queue
[2026-04-19T14:38:51.856+0000] {logging_mixin.py:188} INFO - [2026-04-19T14:38:51.855+0000] {dagbag.py:545} INFO - Filling up the DagBag from /opt/airflow/dags/dag_pertamaku.py
[2026-04-19T14:38:51.889+0000] {processor.py:840} INFO - DAG(s) 'dag_pertama_v02' retrieved from /opt/airflow/dags/dag_pertamaku.py
[2026-04-19T14:38:51.916+0000] {logging_mixin.py:188} INFO - [2026-04-19T14:38:51.915+0000] {dag.py:3096} INFO - Sync 1 DAGs
[2026-04-19T14:38:51.927+0000] {logging_mixin.py:188} INFO - [2026-04-19T14:38:51.927+0000] {dag.py:3954} INFO - Setting next_dagrun for dag_pertama_v02 to None, run_after=None
[2026-04-19T14:38:51.950+0000] {processor.py:183} INFO - Processing /opt/airflow/dags/dag_pertamaku.py took 0.107 seconds
