[2026-04-20T14:50:28.965+0000] {local_task_job_runner.py:120} INFO - ::group::Pre task execution logs
[2026-04-20T14:50:28.994+0000] {taskinstance.py:2076} INFO - Dependencies all met for dep_context=non-requeueable deps ti=<TaskInstance: dag_pertama_v03.bash_halo_task_2 manual__2026-04-20T14:50:26.553227+00:00 [queued]>
[2026-04-20T14:50:29.001+0000] {taskinstance.py:2076} INFO - Dependencies all met for dep_context=requeueable deps ti=<TaskInstance: dag_pertama_v03.bash_halo_task_2 manual__2026-04-20T14:50:26.553227+00:00 [queued]>
[2026-04-20T14:50:29.002+0000] {taskinstance.py:2306} INFO - Starting attempt 1 of 2
[2026-04-20T14:50:29.013+0000] {taskinstance.py:2330} INFO - Executing <Task(BashOperator): bash_halo_task_2> on 2026-04-20 14:50:26.553227+00:00
[2026-04-20T14:50:29.022+0000] {logging_mixin.py:188} WARNING - /home/***/.local/lib/python3.12/site-packages/***/task/task_runner/standard_task_runner.py:61 DeprecationWarning: This process (pid=351) is multi-threaded, use of fork() may lead to deadlocks in the child.
[2026-04-20T14:50:29.023+0000] {standard_task_runner.py:63} INFO - Started process 355 to run task
[2026-04-20T14:50:29.023+0000] {standard_task_runner.py:90} INFO - Running: ['***', 'tasks', 'run', 'dag_pertama_v03', 'bash_halo_task_2', 'manual__2026-04-20T14:50:26.553227+00:00', '--job-id', '30', '--raw', '--subdir', 'DAGS_FOLDER/dag_pertamaku.py', '--cfg-path', '/tmp/tmp11bvfzs1']
[2026-04-20T14:50:29.026+0000] {standard_task_runner.py:91} INFO - Job 30: Subtask bash_halo_task_2
[2026-04-20T14:50:29.093+0000] {task_command.py:426} INFO - Running <TaskInstance: dag_pertama_v03.bash_halo_task_2 manual__2026-04-20T14:50:26.553227+00:00 [running]> on host 059fc976bbed
[2026-04-20T14:50:29.163+0000] {taskinstance.py:2648} INFO - Exporting env vars: AIRFLOW_CTX_DAG_OWNER='***' AIRFLOW_CTX_DAG_ID='dag_pertama_v03' AIRFLOW_CTX_TASK_ID='bash_halo_task_2' AIRFLOW_CTX_EXECUTION_DATE='2026-04-20T14:50:26.553227+00:00' AIRFLOW_CTX_TRY_NUMBER='1' AIRFLOW_CTX_DAG_RUN_ID='manual__2026-04-20T14:50:26.553227+00:00'
[2026-04-20T14:50:29.165+0000] {taskinstance.py:430} INFO - ::endgroup::
[2026-04-20T14:50:29.174+0000] {subprocess.py:63} INFO - Tmp dir root location: /tmp
[2026-04-20T14:50:29.176+0000] {subprocess.py:75} INFO - Running command: ['/usr/bin/bash', '-c', 'echo "halo dari bash operator 2"']
[2026-04-20T14:50:29.183+0000] {subprocess.py:86} INFO - Output:
[2026-04-20T14:50:29.185+0000] {subprocess.py:93} INFO - halo dari bash operator 2
[2026-04-20T14:50:29.186+0000] {subprocess.py:97} INFO - Command exited with return code 0
[2026-04-20T14:50:29.187+0000] {taskinstance.py:441} INFO - ::group::Post task execution logs
[2026-04-20T14:50:29.204+0000] {taskinstance.py:1206} INFO - Marking task as SUCCESS. dag_id=dag_pertama_v03, task_id=bash_halo_task_2, run_id=manual__2026-04-20T14:50:26.553227+00:00, execution_date=20260420T145026, start_date=20260420T145028, end_date=20260420T145029
[2026-04-20T14:50:29.237+0000] {local_task_job_runner.py:240} INFO - Task exited with return code 0
[2026-04-20T14:50:29.250+0000] {taskinstance.py:3503} INFO - 0 downstream tasks scheduled from follow-on schedule check
[2026-04-20T14:50:29.252+0000] {local_task_job_runner.py:222} INFO - ::endgroup::
