[2026-04-20T16:02:33.247+0000] {local_task_job_runner.py:120} INFO - ::group::Pre task execution logs
[2026-04-20T16:02:33.289+0000] {taskinstance.py:2076} INFO - Dependencies all met for dep_context=non-requeueable deps ti=<TaskInstance: dag_trigger_rule_v02.task_1 manual__2026-04-20T16:02:32.627760+00:00 [queued]>
[2026-04-20T16:02:33.298+0000] {taskinstance.py:2076} INFO - Dependencies all met for dep_context=requeueable deps ti=<TaskInstance: dag_trigger_rule_v02.task_1 manual__2026-04-20T16:02:32.627760+00:00 [queued]>
[2026-04-20T16:02:33.299+0000] {taskinstance.py:2306} INFO - Starting attempt 1 of 1
[2026-04-20T16:02:33.313+0000] {taskinstance.py:2330} INFO - Executing <Task(PythonOperator): task_1> on 2026-04-20 16:02:32.627760+00:00
[2026-04-20T16:02:33.321+0000] {standard_task_runner.py:90} INFO - Running: ['***', 'tasks', 'run', 'dag_trigger_rule_v02', 'task_1', 'manual__2026-04-20T16:02:32.627760+00:00', '--job-id', '18', '--raw', '--subdir', 'DAGS_FOLDER/dag_trigger.py', '--cfg-path', '/tmp/tmp9zetfbiq']
[2026-04-20T16:02:33.324+0000] {standard_task_runner.py:91} INFO - Job 18: Subtask task_1
[2026-04-20T16:02:33.328+0000] {logging_mixin.py:188} WARNING - /home/***/.local/lib/python3.12/site-packages/***/task/task_runner/standard_task_runner.py:61 DeprecationWarning: This process (pid=2642) is multi-threaded, use of fork() may lead to deadlocks in the child.
[2026-04-20T16:02:33.329+0000] {standard_task_runner.py:63} INFO - Started process 2645 to run task
[2026-04-20T16:02:33.395+0000] {task_command.py:426} INFO - Running <TaskInstance: dag_trigger_rule_v02.task_1 manual__2026-04-20T16:02:32.627760+00:00 [running]> on host 275edd667a3c
[2026-04-20T16:02:33.473+0000] {taskinstance.py:2648} INFO - Exporting env vars: AIRFLOW_CTX_DAG_OWNER='***' AIRFLOW_CTX_DAG_ID='dag_trigger_rule_v02' AIRFLOW_CTX_TASK_ID='task_1' AIRFLOW_CTX_EXECUTION_DATE='2026-04-20T16:02:32.627760+00:00' AIRFLOW_CTX_TRY_NUMBER='1' AIRFLOW_CTX_DAG_RUN_ID='manual__2026-04-20T16:02:32.627760+00:00'
[2026-04-20T16:02:33.475+0000] {taskinstance.py:430} INFO - ::endgroup::
[2026-04-20T16:02:33.492+0000] {taskinstance.py:441} INFO - ::group::Post task execution logs
[2026-04-20T16:02:33.494+0000] {taskinstance.py:2905} ERROR - Task failed with exception
Traceback (most recent call last):
  File "/home/airflow/.local/lib/python3.12/site-packages/airflow/models/taskinstance.py", line 465, in _execute_task
    result = _execute_callable(context=context, **execute_callable_kwargs)
             ^^^^^^^^^^^^^^^^^^^^^^^^^^^^^^^^^^^^^^^^^^^^^^^^^^^^^^^^^^^^^
  File "/home/airflow/.local/lib/python3.12/site-packages/airflow/models/taskinstance.py", line 432, in _execute_callable
    return execute_callable(context=context, **execute_callable_kwargs)
           ^^^^^^^^^^^^^^^^^^^^^^^^^^^^^^^^^^^^^^^^^^^^^^^^^^^^^^^^^^^^
  File "/home/airflow/.local/lib/python3.12/site-packages/airflow/models/baseoperator.py", line 401, in wrapper
    return func(self, *args, **kwargs)
           ^^^^^^^^^^^^^^^^^^^^^^^^^^^
  File "/home/airflow/.local/lib/python3.12/site-packages/airflow/operators/python.py", line 235, in execute
    return_value = self.execute_callable()
                   ^^^^^^^^^^^^^^^^^^^^^^^
  File "/home/airflow/.local/lib/python3.12/site-packages/airflow/operators/python.py", line 252, in execute_callable
    return self.python_callable(*self.op_args, **self.op_kwargs)
           ^^^^^^^^^^^^^^^^^^^^^^^^^^^^^^^^^^^^^^^^^^^^^^^^^^^^^
  File "/opt/airflow/dags/dag_trigger.py", line 6, in gagal
    raise ValueError("Sengaja gagal")
ValueError: Sengaja gagal
[2026-04-20T16:02:33.518+0000] {taskinstance.py:1206} INFO - Marking task as FAILED. dag_id=dag_trigger_rule_v02, task_id=task_1, run_id=manual__2026-04-20T16:02:32.627760+00:00, execution_date=20260420T160232, start_date=20260420T160233, end_date=20260420T160233
[2026-04-20T16:02:33.531+0000] {standard_task_runner.py:110} ERROR - Failed to execute job 18 for task task_1 (Sengaja gagal; 2645)
[2026-04-20T16:02:33.546+0000] {local_task_job_runner.py:240} INFO - Task exited with return code 1
[2026-04-20T16:02:33.554+0000] {local_task_job_runner.py:222} INFO - ::endgroup::
