[2026-04-28T06:25:49.432+0000] {local_task_job_runner.py:120} INFO - ::group::Pre task execution logs
[2026-04-28T06:25:49.452+0000] {taskinstance.py:2076} INFO - Dependencies all met for dep_context=non-requeueable deps ti=<TaskInstance: etl_geospatial_surabaya.load_to_postgis_database manual__2026-04-28T06:20:41.796574+00:00 [queued]>
[2026-04-28T06:25:49.459+0000] {taskinstance.py:2076} INFO - Dependencies all met for dep_context=requeueable deps ti=<TaskInstance: etl_geospatial_surabaya.load_to_postgis_database manual__2026-04-28T06:20:41.796574+00:00 [queued]>
[2026-04-28T06:25:49.460+0000] {taskinstance.py:2306} INFO - Starting attempt 2 of 2
[2026-04-28T06:25:49.472+0000] {taskinstance.py:2330} INFO - Executing <Task(PythonOperator): load_to_postgis_database> on 2026-04-28 06:20:41.796574+00:00
[2026-04-28T06:25:49.481+0000] {logging_mixin.py:188} WARNING - /home/***/.local/lib/python3.12/site-packages/***/task/task_runner/standard_task_runner.py:61 DeprecationWarning: This process (pid=545) is multi-threaded, use of fork() may lead to deadlocks in the child.
[2026-04-28T06:25:49.479+0000] {standard_task_runner.py:90} INFO - Running: ['***', 'tasks', 'run', 'etl_geospatial_surabaya', 'load_to_postgis_database', 'manual__2026-04-28T06:20:41.796574+00:00', '--job-id', '42', '--raw', '--subdir', 'DAGS_FOLDER/dag_geospatial.py', '--cfg-path', '/tmp/tmp6ph8x1cz']
[2026-04-28T06:25:49.482+0000] {standard_task_runner.py:63} INFO - Started process 547 to run task
[2026-04-28T06:25:49.483+0000] {standard_task_runner.py:91} INFO - Job 42: Subtask load_to_postgis_database
[2026-04-28T06:25:49.575+0000] {task_command.py:426} INFO - Running <TaskInstance: etl_geospatial_surabaya.load_to_postgis_database manual__2026-04-28T06:20:41.796574+00:00 [running]> on host 04581377e25d
[2026-04-28T06:25:49.647+0000] {taskinstance.py:2648} INFO - Exporting env vars: AIRFLOW_CTX_DAG_OWNER='dimas' AIRFLOW_CTX_DAG_ID='etl_geospatial_surabaya' AIRFLOW_CTX_TASK_ID='load_to_postgis_database' AIRFLOW_CTX_EXECUTION_DATE='2026-04-28T06:20:41.796574+00:00' AIRFLOW_CTX_TRY_NUMBER='2' AIRFLOW_CTX_DAG_RUN_ID='manual__2026-04-28T06:20:41.796574+00:00'
[2026-04-28T06:25:49.649+0000] {taskinstance.py:430} INFO - ::endgroup::
[2026-04-28T06:25:49.667+0000] {logging_mixin.py:188} INFO - Membaca data dari: /opt/***/dags/modules/../health_facilities.geojson
[2026-04-28T06:25:49.736+0000] {logging_mixin.py:188} INFO - Memasukkan data ke tabel health_facilities...
[2026-04-28T06:25:49.823+0000] {taskinstance.py:441} INFO - ::group::Post task execution logs
[2026-04-28T06:25:49.824+0000] {taskinstance.py:2905} ERROR - Task failed with exception
Traceback (most recent call last):
  File "/home/airflow/.local/lib/python3.12/site-packages/airflow/models/taskinstance.py", line 465, in _execute_task
    result = _execute_callable(context=context, **execute_callable_kwargs)
             ^^^^^^^^^^^^^^^^^^^^^^^^^^^^^^^^^^^^^^^^^^^^^^^^^^^^^^^^^^^^^
  File "/home/airflow/.local/lib/python3.12/site-packages/airflow/models/taskinstance.py", line 432, in _execute_callable
    return execute_callable(context=context, **execute_callable_kwargs)
           ^^^^^^^^^^^^^^^^^^^^^^^^^^^^^^^^^^^^^^^^^^^^^^^^^^^^^^^^^^^^
  File "/home/airflow/.local/lib/python3.12/site-packages/airflow/models/baseoperator.py", line 401, in wrapper
    return func(self, *args, **kwargs)
           ^^^^^^^^^^^^^^^^^^^^^^^^^^^
  File "/home/airflow/.local/lib/python3.12/site-packages/airflow/operators/python.py", line 235, in execute
    return_value = self.execute_callable()
                   ^^^^^^^^^^^^^^^^^^^^^^^
  File "/home/airflow/.local/lib/python3.12/site-packages/airflow/operators/python.py", line 252, in execute_callable
    return self.python_callable(*self.op_args, **self.op_kwargs)
           ^^^^^^^^^^^^^^^^^^^^^^^^^^^^^^^^^^^^^^^^^^^^^^^^^^^^^
  File "/opt/airflow/dags/modules/load_to_postgis.py", line 36, in load_data_to_postgis
    conn.commit()
    ^^^^^^^^^^^
AttributeError: 'Connection' object has no attribute 'commit'
[2026-04-28T06:25:49.848+0000] {taskinstance.py:1206} INFO - Marking task as FAILED. dag_id=etl_geospatial_surabaya, task_id=load_to_postgis_database, run_id=manual__2026-04-28T06:20:41.796574+00:00, execution_date=20260428T062041, start_date=20260428T062549, end_date=20260428T062549
[2026-04-28T06:25:49.858+0000] {standard_task_runner.py:110} ERROR - Failed to execute job 42 for task load_to_postgis_database ('Connection' object has no attribute 'commit'; 547)
[2026-04-28T06:25:49.903+0000] {local_task_job_runner.py:240} INFO - Task exited with return code 1
[2026-04-28T06:25:49.923+0000] {taskinstance.py:3503} INFO - 0 downstream tasks scheduled from follow-on schedule check
[2026-04-28T06:25:49.928+0000] {local_task_job_runner.py:222} INFO - ::endgroup::
