[2026-04-20T15:08:06.666+0000] {local_task_job_runner.py:120} INFO - ::group::Pre task execution logs
[2026-04-20T15:08:06.705+0000] {taskinstance.py:2076} INFO - Dependencies all met for dep_context=non-requeueable deps ti=<TaskInstance: dag_postgres.create_table manual__2026-04-20T15:08:05.736066+00:00 [queued]>
[2026-04-20T15:08:06.714+0000] {taskinstance.py:2076} INFO - Dependencies all met for dep_context=requeueable deps ti=<TaskInstance: dag_postgres.create_table manual__2026-04-20T15:08:05.736066+00:00 [queued]>
[2026-04-20T15:08:06.715+0000] {taskinstance.py:2306} INFO - Starting attempt 1 of 2
[2026-04-20T15:08:06.729+0000] {taskinstance.py:2330} INFO - Executing <Task(PostgresOperator): create_table> on 2026-04-20 15:08:05.736066+00:00
[2026-04-20T15:08:06.736+0000] {standard_task_runner.py:90} INFO - Running: ['***', 'tasks', 'run', 'dag_postgres', 'create_table', 'manual__2026-04-20T15:08:05.736066+00:00', '--job-id', '2', '--raw', '--subdir', 'DAGS_FOLDER/dag_connection.py', '--cfg-path', '/tmp/tmpzp8w0kqv']
[2026-04-20T15:08:06.738+0000] {logging_mixin.py:188} WARNING - /home/***/.local/lib/python3.12/site-packages/***/task/task_runner/standard_task_runner.py:61 DeprecationWarning: This process (pid=287) is multi-threaded, use of fork() may lead to deadlocks in the child.
[2026-04-20T15:08:06.740+0000] {standard_task_runner.py:91} INFO - Job 2: Subtask create_table
[2026-04-20T15:08:06.742+0000] {standard_task_runner.py:63} INFO - Started process 288 to run task
[2026-04-20T15:08:06.811+0000] {task_command.py:426} INFO - Running <TaskInstance: dag_postgres.create_table manual__2026-04-20T15:08:05.736066+00:00 [running]> on host 275edd667a3c
[2026-04-20T15:08:06.890+0000] {taskinstance.py:2648} INFO - Exporting env vars: AIRFLOW_CTX_DAG_OWNER='***' AIRFLOW_CTX_DAG_ID='dag_postgres' AIRFLOW_CTX_TASK_ID='create_table' AIRFLOW_CTX_EXECUTION_DATE='2026-04-20T15:08:05.736066+00:00' AIRFLOW_CTX_TRY_NUMBER='1' AIRFLOW_CTX_DAG_RUN_ID='manual__2026-04-20T15:08:05.736066+00:00'
[2026-04-20T15:08:06.892+0000] {taskinstance.py:430} INFO - ::endgroup::
[2026-04-20T15:08:06.927+0000] {sql.py:276} INFO - Executing: 
			CREATE TABLE IF NOT EXISTS karyawan (
			    id SERIAL PRIMARY KEY,
			    nama TEXT NOT NULL,
			    tanggal_lahir DATE NOT NULL
			);
			
			INSERT INTO karyawan (nama, tanggal_lahir) VALUES
			('Andi Saputra', '1990-03-15'),
			('Budi Santoso', '1988-07-22'),
			('Citra Lestari', '1992-11-30'),
			('Dewi Anggraini', '1985-01-10'),
			('Eko Prasetyo', '1995-05-05'),
			('Fajar Nugroho', '1993-12-01'),
			('Gita Permata', '1989-08-19'),
			('Hendra Wijaya', '1991-02-14'),
			('Intan Maharani', '1994-06-25'),
			('Joko Susilo', '1987-09-09');
    
[2026-04-20T15:08:06.936+0000] {base.py:84} INFO - Using connection ID 'postgres_con' for task execution.
[2026-04-20T15:08:06.948+0000] {base.py:84} INFO - Using connection ID 'postgres_con' for task execution.
[2026-04-20T15:08:07.049+0000] {sql.py:487} INFO - Running statement: 
			CREATE TABLE IF NOT EXISTS karyawan (
			    id SERIAL PRIMARY KEY,
			    nama TEXT NOT NULL,
			    tanggal_lahir DATE NOT NULL
			);
			
			INSERT INTO karyawan (nama, tanggal_lahir) VALUES
			('Andi Saputra', '1990-03-15'),
			('Budi Santoso', '1988-07-22'),
			('Citra Lestari', '1992-11-30'),
			('Dewi Anggraini', '1985-01-10'),
			('Eko Prasetyo', '1995-05-05'),
			('Fajar Nugroho', '1993-12-01'),
			('Gita Permata', '1989-08-19'),
			('Hendra Wijaya', '1991-02-14'),
			('Intan Maharani', '1994-06-25'),
			('Joko Susilo', '1987-09-09');
    , parameters: None
[2026-04-20T15:08:07.069+0000] {sql.py:496} INFO - Rows affected: 10
[2026-04-20T15:08:07.075+0000] {taskinstance.py:441} INFO - ::group::Post task execution logs
[2026-04-20T15:08:07.083+0000] {taskinstance.py:1206} INFO - Marking task as SUCCESS. dag_id=dag_postgres, task_id=create_table, run_id=manual__2026-04-20T15:08:05.736066+00:00, execution_date=20260420T150805, start_date=20260420T150806, end_date=20260420T150807
[2026-04-20T15:08:07.118+0000] {local_task_job_runner.py:240} INFO - Task exited with return code 0
[2026-04-20T15:08:07.133+0000] {taskinstance.py:3503} INFO - 0 downstream tasks scheduled from follow-on schedule check
[2026-04-20T15:08:07.135+0000] {local_task_job_runner.py:222} INFO - ::endgroup::
