[2026-04-20T15:18:59.247+0000] {local_task_job_runner.py:120} INFO - ::group::Pre task execution logs
[2026-04-20T15:18:59.279+0000] {taskinstance.py:2076} INFO - Dependencies all met for dep_context=non-requeueable deps ti=<TaskInstance: dag_sensor.create_table manual__2026-04-20T15:17:44.636957+00:00 [queued]>
[2026-04-20T15:18:59.287+0000] {taskinstance.py:2076} INFO - Dependencies all met for dep_context=requeueable deps ti=<TaskInstance: dag_sensor.create_table manual__2026-04-20T15:17:44.636957+00:00 [queued]>
[2026-04-20T15:18:59.288+0000] {taskinstance.py:2306} INFO - Starting attempt 1 of 2
[2026-04-20T15:18:59.303+0000] {taskinstance.py:2330} INFO - Executing <Task(PostgresOperator): create_table> on 2026-04-20 15:17:44.636957+00:00
[2026-04-20T15:18:59.311+0000] {standard_task_runner.py:90} INFO - Running: ['***', 'tasks', 'run', 'dag_sensor', 'create_table', 'manual__2026-04-20T15:17:44.636957+00:00', '--job-id', '4', '--raw', '--subdir', 'DAGS_FOLDER/dag_sensor.py', '--cfg-path', '/tmp/tmpvanzcju7']
[2026-04-20T15:18:59.313+0000] {logging_mixin.py:188} WARNING - /home/***/.local/lib/python3.12/site-packages/***/task/task_runner/standard_task_runner.py:61 DeprecationWarning: This process (pid=521) is multi-threaded, use of fork() may lead to deadlocks in the child.
[2026-04-20T15:18:59.314+0000] {standard_task_runner.py:91} INFO - Job 4: Subtask create_table
[2026-04-20T15:18:59.315+0000] {standard_task_runner.py:63} INFO - Started process 522 to run task
[2026-04-20T15:18:59.367+0000] {task_command.py:426} INFO - Running <TaskInstance: dag_sensor.create_table manual__2026-04-20T15:17:44.636957+00:00 [running]> on host 275edd667a3c
[2026-04-20T15:18:59.430+0000] {taskinstance.py:2648} INFO - Exporting env vars: AIRFLOW_CTX_DAG_OWNER='***' AIRFLOW_CTX_DAG_ID='dag_sensor' AIRFLOW_CTX_TASK_ID='create_table' AIRFLOW_CTX_EXECUTION_DATE='2026-04-20T15:17:44.636957+00:00' AIRFLOW_CTX_TRY_NUMBER='1' AIRFLOW_CTX_DAG_RUN_ID='manual__2026-04-20T15:17:44.636957+00:00'
[2026-04-20T15:18:59.430+0000] {taskinstance.py:430} INFO - ::endgroup::
[2026-04-20T15:18:59.443+0000] {sql.py:276} INFO - Executing: CREATE TABLE IF NOT EXISTS karyawan (
			    id SERIAL PRIMARY KEY,
			    nama TEXT NOT NULL,
			    tanggal_lahir DATE NOT NULL
			);
	
INSERT INTO karyawan (nama, tanggal_lahir) VALUES
('Andi Saputra', '1990-03-15'),
('Budi Santoso', '1988-07-22'),
('Citra Lestari', '1992-11-30'),
('Dewi Anggraini', '1985-01-10'),
('Eko Prasetyo', '1995-05-05'),
('Fajar Nugroho', '1993-12-01'),
('Gita Permata', '1989-08-19'),
('Hendra Wijaya', '1991-02-14'),
('Intan Maharani', '1994-06-25'),
('Joko Susilo', '1987-09-09');
[2026-04-20T15:18:59.450+0000] {base.py:84} INFO - Using connection ID 'postgres_con' for task execution.
[2026-04-20T15:18:59.463+0000] {base.py:84} INFO - Using connection ID 'postgres_con' for task execution.
[2026-04-20T15:18:59.480+0000] {sql.py:487} INFO - Running statement: CREATE TABLE IF NOT EXISTS karyawan (
			    id SERIAL PRIMARY KEY,
			    nama TEXT NOT NULL,
			    tanggal_lahir DATE NOT NULL
			);
	
INSERT INTO karyawan (nama, tanggal_lahir) VALUES
('Andi Saputra', '1990-03-15'),
('Budi Santoso', '1988-07-22'),
('Citra Lestari', '1992-11-30'),
('Dewi Anggraini', '1985-01-10'),
('Eko Prasetyo', '1995-05-05'),
('Fajar Nugroho', '1993-12-01'),
('Gita Permata', '1989-08-19'),
('Hendra Wijaya', '1991-02-14'),
('Intan Maharani', '1994-06-25'),
('Joko Susilo', '1987-09-09');, parameters: None
[2026-04-20T15:18:59.488+0000] {sql.py:496} INFO - Rows affected: 10
[2026-04-20T15:18:59.493+0000] {taskinstance.py:441} INFO - ::group::Post task execution logs
[2026-04-20T15:18:59.500+0000] {taskinstance.py:1206} INFO - Marking task as SUCCESS. dag_id=dag_sensor, task_id=create_table, run_id=manual__2026-04-20T15:17:44.636957+00:00, execution_date=20260420T151744, start_date=20260420T151859, end_date=20260420T151859
[2026-04-20T15:18:59.529+0000] {local_task_job_runner.py:240} INFO - Task exited with return code 0
[2026-04-20T15:18:59.542+0000] {taskinstance.py:3503} INFO - 0 downstream tasks scheduled from follow-on schedule check
[2026-04-20T15:18:59.545+0000] {local_task_job_runner.py:222} INFO - ::endgroup::
