[2026-04-27T16:50:33.243+0000] {local_task_job_runner.py:120} INFO - ::group::Pre task execution logs
[2026-04-27T16:50:33.267+0000] {taskinstance.py:2076} INFO - Dependencies all met for dep_context=non-requeueable deps ti=<TaskInstance: dag_project_de_etl.create_table manual__2026-04-27T16:50:27.910762+00:00 [queued]>
[2026-04-27T16:50:33.274+0000] {taskinstance.py:2076} INFO - Dependencies all met for dep_context=requeueable deps ti=<TaskInstance: dag_project_de_etl.create_table manual__2026-04-27T16:50:27.910762+00:00 [queued]>
[2026-04-27T16:50:33.275+0000] {taskinstance.py:2306} INFO - Starting attempt 1 of 1
[2026-04-27T16:50:33.286+0000] {taskinstance.py:2330} INFO - Executing <Task(PostgresOperator): create_table> on 2026-04-27 16:50:27.910762+00:00
[2026-04-27T16:50:33.293+0000] {standard_task_runner.py:90} INFO - Running: ['***', 'tasks', 'run', 'dag_project_de_etl', 'create_table', 'manual__2026-04-27T16:50:27.910762+00:00', '--job-id', '6', '--raw', '--subdir', 'DAGS_FOLDER/dag_etl.py', '--cfg-path', '/tmp/tmpqmurz1oc']
[2026-04-27T16:50:33.295+0000] {logging_mixin.py:188} WARNING - /home/***/.local/lib/python3.12/site-packages/***/task/task_runner/standard_task_runner.py:61 DeprecationWarning: This process (pid=317) is multi-threaded, use of fork() may lead to deadlocks in the child.
[2026-04-27T16:50:33.295+0000] {standard_task_runner.py:91} INFO - Job 6: Subtask create_table
[2026-04-27T16:50:33.296+0000] {standard_task_runner.py:63} INFO - Started process 318 to run task
[2026-04-27T16:50:33.403+0000] {task_command.py:426} INFO - Running <TaskInstance: dag_project_de_etl.create_table manual__2026-04-27T16:50:27.910762+00:00 [running]> on host d54136ac257b
[2026-04-27T16:50:33.485+0000] {taskinstance.py:2648} INFO - Exporting env vars: AIRFLOW_CTX_DAG_OWNER='dimas' AIRFLOW_CTX_DAG_ID='dag_project_de_etl' AIRFLOW_CTX_TASK_ID='create_table' AIRFLOW_CTX_EXECUTION_DATE='2026-04-27T16:50:27.910762+00:00' AIRFLOW_CTX_TRY_NUMBER='1' AIRFLOW_CTX_DAG_RUN_ID='manual__2026-04-27T16:50:27.910762+00:00'
[2026-04-27T16:50:33.487+0000] {taskinstance.py:430} INFO - ::endgroup::
[2026-04-27T16:50:33.498+0000] {sql.py:276} INFO - Executing: create table if not exists books (
    id serial,
    title text not null,
    author_name text,
    first_publish_year text
);
[2026-04-27T16:50:33.506+0000] {base.py:84} INFO - Using connection ID 'books_connection' for task execution.
[2026-04-27T16:50:33.514+0000] {base.py:84} INFO - Using connection ID 'books_connection' for task execution.
[2026-04-27T16:50:33.534+0000] {sql.py:487} INFO - Running statement: create table if not exists books (
    id serial,
    title text not null,
    author_name text,
    first_publish_year text
);, parameters: None
[2026-04-27T16:50:33.549+0000] {taskinstance.py:441} INFO - ::group::Post task execution logs
[2026-04-27T16:50:33.557+0000] {taskinstance.py:1206} INFO - Marking task as SUCCESS. dag_id=dag_project_de_etl, task_id=create_table, run_id=manual__2026-04-27T16:50:27.910762+00:00, execution_date=20260427T165027, start_date=20260427T165033, end_date=20260427T165033
[2026-04-27T16:50:33.604+0000] {local_task_job_runner.py:240} INFO - Task exited with return code 0
[2026-04-27T16:50:33.623+0000] {taskinstance.py:3503} INFO - 0 downstream tasks scheduled from follow-on schedule check
[2026-04-27T16:50:33.626+0000] {local_task_job_runner.py:222} INFO - ::endgroup::
