[2026-04-28T06:01:59.080+0000] {local_task_job_runner.py:120} INFO - ::group::Pre task execution logs
[2026-04-28T06:01:59.204+0000] {taskinstance.py:2076} INFO - Dependencies all met for dep_context=non-requeueable deps ti=<TaskInstance: etl_geospatial_surabaya.load_to_postgis_database manual__2026-04-28T06:01:51.265612+00:00 [queued]>
[2026-04-28T06:01:59.212+0000] {taskinstance.py:2076} INFO - Dependencies all met for dep_context=requeueable deps ti=<TaskInstance: etl_geospatial_surabaya.load_to_postgis_database manual__2026-04-28T06:01:51.265612+00:00 [queued]>
[2026-04-28T06:01:59.212+0000] {taskinstance.py:2306} INFO - Starting attempt 1 of 2
[2026-04-28T06:01:59.223+0000] {taskinstance.py:2330} INFO - Executing <Task(PythonOperator): load_to_postgis_database> on 2026-04-28 06:01:51.265612+00:00
[2026-04-28T06:01:59.230+0000] {standard_task_runner.py:90} INFO - Running: ['***', 'tasks', 'run', 'etl_geospatial_surabaya', 'load_to_postgis_database', 'manual__2026-04-28T06:01:51.265612+00:00', '--job-id', '21', '--raw', '--subdir', 'DAGS_FOLDER/dag_geospatial.py', '--cfg-path', '/tmp/tmpzz7s52ik']
[2026-04-28T06:01:59.231+0000] {logging_mixin.py:188} WARNING - /home/***/.local/lib/python3.12/site-packages/***/task/task_runner/standard_task_runner.py:61 DeprecationWarning: This process (pid=1049) is multi-threaded, use of fork() may lead to deadlocks in the child.
[2026-04-28T06:01:59.232+0000] {standard_task_runner.py:91} INFO - Job 21: Subtask load_to_postgis_database
[2026-04-28T06:01:59.233+0000] {standard_task_runner.py:63} INFO - Started process 1051 to run task
[2026-04-28T06:01:59.291+0000] {task_command.py:426} INFO - Running <TaskInstance: etl_geospatial_surabaya.load_to_postgis_database manual__2026-04-28T06:01:51.265612+00:00 [running]> on host 48bad9001baf
[2026-04-28T06:01:59.352+0000] {taskinstance.py:2648} INFO - Exporting env vars: AIRFLOW_CTX_DAG_OWNER='dimas' AIRFLOW_CTX_DAG_ID='etl_geospatial_surabaya' AIRFLOW_CTX_TASK_ID='load_to_postgis_database' AIRFLOW_CTX_EXECUTION_DATE='2026-04-28T06:01:51.265612+00:00' AIRFLOW_CTX_TRY_NUMBER='1' AIRFLOW_CTX_DAG_RUN_ID='manual__2026-04-28T06:01:51.265612+00:00'
[2026-04-28T06:01:59.354+0000] {taskinstance.py:430} INFO - ::endgroup::
[2026-04-28T06:01:59.383+0000] {taskinstance.py:441} INFO - ::group::Post task execution logs
[2026-04-28T06:01:59.385+0000] {taskinstance.py:2905} ERROR - Task failed with exception
Traceback (most recent call last):
  File "/home/airflow/.local/lib/python3.12/site-packages/airflow/models/taskinstance.py", line 465, in _execute_task
    result = _execute_callable(context=context, **execute_callable_kwargs)
             ^^^^^^^^^^^^^^^^^^^^^^^^^^^^^^^^^^^^^^^^^^^^^^^^^^^^^^^^^^^^^
  File "/home/airflow/.local/lib/python3.12/site-packages/airflow/models/taskinstance.py", line 432, in _execute_callable
    return execute_callable(context=context, **execute_callable_kwargs)
           ^^^^^^^^^^^^^^^^^^^^^^^^^^^^^^^^^^^^^^^^^^^^^^^^^^^^^^^^^^^^
  File "/home/airflow/.local/lib/python3.12/site-packages/airflow/models/baseoperator.py", line 401, in wrapper
    return func(self, *args, **kwargs)
           ^^^^^^^^^^^^^^^^^^^^^^^^^^^
  File "/home/airflow/.local/lib/python3.12/site-packages/airflow/operators/python.py", line 235, in execute
    return_value = self.execute_callable()
                   ^^^^^^^^^^^^^^^^^^^^^^^
  File "/home/airflow/.local/lib/python3.12/site-packages/airflow/operators/python.py", line 252, in execute_callable
    return self.python_callable(*self.op_args, **self.op_kwargs)
           ^^^^^^^^^^^^^^^^^^^^^^^^^^^^^^^^^^^^^^^^^^^^^^^^^^^^^
  File "/opt/airflow/dags/modules/load_to_postgis.py", line 9, in load_data_to_postgis
    gdf = gpd.read_file('airflow/dags/health_facilities.geojson')
          ^^^^^^^^^^^^^^^^^^^^^^^^^^^^^^^^^^^^^^^^^^^^^^^^^^^^^^^
  File "/home/airflow/.local/lib/python3.12/site-packages/geopandas/io/file.py", line 316, in _read_file
    return _read_file_pyogrio(
           ^^^^^^^^^^^^^^^^^^^
  File "/home/airflow/.local/lib/python3.12/site-packages/geopandas/io/file.py", line 576, in _read_file_pyogrio
    return pyogrio.read_dataframe(path_or_bytes, bbox=bbox, **kwargs)
           ^^^^^^^^^^^^^^^^^^^^^^^^^^^^^^^^^^^^^^^^^^^^^^^^^^^^^^^^^^
  File "/home/airflow/.local/lib/python3.12/site-packages/pyogrio/geopandas.py", line 382, in read_dataframe
    result = read_func(
             ^^^^^^^^^^
  File "/home/airflow/.local/lib/python3.12/site-packages/pyogrio/raw.py", line 200, in read
    return ogr_read(
           ^^^^^^^^^
  File "pyogrio/_io.pyx", line 1412, in pyogrio._io.ogr_read
  File "pyogrio/_io.pyx", line 262, in pyogrio._io.ogr_open
pyogrio.errors.DataSourceError: ***/dags/health_facilities.geojson: No such file or directory
[2026-04-28T06:01:59.413+0000] {taskinstance.py:1206} INFO - Marking task as UP_FOR_RETRY. dag_id=etl_geospatial_surabaya, task_id=load_to_postgis_database, run_id=manual__2026-04-28T06:01:51.265612+00:00, execution_date=20260428T060151, start_date=20260428T060159, end_date=20260428T060159
[2026-04-28T06:01:59.427+0000] {standard_task_runner.py:110} ERROR - Failed to execute job 21 for task load_to_postgis_database (***/dags/health_facilities.geojson: No such file or directory; 1051)
[2026-04-28T06:01:59.448+0000] {local_task_job_runner.py:240} INFO - Task exited with return code 1
[2026-04-28T06:01:59.460+0000] {taskinstance.py:3503} INFO - 0 downstream tasks scheduled from follow-on schedule check
[2026-04-28T06:01:59.463+0000] {local_task_job_runner.py:222} INFO - ::endgroup::
